2026-04-28 05:01:45,425  INFO      Using device: cuda
2026-04-28 05:01:46,301  INFO      Loaded data/processed/epoch_sweep_dataset.npz  |  X=(21696, 9, 300)  classes=24  subjects=10
2026-04-28 05:01:46,302  INFO      
── Fold 1/10  (test subject = 1) ──
2026-04-28 05:01:46,621  INFO      Using SpatialNeighborLoss  (CE + L/R penalty lr_w=0.50 + neighbor penalty nb_w=0.30)
2026-04-28 05:01:48,268  INFO        ep   1/400  tr_loss=2.0130  tr_acc=0.4169  val_loss=1.7113  val_acc=0.4914
2026-04-28 05:01:50,610  INFO        ep   5/400  tr_loss=1.1805  tr_acc=0.6892  val_loss=1.3192  val_acc=0.62822026-04-28 05:05:04,513  INFO        ep   5/5  tr_loss=1.1374  tr_acc=0.7111  val_loss=1.3962  val_acc=0.6070
2026-04-28 05:05:04,513  INFO        Fold 0 done  |  best_val_acc=0.6070  |  1404.5s
2026-04-28 05:05:04,514  INFO      
=== LOSO Complete ===
2026-04-28 05:05:04,514  INFO         Per-fold:  ['0.6070']
2026-04-28 05:05:04,514  INFO         Mean acc:  0.6070
2026-04-28 05:05:04,514  INFO         Results → checkpoints/epoch_sweep/best_final/loso_results.txt
1  INFO        ep  30/400  tr_loss=0.6797  tr_acc=0.8950  val_loss=1.1919  val_acc=0.7284
2026-04-28 05:02:08,009  INFO        ep  35/400  tr_loss=0.6585  tr_acc=0.9054  val_loss=1.2128  val_acc=0.7385
2026-04-28 05:02:10,906  INFO        ep  40/400  tr_loss=0.6196  tr_acc=0.9176  val_loss=1.0613  val_acc=0.7701
2026-04-28 05:02:13,798  INFO        ep  45/400  tr_loss=0.5895  tr_acc=0.9318  val_loss=1.2487  val_acc=0.7324
2026-04-28 05:02:16,687  INFO        ep  50/400  tr_loss=0.5951  tr_acc=0.9289  val_loss=1.1292  val_acc=0.7568
2026-04-28 05:02:19,578  INFO        ep  55/400  tr_loss=0.5722  tr_acc=0.9379  val_loss=1.2532  val_acc=0.7428
2026-04-28 05:02:22,470  INFO        ep  60/400  tr_loss=0.5411  tr_acc=0.9507  val_loss=1.1732  val_acc=0.7529
2026-04-28 05:02:25,366  INFO        ep  65/400  tr_loss=0.5307  tr_acc=0.9540  val_loss=1.1018  val_acc=0.7669
2026-04-28 05:02:28,268  INFO        ep  70/400  tr_loss=0.5251  tr_acc=0.9560  val_loss=1.1383  val_acc=0.7716
2026-04-28 05:02:31,174  INFO        ep  75/400  tr_loss=0.5051  tr_acc=0.9636  val_loss=1.0939  val_acc=0.7759
2026-04-28 05:02:34,098  INFO        ep  80/400  tr_loss=0.4943  tr_acc=0.9663  val_loss=1.1228  val_acc=0.7866
2026-04-28 05:02:37,012  INFO        ep  85/400  tr_loss=0.4929  tr_acc=0.9662  val_loss=1.1479  val_acc=0.7769
2026-04-28 05:02:39,929  INFO        ep  90/400  tr_loss=0.4854  tr_acc=0.9701  val_loss=1.0508  val_acc=0.7999
2026-04-28 05:02:42,857  INFO        ep  95/400  tr_loss=0.4716  tr_acc=0.9750  val_loss=0.9821  val_acc=0.8179
2026-04-28 05:02:45,775  INFO        ep 100/400  tr_loss=0.4675  tr_acc=0.9767  val_loss=1.0299  val_acc=0.8068
2026-04-28 05:02:48,699  INFO        ep 105/400  tr_loss=0.4624  tr_acc=0.9763  val_loss=0.9908  val_acc=0.8165
2026-04-28 05:02:51,621  INFO        ep 110/400  tr_loss=0.4648  tr_acc=0.9765  val_loss=1.0765  val_acc=0.8100
2026-04-28 05:02:54,550  INFO        ep 115/400  tr_loss=0.4688  tr_acc=0.9741  val_loss=1.0072  val_acc=0.8143
2026-04-28 05:02:57,470  INFO        ep 120/400  tr_loss=0.4523  tr_acc=0.9794  val_loss=1.0098  val_acc=0.8060
2026-04-28 05:03:00,394  INFO        ep 125/400  tr_loss=0.4504  tr_acc=0.9809  val_loss=1.0884  val_acc=0.7971
2026-04-28 05:03:03,319  INFO        ep 130/400  tr_loss=0.4373  tr_acc=0.9848  val_loss=1.0674  val_acc=0.8053
2026-04-28 05:03:06,249  INFO        ep 135/400  tr_loss=0.4494  tr_acc=0.9813  val_loss=1.0284  val_acc=0.8060
2026-04-28 05:03:09,173  INFO        ep 140/400  tr_loss=0.4477  tr_acc=0.9821  val_loss=1.0632  val_acc=0.8050
2026-04-28 05:03:12,095  INFO        ep 145/400  tr_loss=0.4272  tr_acc=0.9885  val_loss=1.0582  val_acc=0.8103
2026-04-28 05:03:15,018  INFO        ep 150/400  tr_loss=0.4345  tr_acc=0.9868  val_loss=1.1075  val_acc=0.8039
2026-04-28 05:03:17,941  INFO        ep 155/400  tr_loss=0.4232  tr_acc=0.9895  val_loss=1.1119  val_acc=0.8042
2026-04-28 05:03:20,866  INFO        ep 160/400  tr_loss=0.4272  tr_acc=0.9883  val_loss=1.0081  val_acc=0.8287
2026-04-28 05:03:23,792  INFO        ep 165/400  tr_loss=0.4203  tr_acc=0.9897  val_loss=1.1283  val_acc=0.8032
2026-04-28 05:03:26,718  INFO        ep 170/400  tr_loss=0.4228  tr_acc=0.9884  val_loss=0.9748  val_acc=0.8261
2026-04-28 05:03:29,644  INFO        ep 175/400  tr_loss=0.4208  tr_acc=0.9896  val_loss=1.0207  val_acc=0.8244
2026-04-28 05:03:32,568  INFO        ep 180/400  tr_loss=0.4176  tr_acc=0.9906  val_loss=1.0895  val_acc=0.8139
2026-04-28 05:03:35,490  INFO        ep 185/400  tr_loss=0.4157  tr_acc=0.9901  val_loss=0.9689  val_acc=0.8330
2026-04-28 05:03:38,415  INFO        ep 190/400  tr_loss=0.4040  tr_acc=0.9947  val_loss=0.9773  val_acc=0.8244
2026-04-28 05:03:40,170  INFO        Early stopping at epoch 193 (patience=60).
2026-04-28 05:03:40,170  INFO        Fold 0 done  |  best_val_acc=0.8315  |  112.9s
2026-04-28 05:03:40,170  INFO      
── Fold 2/10  (test subject = 2) ──
2026-04-28 05:03:40,338  INFO      Using SpatialNeighborLoss  (CE + L/R penalty lr_w=0.50 + neighbor penalty nb_w=0.30)
2026-04-28 05:03:40,969  INFO        ep   1/400  tr_loss=2.0368  tr_acc=0.4020  val_loss=1.8356  val_acc=0.4354
2026-04-28 05:03:43,316  INFO        ep   5/400  tr_loss=1.1583  tr_acc=0.6973  val_loss=1.4932  val_acc=0.5938
2026-04-28 05:03:46,232  INFO        ep  10/400  tr_loss=0.9219  tr_acc=0.7953  val_loss=1.2912  val_acc=0.6715
2026-04-28 05:03:49,148  INFO        ep  15/400  tr_loss=0.8130  tr_acc=0.8392  val_loss=1.3289  val_acc=0.6791
2026-04-28 05:03:51,987  INFO        ep  20/400  tr_loss=0.7528  tr_acc=0.8656  val_loss=1.3112  val_acc=0.6944
2026-04-28 05:03:54,800  INFO        ep  25/400  tr_loss=0.6948  tr_acc=0.8878  val_loss=1.2545  val_acc=0.7158
2026-04-28 05:03:57,618  INFO        ep  30/400  tr_loss=0.6582  tr_acc=0.9035  val_loss=1.2225  val_acc=0.7286
2026-04-28 05:04:00,426  INFO        ep  35/400  tr_loss=0.6205  tr_acc=0.9173  val_loss=1.2233  val_acc=0.7339
2026-04-28 05:04:03,246  INFO        ep  40/400  tr_loss=0.5773  tr_acc=0.9343  val_loss=1.2584  val_acc=0.7282
2026-04-28 05:04:06,059  INFO        ep  45/400  tr_loss=0.5544  tr_acc=0.9409  val_loss=1.1755  val_acc=0.7545
2026-04-28 05:04:08,872  INFO        ep  50/400  tr_loss=0.5472  tr_acc=0.9458  val_loss=1.1399  val_acc=0.7511
2026-04-28 05:04:11,691  INFO        ep  55/400  tr_loss=0.5318  tr_acc=0.9506  val_loss=1.0952  val_acc=0.7706
2026-04-28 05:04:14,504  INFO        ep  60/400  tr_loss=0.5085  tr_acc=0.9589  val_loss=1.1435  val_acc=0.7721
2026-04-28 05:04:17,312  INFO        ep  65/400  tr_loss=0.5090  tr_acc=0.9586  val_loss=1.1111  val_acc=0.7691
2026-04-28 05:04:20,137  INFO        ep  70/400  tr_loss=0.5000  tr_acc=0.9636  val_loss=1.0409  val_acc=0.7819
2026-04-28 05:04:22,957  INFO        ep  75/400  tr_loss=0.4822  tr_acc=0.9705  val_loss=1.0844  val_acc=0.7782
2026-04-28 05:04:25,785  INFO        ep  80/400  tr_loss=0.4762  tr_acc=0.9721  val_loss=1.1369  val_acc=0.7635
2026-04-28 05:04:28,619  INFO        ep  85/400  tr_loss=0.4654  tr_acc=0.9755  val_loss=1.0478  val_acc=0.7969
2026-04-28 05:04:31,463  INFO        ep  90/400  tr_loss=0.4553  tr_acc=0.9805  val_loss=1.1709  val_acc=0.7778
2026-04-28 05:04:34,302  INFO        ep  95/400  tr_loss=0.4582  tr_acc=0.9784  val_loss=1.0473  val_acc=0.8041
2026-04-28 05:04:37,144  INFO        ep 100/400  tr_loss=0.4580  tr_acc=0.9792  val_loss=1.0263  val_acc=0.8041
2026-04-28 05:04:39,985  INFO        ep 105/400  tr_loss=0.4562  tr_acc=0.9796  val_loss=1.0672  val_acc=0.7950
2026-04-28 05:04:42,828  INFO        ep 110/400  tr_loss=0.4455  tr_acc=0.9831  val_loss=1.0293  val_acc=0.8149
2026-04-28 05:04:45,676  INFO        ep 115/400  tr_loss=0.4466  tr_acc=0.9821  val_loss=1.0631  val_acc=0.7920
2026-04-28 05:04:48,519  INFO        ep 120/400  tr_loss=0.4351  tr_acc=0.9867  val_loss=1.0055  val_acc=0.8168
2026-04-28 05:04:51,364  INFO        ep 125/400  tr_loss=0.4449  tr_acc=0.9830  val_loss=1.0148  val_acc=0.8078
2026-04-28 05:04:54,210  INFO        ep 130/400  tr_loss=0.4313  tr_acc=0.9875  val_loss=1.0453  val_acc=0.8086
2026-04-28 05:04:57,056  INFO        ep 135/400  tr_loss=0.4254  tr_acc=0.9898  val_loss=1.0038  val_acc=0.8116
2026-04-28 05:04:59,908  INFO        ep 140/400  tr_loss=0.4239  tr_acc=0.9894  val_loss=0.9731  val_acc=0.8232
2026-04-28 05:05:02,759  INFO        ep 145/400  tr_loss=0.4295  tr_acc=0.9877  val_loss=0.9591  val_acc=0.8228
2026-04-28 05:05:05,610  INFO        ep 150/400  tr_loss=0.4259  tr_acc=0.9892  val_loss=1.0027  val_acc=0.8191
2026-04-28 05:05:08,455  INFO        ep 155/400  tr_loss=0.4248  tr_acc=0.9894  val_loss=0.9852  val_acc=0.8033
2026-04-28 05:05:11,305  INFO        ep 160/400  tr_loss=0.4207  tr_acc=0.9899  val_loss=0.9452  val_acc=0.8288
2026-04-28 05:05:14,149  INFO        ep 165/400  tr_loss=0.4137  tr_acc=0.9919  val_loss=0.9458  val_acc=0.8273
2026-04-28 05:05:16,995  INFO        ep 170/400  tr_loss=0.4222  tr_acc=0.9898  val_loss=0.9732  val_acc=0.8247
2026-04-28 05:05:19,839  INFO        ep 175/400  tr_loss=0.4142  tr_acc=0.9923  val_loss=0.9493  val_acc=0.8243
2026-04-28 05:05:22,684  INFO        ep 180/400  tr_loss=0.4087  tr_acc=0.9932  val_loss=1.0018  val_acc=0.8123
2026-04-28 05:05:25,528  INFO        ep 185/400  tr_loss=0.4065  tr_acc=0.9937  val_loss=0.9682  val_acc=0.8239
2026-04-28 05:05:28,371  INFO        ep 190/400  tr_loss=0.4080  tr_acc=0.9936  val_loss=0.9423  val_acc=0.8131
2026-04-28 05:05:31,213  INFO        ep 195/400  tr_loss=0.4041  tr_acc=0.9944  val_loss=0.9722  val_acc=0.8209
2026-04-28 05:05:34,057  INFO        ep 200/400  tr_loss=0.4008  tr_acc=0.9946  val_loss=0.9572  val_acc=0.8303
2026-04-28 05:05:36,902  INFO        ep 205/400  tr_loss=0.4035  tr_acc=0.9943  val_loss=0.9795  val_acc=0.8239
2026-04-28 05:05:39,744  INFO        ep 210/400  tr_loss=0.4018  tr_acc=0.9945  val_loss=1.0373  val_acc=0.8104
2026-04-28 05:05:42,585  INFO        ep 215/400  tr_loss=0.3991  tr_acc=0.9950  val_loss=0.9879  val_acc=0.8228
2026-04-28 05:05:44,291  INFO        Early stopping at epoch 218 (patience=60).
2026-04-28 05:05:44,291  INFO        Fold 1 done  |  best_val_acc=0.8303  |  124.0s
2026-04-28 05:05:44,292  INFO      
── Fold 3/10  (test subject = 3) ──
2026-04-28 05:05:44,456  INFO      Using SpatialNeighborLoss  (CE + L/R penalty lr_w=0.50 + neighbor penalty nb_w=0.30)
2026-04-28 05:05:45,364  INFO        ep   1/400  tr_loss=2.0364  tr_acc=0.4032  val_loss=1.6031  val_acc=0.5391
2026-04-28 05:05:47,638  INFO        ep   5/400  tr_loss=1.1914  tr_acc=0.6867  val_loss=1.2295  val_acc=0.6685
2026-04-28 05:05:50,460  INFO        ep  10/400  tr_loss=0.9743  tr_acc=0.7752  val_loss=1.2131  val_acc=0.6729
2026-04-28 05:05:53,281  INFO        ep  15/400  tr_loss=0.8507  tr_acc=0.8260  val_loss=1.0641  val_acc=0.7621
2026-04-28 05:05:56,097  INFO        ep  20/400  tr_loss=0.7955  tr_acc=0.8471  val_loss=1.0175  val_acc=0.7690
2026-04-28 05:05:58,914  INFO        ep  25/400  tr_loss=0.7466  tr_acc=0.8666  val_loss=1.0528  val_acc=0.7518
2026-04-28 05:06:01,724  INFO        ep  30/400  tr_loss=0.7169  tr_acc=0.8794  val_loss=1.0605  val_acc=0.7664
2026-04-28 05:06:04,541  INFO        ep  35/400  tr_loss=0.6670  tr_acc=0.9022  val_loss=1.0759  val_acc=0.7401
2026-04-28 05:06:07,350  INFO        ep  40/400  tr_loss=0.6414  tr_acc=0.9111  val_loss=1.0793  val_acc=0.7580
2026-04-28 05:06:10,166  INFO        ep  45/400  tr_loss=0.6203  tr_acc=0.9195  val_loss=0.9978  val_acc=0.7957
2026-04-28 05:06:12,975  INFO        ep  50/400  tr_loss=0.6048  tr_acc=0.9225  val_loss=0.9717  val_acc=0.7997
2026-04-28 05:06:15,787  INFO        ep  55/400  tr_loss=0.5589  tr_acc=0.9410  val_loss=0.9990  val_acc=0.7825
2026-04-28 05:06:18,608  INFO        ep  60/400  tr_loss=0.5783  tr_acc=0.9363  val_loss=0.9326  val_acc=0.8191
2026-04-28 05:06:21,418  INFO        ep  65/400  tr_loss=0.5340  tr_acc=0.9530  val_loss=0.9824  val_acc=0.8129
2026-04-28 05:06:24,232  INFO        ep  70/400  tr_loss=0.5463  tr_acc=0.9483  val_loss=1.0099  val_acc=0.7880
2026-04-28 05:06:27,069  INFO        ep  75/400  tr_loss=0.5485  tr_acc=0.9490  val_loss=0.8726  val_acc=0.8235
2026-04-28 05:06:29,901  INFO        ep  80/400  tr_loss=0.5008  tr_acc=0.9637  val_loss=0.9150  val_acc=0.8300
2026-04-28 05:06:32,736  INFO        ep  85/400  tr_loss=0.5230  tr_acc=0.9564  val_loss=0.9408  val_acc=0.8121
2026-04-28 05:06:35,574  INFO        ep  90/400  tr_loss=0.4901  tr_acc=0.9674  val_loss=0.8939  val_acc=0.8282
2026-04-28 05:06:38,419  INFO        ep  95/400  tr_loss=0.5187  tr_acc=0.9594  val_loss=0.8606  val_acc=0.8439
2026-04-28 05:06:41,260  INFO        ep 100/400  tr_loss=0.4759  tr_acc=0.9737  val_loss=0.8954  val_acc=0.8505
2026-04-28 05:06:44,109  INFO        ep 105/400  tr_loss=0.4874  tr_acc=0.9685  val_loss=0.9464  val_acc=0.8187
2026-04-28 05:06:46,959  INFO        ep 110/400  tr_loss=0.4647  tr_acc=0.9767  val_loss=0.8971  val_acc=0.8374
2026-04-28 05:06:49,803  INFO        ep 115/400  tr_loss=0.4675  tr_acc=0.9767  val_loss=0.8778  val_acc=0.8395
2026-04-28 05:06:52,659  INFO        ep 120/400  tr_loss=0.4668  tr_acc=0.9761  val_loss=0.8833  val_acc=0.8458
2026-04-28 05:06:55,504  INFO        ep 125/400  tr_loss=0.4817  tr_acc=0.9714  val_loss=0.8600  val_acc=0.8494
2026-04-28 05:06:58,360  INFO        ep 130/400  tr_loss=0.4479  tr_acc=0.9820  val_loss=0.8169  val_acc=0.8666
2026-04-28 05:07:01,210  INFO        ep 135/400  tr_loss=0.4526  tr_acc=0.9814  val_loss=0.8367  val_acc=0.8542
2026-04-28 05:07:04,062  INFO        ep 140/400  tr_loss=0.4426  tr_acc=0.9840  val_loss=0.8477  val_acc=0.8589
2026-04-28 05:07:06,908  INFO        ep 145/400  tr_loss=0.4583  tr_acc=0.9779  val_loss=0.8209  val_acc=0.8688
2026-04-28 05:07:09,753  INFO        ep 150/400  tr_loss=0.4416  tr_acc=0.9846  val_loss=0.8255  val_acc=0.8618
2026-04-28 05:07:12,607  INFO        ep 155/400  tr_loss=0.4407  tr_acc=0.9842  val_loss=0.8442  val_acc=0.8640
2026-04-28 05:07:15,454  INFO        ep 160/400  tr_loss=0.4463  tr_acc=0.9830  val_loss=0.8754  val_acc=0.8516
2026-04-28 05:07:18,306  INFO        ep 165/400  tr_loss=0.4305  tr_acc=0.9878  val_loss=0.8043  val_acc=0.8666
2026-04-28 05:07:21,151  INFO        ep 170/400  tr_loss=0.4453  tr_acc=0.9826  val_loss=0.8438  val_acc=0.8571
2026-04-28 05:07:24,002  INFO        ep 175/400  tr_loss=0.4293  tr_acc=0.9870  val_loss=0.8186  val_acc=0.8538
2026-04-28 05:07:26,849  INFO        ep 180/400  tr_loss=0.4238  tr_acc=0.9891  val_loss=0.8986  val_acc=0.8490
2026-04-28 05:07:29,705  INFO        ep 185/400  tr_loss=0.4287  tr_acc=0.9874  val_loss=0.8413  val_acc=0.8622
2026-04-28 05:07:32,555  INFO        ep 190/400  tr_loss=0.4090  tr_acc=0.9931  val_loss=0.8220  val_acc=0.8648
2026-04-28 05:07:35,399  INFO        ep 195/400  tr_loss=0.4265  tr_acc=0.9882  val_loss=0.7892  val_acc=0.8750
2026-04-28 05:07:38,243  INFO        ep 200/400  tr_loss=0.4281  tr_acc=0.9881  val_loss=0.8123  val_acc=0.8582
2026-04-28 05:07:41,086  INFO        ep 205/400  tr_loss=0.4065  tr_acc=0.9946  val_loss=0.8332  val_acc=0.8633
2026-04-28 05:07:43,929  INFO        ep 210/400  tr_loss=0.4139  tr_acc=0.9909  val_loss=0.8412  val_acc=0.8553
2026-04-28 05:07:46,770  INFO        ep 215/400  tr_loss=0.4065  tr_acc=0.9930  val_loss=0.8026  val_acc=0.8732
2026-04-28 05:07:49,613  INFO        ep 220/400  tr_loss=0.4019  tr_acc=0.9943  val_loss=0.7956  val_acc=0.8761
2026-04-28 05:07:52,462  INFO        ep 225/400  tr_loss=0.4074  tr_acc=0.9932  val_loss=0.8304  val_acc=0.8655
2026-04-28 05:07:55,306  INFO        ep 230/400  tr_loss=0.4031  tr_acc=0.9947  val_loss=0.8340  val_acc=0.8644
2026-04-28 05:07:58,156  INFO        ep 235/400  tr_loss=0.4004  tr_acc=0.9951  val_loss=0.7754  val_acc=0.8819
2026-04-28 05:08:01,013  INFO        ep 240/400  tr_loss=0.3920  tr_acc=0.9965  val_loss=0.8186  val_acc=0.8699
2026-04-28 05:08:03,857  INFO        ep 245/400  tr_loss=0.3949  tr_acc=0.9960  val_loss=0.7696  val_acc=0.8808
2026-04-28 05:08:06,698  INFO        ep 250/400  tr_loss=0.3864  tr_acc=0.9977  val_loss=0.7716  val_acc=0.8827
2026-04-28 05:08:09,539  INFO        ep 255/400  tr_loss=0.3869  tr_acc=0.9971  val_loss=0.8104  val_acc=0.8761
2026-04-28 05:08:12,385  INFO        ep 260/400  tr_loss=0.3953  tr_acc=0.9958  val_loss=0.7455  val_acc=0.8882
2026-04-28 05:08:15,225  INFO        ep 265/400  tr_loss=0.3879  tr_acc=0.9968  val_loss=0.7576  val_acc=0.8911
2026-04-28 05:08:18,064  INFO        ep 270/400  tr_loss=0.3780  tr_acc=0.9991  val_loss=0.7735  val_acc=0.8808
2026-04-28 05:08:20,905  INFO        ep 275/400  tr_loss=0.3834  tr_acc=0.9980  val_loss=0.7741  val_acc=0.8732
2026-04-28 05:08:23,745  INFO        ep 280/400  tr_loss=0.3765  tr_acc=0.9991  val_loss=0.7679  val_acc=0.8823
2026-04-28 05:08:26,584  INFO        ep 285/400  tr_loss=0.3794  tr_acc=0.9983  val_loss=0.7617  val_acc=0.8819
2026-04-28 05:08:29,424  INFO        ep 290/400  tr_loss=0.3823  tr_acc=0.9976  val_loss=0.7623  val_acc=0.8838
2026-04-28 05:08:32,264  INFO        ep 295/400  tr_loss=0.3758  tr_acc=0.9985  val_loss=0.7734  val_acc=0.8805
2026-04-28 05:08:35,104  INFO        ep 300/400  tr_loss=0.3764  tr_acc=0.9990  val_loss=0.7627  val_acc=0.8885
2026-04-28 05:08:37,951  INFO        ep 305/400  tr_loss=0.3716  tr_acc=0.9991  val_loss=0.7582  val_acc=0.8900
2026-04-28 05:08:40,791  INFO        ep 310/400  tr_loss=0.3691  tr_acc=0.9998  val_loss=0.7568  val_acc=0.8841
2026-04-28 05:08:43,630  INFO        ep 315/400  tr_loss=0.3711  tr_acc=0.9994  val_loss=0.7805  val_acc=0.8787
2026-04-28 05:08:46,469  INFO        ep 320/400  tr_loss=0.3689  tr_acc=0.9994  val_loss=0.7752  val_acc=0.8819
2026-04-28 05:08:49,308  INFO        ep 325/400  tr_loss=0.3706  tr_acc=0.9997  val_loss=0.7619  val_acc=0.8871
2026-04-28 05:08:52,149  INFO        ep 330/400  tr_loss=0.3683  tr_acc=0.9995  val_loss=0.7605  val_acc=0.8860
2026-04-28 05:08:54,989  INFO        ep 335/400  tr_loss=0.3670  tr_acc=0.9994  val_loss=0.7463  val_acc=0.8925
2026-04-28 05:08:57,828  INFO        ep 340/400  tr_loss=0.3682  tr_acc=0.9992  val_loss=0.7723  val_acc=0.8863
2026-04-28 05:09:00,667  INFO        ep 345/400  tr_loss=0.3656  tr_acc=0.9998  val_loss=0.7722  val_acc=0.8805
2026-04-28 05:09:03,507  INFO        ep 350/400  tr_loss=0.3665  tr_acc=0.9995  val_loss=0.7595  val_acc=0.8871
2026-04-28 05:09:06,347  INFO        ep 355/400  tr_loss=0.3659  tr_acc=0.9996  val_loss=0.7555  val_acc=0.8871
2026-04-28 05:09:09,187  INFO        ep 360/400  tr_loss=0.3649  tr_acc=0.9996  val_loss=0.7676  val_acc=0.8878
2026-04-28 05:09:09,755  INFO        Early stopping at epoch 361 (patience=60).
2026-04-28 05:09:09,755  INFO        Fold 2 done  |  best_val_acc=0.8933  |  205.3s
2026-04-28 05:09:09,755  INFO      
── Fold 4/10  (test subject = 4) ──
2026-04-28 05:09:09,920  INFO      Using SpatialNeighborLoss  (CE + L/R penalty lr_w=0.50 + neighbor penalty nb_w=0.30)
2026-04-28 05:09:10,503  INFO        ep   1/400  tr_loss=1.9801  tr_acc=0.4203  val_loss=1.8345  val_acc=0.4905
2026-04-28 05:09:12,783  INFO        ep   5/400  tr_loss=1.2216  tr_acc=0.6755  val_loss=1.3875  val_acc=0.6131
2026-04-28 05:09:15,623  INFO        ep  10/400  tr_loss=0.9335  tr_acc=0.7917  val_loss=1.2486  val_acc=0.6952
2026-04-28 05:09:18,456  INFO        ep  15/400  tr_loss=0.8337  tr_acc=0.8350  val_loss=1.0978  val_acc=0.7381
2026-04-28 05:09:21,273  INFO        ep  20/400  tr_loss=0.7679  tr_acc=0.8606  val_loss=1.3183  val_acc=0.7099
2026-04-28 05:09:24,095  INFO        ep  25/400  tr_loss=0.7095  tr_acc=0.8841  val_loss=1.1542  val_acc=0.7325
2026-04-28 05:09:26,912  INFO        ep  30/400  tr_loss=0.6703  tr_acc=0.9013  val_loss=1.1199  val_acc=0.7496
2026-04-28 05:09:29,728  INFO        ep  35/400  tr_loss=0.6270  tr_acc=0.9171  val_loss=1.0889  val_acc=0.7496
2026-04-28 05:09:32,556  INFO        ep  40/400  tr_loss=0.6032  tr_acc=0.9246  val_loss=1.1131  val_acc=0.7429
2026-04-28 05:09:35,379  INFO        ep  45/400  tr_loss=0.5870  tr_acc=0.9342  val_loss=1.1386  val_acc=0.7603
2026-04-28 05:09:38,195  INFO        ep  50/400  tr_loss=0.5710  tr_acc=0.9392  val_loss=1.0841  val_acc=0.7583
2026-04-28 05:09:41,017  INFO        ep  55/400  tr_loss=0.5448  tr_acc=0.9500  val_loss=1.2054  val_acc=0.7377
2026-04-28 05:09:43,838  INFO        ep  60/400  tr_loss=0.5478  tr_acc=0.9474  val_loss=1.0888  val_acc=0.7623
2026-04-28 05:09:46,655  INFO        ep  65/400  tr_loss=0.5388  tr_acc=0.9503  val_loss=1.0670  val_acc=0.7770
2026-04-28 05:09:49,477  INFO        ep  70/400  tr_loss=0.5164  tr_acc=0.9588  val_loss=1.0897  val_acc=0.7655
2026-04-28 05:09:52,305  INFO        ep  75/400  tr_loss=0.5081  tr_acc=0.9633  val_loss=1.1178  val_acc=0.7607
2026-04-28 05:09:55,149  INFO        ep  80/400  tr_loss=0.5043  tr_acc=0.9651  val_loss=1.0353  val_acc=0.7905
2026-04-28 05:09:58,012  INFO        ep  85/400  tr_loss=0.4995  tr_acc=0.9667  val_loss=1.0030  val_acc=0.7925
2026-04-28 05:10:00,865  INFO        ep  90/400  tr_loss=0.4863  tr_acc=0.9701  val_loss=0.9945  val_acc=0.7988
2026-04-28 05:10:03,715  INFO        ep  95/400  tr_loss=0.4777  tr_acc=0.9716  val_loss=0.9951  val_acc=0.8056
2026-04-28 05:10:06,570  INFO        ep 100/400  tr_loss=0.4758  tr_acc=0.9736  val_loss=1.0191  val_acc=0.7972
2026-04-28 05:10:09,424  INFO        ep 105/400  tr_loss=0.4702  tr_acc=0.9740  val_loss=1.0018  val_acc=0.8028
2026-04-28 05:10:12,279  INFO        ep 110/400  tr_loss=0.4605  tr_acc=0.9768  val_loss=1.0456  val_acc=0.7913
2026-04-28 05:10:15,136  INFO        ep 115/400  tr_loss=0.4567  tr_acc=0.9796  val_loss=1.0608  val_acc=0.7996
2026-04-28 05:10:17,993  INFO        ep 120/400  tr_loss=0.4495  tr_acc=0.9829  val_loss=1.0273  val_acc=0.8091
2026-04-28 05:10:20,848  INFO        ep 125/400  tr_loss=0.4549  tr_acc=0.9803  val_loss=0.9905  val_acc=0.8016
2026-04-28 05:10:23,717  INFO        ep 130/400  tr_loss=0.4420  tr_acc=0.9837  val_loss=0.9924  val_acc=0.8131
2026-04-28 05:10:26,581  INFO        ep 135/400  tr_loss=0.4424  tr_acc=0.9839  val_loss=1.0078  val_acc=0.8020
2026-04-28 05:10:29,438  INFO        ep 140/400  tr_loss=0.4360  tr_acc=0.9863  val_loss=0.9483  val_acc=0.8302
2026-04-28 05:10:32,293  INFO        ep 145/400  tr_loss=0.4412  tr_acc=0.9840  val_loss=1.0147  val_acc=0.8020
2026-04-28 05:10:35,157  INFO        ep 150/400  tr_loss=0.4283  tr_acc=0.9879  val_loss=0.9523  val_acc=0.8190
2026-04-28 05:10:38,017  INFO        ep 155/400  tr_loss=0.4268  tr_acc=0.9892  val_loss=1.0019  val_acc=0.8135
2026-04-28 05:10:40,889  INFO        ep 160/400  tr_loss=0.4255  tr_acc=0.9891  val_loss=0.9179  val_acc=0.8306
2026-04-28 05:10:43,748  INFO        ep 165/400  tr_loss=0.4190  tr_acc=0.9910  val_loss=0.9622  val_acc=0.8183
2026-04-28 05:10:46,606  INFO        ep 170/400  tr_loss=0.4321  tr_acc=0.9869  val_loss=0.9767  val_acc=0.8131
2026-04-28 05:10:49,471  INFO        ep 175/400  tr_loss=0.4192  tr_acc=0.9894  val_loss=0.9234  val_acc=0.8313
2026-04-28 05:10:52,326  INFO        ep 180/400  tr_loss=0.4118  tr_acc=0.9923  val_loss=0.9947  val_acc=0.8179
2026-04-28 05:10:55,183  INFO        ep 185/400  tr_loss=0.4095  tr_acc=0.9928  val_loss=0.9922  val_acc=0.8103
2026-04-28 05:10:58,038  INFO        ep 190/400  tr_loss=0.4031  tr_acc=0.9948  val_loss=0.9197  val_acc=0.8310
2026-04-28 05:11:00,894  INFO        ep 195/400  tr_loss=0.4049  tr_acc=0.9941  val_loss=0.9087  val_acc=0.8302
2026-04-28 05:11:03,751  INFO        ep 200/400  tr_loss=0.4132  tr_acc=0.9923  val_loss=0.9298  val_acc=0.8333
2026-04-28 05:11:06,612  INFO        ep 205/400  tr_loss=0.4054  tr_acc=0.9923  val_loss=0.9045  val_acc=0.8306
2026-04-28 05:11:09,467  INFO        ep 210/400  tr_loss=0.4133  tr_acc=0.9917  val_loss=0.9375  val_acc=0.8298
2026-04-28 05:11:12,322  INFO        ep 215/400  tr_loss=0.4019  tr_acc=0.9940  val_loss=1.0078  val_acc=0.8242
2026-04-28 05:11:15,190  INFO        ep 220/400  tr_loss=0.3973  tr_acc=0.9950  val_loss=0.9082  val_acc=0.8361
2026-04-28 05:11:18,045  INFO        ep 225/400  tr_loss=0.3974  tr_acc=0.9956  val_loss=0.9468  val_acc=0.8317
2026-04-28 05:11:20,900  INFO        ep 230/400  tr_loss=0.3898  tr_acc=0.9972  val_loss=0.9294  val_acc=0.8333
2026-04-28 05:11:23,754  INFO        ep 235/400  tr_loss=0.3953  tr_acc=0.9946  val_loss=0.9511  val_acc=0.8274
2026-04-28 05:11:26,608  INFO        ep 240/400  tr_loss=0.3904  tr_acc=0.9959  val_loss=0.9428  val_acc=0.8310
2026-04-28 05:11:29,463  INFO        ep 245/400  tr_loss=0.3796  tr_acc=0.9992  val_loss=0.9411  val_acc=0.8298
2026-04-28 05:11:32,319  INFO        ep 250/400  tr_loss=0.3878  tr_acc=0.9968  val_loss=0.9058  val_acc=0.8333
2026-04-28 05:11:35,175  INFO        ep 255/400  tr_loss=0.3838  tr_acc=0.9980  val_loss=0.9242  val_acc=0.8238
2026-04-28 05:11:38,029  INFO        ep 260/400  tr_loss=0.3794  tr_acc=0.9986  val_loss=0.9290  val_acc=0.8329
2026-04-28 05:11:40,885  INFO        ep 265/400  tr_loss=0.3802  tr_acc=0.9982  val_loss=0.9477  val_acc=0.8333
2026-04-28 05:11:43,741  INFO        ep 270/400  tr_loss=0.3806  tr_acc=0.9981  val_loss=0.9239  val_acc=0.8333
2026-04-28 05:11:46,596  INFO        ep 275/400  tr_loss=0.3784  tr_acc=0.9984  val_loss=0.9134  val_acc=0.8258
2026-04-28 05:11:48,309  INFO        Early stopping at epoch 278 (patience=60).
2026-04-28 05:11:48,309  INFO        Fold 3 done  |  best_val_acc=0.8476  |  158.4s
2026-04-28 05:11:48,309  INFO      
── Fold 5/10  (test subject = 5) ──
2026-04-28 05:11:48,474  INFO      Using SpatialNeighborLoss  (CE + L/R penalty lr_w=0.50 + neighbor penalty nb_w=0.30)
2026-04-28 05:11:49,065  INFO        ep   1/400  tr_loss=2.0438  tr_acc=0.3950  val_loss=1.6663  val_acc=0.5207
2026-04-28 05:11:51,323  INFO        ep   5/400  tr_loss=1.2170  tr_acc=0.6746  val_loss=1.2284  val_acc=0.7080
2026-04-28 05:11:54,140  INFO        ep  10/400  tr_loss=0.9696  tr_acc=0.7756  val_loss=1.0962  val_acc=0.7417
2026-04-28 05:11:56,956  INFO        ep  15/400  tr_loss=0.8484  tr_acc=0.8269  val_loss=1.0716  val_acc=0.7435
2026-04-28 05:11:59,766  INFO        ep  20/400  tr_loss=0.7710  tr_acc=0.8551  val_loss=1.0486  val_acc=0.7688
2026-04-28 05:12:02,571  INFO        ep  25/400  tr_loss=0.7112  tr_acc=0.8838  val_loss=0.9797  val_acc=0.7880
2026-04-28 05:12:05,374  INFO        ep  30/400  tr_loss=0.6694  tr_acc=0.8979  val_loss=0.9519  val_acc=0.7906
2026-04-28 05:12:08,172  INFO        ep  35/400  tr_loss=0.6586  tr_acc=0.9008  val_loss=1.0087  val_acc=0.7851
2026-04-28 05:12:10,970  INFO        ep  40/400  tr_loss=0.6122  tr_acc=0.9236  val_loss=0.9991  val_acc=0.7967
2026-04-28 05:12:13,777  INFO        ep  45/400  tr_loss=0.6106  tr_acc=0.9261  val_loss=0.9095  val_acc=0.8333
2026-04-28 05:12:16,575  INFO        ep  50/400  tr_loss=0.5859  tr_acc=0.9309  val_loss=0.9159  val_acc=0.8196
2026-04-28 05:12:19,381  INFO        ep  55/400  tr_loss=0.5556  tr_acc=0.9441  val_loss=0.9079  val_acc=0.8359
2026-04-28 05:12:22,183  INFO        ep  60/400  tr_loss=0.5356  tr_acc=0.9523  val_loss=0.8598  val_acc=0.8413
2026-04-28 05:12:24,982  INFO        ep  65/400  tr_loss=0.5314  tr_acc=0.9522  val_loss=0.9018  val_acc=0.8221
2026-04-28 05:12:27,789  INFO        ep  70/400  tr_loss=0.5143  tr_acc=0.9586  val_loss=0.9310  val_acc=0.8297
2026-04-28 05:12:30,597  INFO        ep  75/400  tr_loss=0.5067  tr_acc=0.9621  val_loss=0.9754  val_acc=0.8239
2026-04-28 05:12:33,418  INFO        ep  80/400  tr_loss=0.4959  tr_acc=0.9661  val_loss=0.8593  val_acc=0.8449
2026-04-28 05:12:36,239  INFO        ep  85/400  tr_loss=0.4925  tr_acc=0.9679  val_loss=0.8607  val_acc=0.8507
2026-04-28 05:12:39,068  INFO        ep  90/400  tr_loss=0.4806  tr_acc=0.9710  val_loss=0.9779  val_acc=0.8214
2026-04-28 05:12:41,893  INFO        ep  95/400  tr_loss=0.4833  tr_acc=0.9711  val_loss=0.9053  val_acc=0.8507
2026-04-28 05:12:44,719  INFO        ep 100/400  tr_loss=0.4661  tr_acc=0.9764  val_loss=0.8923  val_acc=0.8504
2026-04-28 05:12:47,552  INFO        ep 105/400  tr_loss=0.4721  tr_acc=0.9732  val_loss=0.9175  val_acc=0.8402
2026-04-28 05:12:50,379  INFO        ep 110/400  tr_loss=0.4606  tr_acc=0.9782  val_loss=0.9167  val_acc=0.8391
2026-04-28 05:12:53,214  INFO        ep 115/400  tr_loss=0.4685  tr_acc=0.9763  val_loss=0.8920  val_acc=0.8504
2026-04-28 05:12:56,043  INFO        ep 120/400  tr_loss=0.4560  tr_acc=0.9808  val_loss=0.8623  val_acc=0.8569
2026-04-28 05:12:58,874  INFO        ep 125/400  tr_loss=0.4462  tr_acc=0.9825  val_loss=0.8867  val_acc=0.8609
2026-04-28 05:13:01,713  INFO        ep 130/400  tr_loss=0.4511  tr_acc=0.9817  val_loss=0.8456  val_acc=0.8594
2026-04-28 05:13:04,543  INFO        ep 135/400  tr_loss=0.4345  tr_acc=0.9862  val_loss=0.9332  val_acc=0.8576
2026-04-28 05:13:07,374  INFO        ep 140/400  tr_loss=0.4434  tr_acc=0.9838  val_loss=0.9258  val_acc=0.8370
2026-04-28 05:13:10,205  INFO        ep 145/400  tr_loss=0.4368  tr_acc=0.9863  val_loss=0.9350  val_acc=0.8420
2026-04-28 05:13:13,038  INFO        ep 150/400  tr_loss=0.4320  tr_acc=0.9868  val_loss=0.8473  val_acc=0.8732
2026-04-28 05:13:15,871  INFO        ep 155/400  tr_loss=0.4305  tr_acc=0.9863  val_loss=0.9035  val_acc=0.8540
2026-04-28 05:13:18,703  INFO        ep 160/400  tr_loss=0.4288  tr_acc=0.9885  val_loss=0.8357  val_acc=0.8587
2026-04-28 05:13:21,535  INFO        ep 165/400  tr_loss=0.4273  tr_acc=0.9884  val_loss=0.8525  val_acc=0.8638
2026-04-28 05:13:24,366  INFO        ep 170/400  tr_loss=0.4152  tr_acc=0.9913  val_loss=0.8543  val_acc=0.8634
2026-04-28 05:13:27,196  INFO        ep 175/400  tr_loss=0.4211  tr_acc=0.9903  val_loss=0.9041  val_acc=0.8580
2026-04-28 05:13:30,028  INFO        ep 180/400  tr_loss=0.4203  tr_acc=0.9897  val_loss=0.8452  val_acc=0.8598
2026-04-28 05:13:32,862  INFO        ep 185/400  tr_loss=0.4211  tr_acc=0.9898  val_loss=0.8868  val_acc=0.8594
2026-04-28 05:13:33,994  INFO        Early stopping at epoch 187 (patience=60).
2026-04-28 05:13:33,994  INFO        Fold 4 done  |  best_val_acc=0.8736  |  105.5s
2026-04-28 05:13:33,994  INFO      
── Fold 6/10  (test subject = 6) ──
2026-04-28 05:13:34,154  INFO      Using SpatialNeighborLoss  (CE + L/R penalty lr_w=0.50 + neighbor penalty nb_w=0.30)
2026-04-28 05:13:34,727  INFO        ep   1/400  tr_loss=2.0220  tr_acc=0.4157  val_loss=1.7758  val_acc=0.4982
2026-04-28 05:13:36,998  INFO        ep   5/400  tr_loss=1.2153  tr_acc=0.6784  val_loss=1.5412  val_acc=0.5830
2026-04-28 05:13:39,812  INFO        ep  10/400  tr_loss=0.9674  tr_acc=0.7814  val_loss=1.4546  val_acc=0.6221
2026-04-28 05:13:42,636  INFO        ep  15/400  tr_loss=0.8455  tr_acc=0.8294  val_loss=1.3377  val_acc=0.6703
2026-04-28 05:13:45,448  INFO        ep  20/400  tr_loss=0.7656  tr_acc=0.8645  val_loss=1.3948  val_acc=0.6641
2026-04-28 05:13:48,255  INFO        ep  25/400  tr_loss=0.7138  tr_acc=0.8815  val_loss=1.3180  val_acc=0.6787
2026-04-28 05:13:51,066  INFO        ep  30/400  tr_loss=0.6895  tr_acc=0.8938  val_loss=1.3514  val_acc=0.6879
2026-04-28 05:13:53,870  INFO        ep  35/400  tr_loss=0.6568  tr_acc=0.9073  val_loss=1.3639  val_acc=0.6977
2026-04-28 05:13:56,675  INFO        ep  40/400  tr_loss=0.6231  tr_acc=0.9172  val_loss=1.3052  val_acc=0.7200
2026-04-28 05:13:59,485  INFO        ep  45/400  tr_loss=0.5999  tr_acc=0.9286  val_loss=1.2216  val_acc=0.7273
2026-04-28 05:14:02,291  INFO        ep  50/400  tr_loss=0.5821  tr_acc=0.9342  val_loss=1.2909  val_acc=0.7208
2026-04-28 05:14:05,096  INFO        ep  55/400  tr_loss=0.5772  tr_acc=0.9363  val_loss=1.4061  val_acc=0.6952
2026-04-28 05:14:07,901  INFO        ep  60/400  tr_loss=0.5541  tr_acc=0.9438  val_loss=1.2705  val_acc=0.7266
2026-04-28 05:14:10,706  INFO        ep  65/400  tr_loss=0.5443  tr_acc=0.9483  val_loss=1.4452  val_acc=0.6926
2026-04-28 05:14:13,517  INFO        ep  70/400  tr_loss=0.5246  tr_acc=0.9560  val_loss=1.3535  val_acc=0.7102
2026-04-28 05:14:16,340  INFO        ep  75/400  tr_loss=0.5338  tr_acc=0.9530  val_loss=1.3572  val_acc=0.7080
2026-04-28 05:14:19,163  INFO        ep  80/400  tr_loss=0.5316  tr_acc=0.9559  val_loss=1.3611  val_acc=0.7251
2026-04-28 05:14:21,998  INFO        ep  85/400  tr_loss=0.5187  tr_acc=0.9583  val_loss=1.2822  val_acc=0.7394
2026-04-28 05:14:24,829  INFO        ep  90/400  tr_loss=0.5014  tr_acc=0.9648  val_loss=1.2004  val_acc=0.7529
2026-04-28 05:14:27,663  INFO        ep  95/400  tr_loss=0.4837  tr_acc=0.9707  val_loss=1.3249  val_acc=0.7478
2026-04-28 05:14:30,497  INFO        ep 100/400  tr_loss=0.4892  tr_acc=0.9690  val_loss=1.2280  val_acc=0.7745
2026-04-28 05:14:33,339  INFO        ep 105/400  tr_loss=0.4820  tr_acc=0.9722  val_loss=1.1794  val_acc=0.7880
2026-04-28 05:14:36,182  INFO        ep 110/400  tr_loss=0.4785  tr_acc=0.9743  val_loss=1.1864  val_acc=0.7891
2026-04-28 05:14:39,022  INFO        ep 115/400  tr_loss=0.4917  tr_acc=0.9684  val_loss=1.1920  val_acc=0.7833
2026-04-28 05:14:41,862  INFO        ep 120/400  tr_loss=0.4613  tr_acc=0.9782  val_loss=1.2194  val_acc=0.7551
2026-04-28 05:14:44,703  INFO        ep 125/400  tr_loss=0.4608  tr_acc=0.9786  val_loss=1.1732  val_acc=0.7909
2026-04-28 05:14:47,543  INFO        ep 130/400  tr_loss=0.4548  tr_acc=0.9806  val_loss=1.1643  val_acc=0.7763
2026-04-28 05:14:50,390  INFO        ep 135/400  tr_loss=0.4556  tr_acc=0.9800  val_loss=1.2099  val_acc=0.7770
2026-04-28 05:14:53,242  INFO        ep 140/400  tr_loss=0.4497  tr_acc=0.9838  val_loss=1.0874  val_acc=0.8099
2026-04-28 05:14:56,082  INFO        ep 145/400  tr_loss=0.4372  tr_acc=0.9857  val_loss=1.0965  val_acc=0.8063
2026-04-28 05:14:58,923  INFO        ep 150/400  tr_loss=0.4408  tr_acc=0.9848  val_loss=1.2069  val_acc=0.7840
2026-04-28 05:15:01,769  INFO        ep 155/400  tr_loss=0.4283  tr_acc=0.9880  val_loss=1.1236  val_acc=0.7884
2026-04-28 05:15:04,611  INFO        ep 160/400  tr_loss=0.4369  tr_acc=0.9864  val_loss=1.1835  val_acc=0.7920
2026-04-28 05:15:07,450  INFO        ep 165/400  tr_loss=0.4321  tr_acc=0.9874  val_loss=1.2435  val_acc=0.7778
2026-04-28 05:15:10,292  INFO        ep 170/400  tr_loss=0.4396  tr_acc=0.9856  val_loss=1.1824  val_acc=0.7946
2026-04-28 05:15:13,140  INFO        ep 175/400  tr_loss=0.4281  tr_acc=0.9888  val_loss=1.1227  val_acc=0.8001
2026-04-28 05:15:15,981  INFO        ep 180/400  tr_loss=0.4172  tr_acc=0.9912  val_loss=1.1734  val_acc=0.7906
2026-04-28 05:15:18,828  INFO        ep 185/400  tr_loss=0.4223  tr_acc=0.9890  val_loss=1.1788  val_acc=0.7840
2026-04-28 05:15:21,668  INFO        ep 190/400  tr_loss=0.4152  tr_acc=0.9916  val_loss=1.1517  val_acc=0.7971
2026-04-28 05:15:24,514  INFO        ep 195/400  tr_loss=0.4120  tr_acc=0.9919  val_loss=1.1492  val_acc=0.8059
2026-04-28 05:15:27,355  INFO        ep 200/400  tr_loss=0.4275  tr_acc=0.9884  val_loss=1.1724  val_acc=0.7939
2026-04-28 05:15:30,194  INFO        ep 205/400  tr_loss=0.4149  tr_acc=0.9909  val_loss=1.1153  val_acc=0.8067
2026-04-28 05:15:33,033  INFO        ep 210/400  tr_loss=0.4056  tr_acc=0.9939  val_loss=1.1326  val_acc=0.7971
2026-04-28 05:15:35,873  INFO        ep 215/400  tr_loss=0.3985  tr_acc=0.9958  val_loss=1.1206  val_acc=0.8070
2026-04-28 05:15:38,713  INFO        ep 220/400  tr_loss=0.4106  tr_acc=0.9918  val_loss=1.0849  val_acc=0.8070
2026-04-28 05:15:41,551  INFO        ep 225/400  tr_loss=0.4015  tr_acc=0.9949  val_loss=1.1373  val_acc=0.7964
2026-04-28 05:15:44,391  INFO        ep 230/400  tr_loss=0.4132  tr_acc=0.9914  val_loss=1.1397  val_acc=0.7986
2026-04-28 05:15:47,229  INFO        ep 235/400  tr_loss=0.3978  tr_acc=0.9955  val_loss=1.1098  val_acc=0.8088
2026-04-28 05:15:50,068  INFO        ep 240/400  tr_loss=0.4008  tr_acc=0.9954  val_loss=1.0861  val_acc=0.8158
2026-04-28 05:15:52,907  INFO        ep 245/400  tr_loss=0.3917  tr_acc=0.9967  val_loss=1.1132  val_acc=0.8081
2026-04-28 05:15:55,746  INFO        ep 250/400  tr_loss=0.3978  tr_acc=0.9956  val_loss=1.0697  val_acc=0.8129
2026-04-28 05:15:58,016  INFO        Early stopping at epoch 254 (patience=60).
2026-04-28 05:15:58,016  INFO        Fold 5 done  |  best_val_acc=0.8180  |  143.9s
2026-04-28 05:15:58,016  INFO      
── Fold 7/10  (test subject = 7) ──
2026-04-28 05:15:58,183  INFO      Using SpatialNeighborLoss  (CE + L/R penalty lr_w=0.50 + neighbor penalty nb_w=0.30)
2026-04-28 05:15:58,764  INFO        ep   1/400  tr_loss=2.0506  tr_acc=0.3967  val_loss=1.6570  val_acc=0.4940
2026-04-28 05:16:01,042  INFO        ep   5/400  tr_loss=1.2124  tr_acc=0.6793  val_loss=1.2862  val_acc=0.6651
2026-04-28 05:16:03,879  INFO        ep  10/400  tr_loss=0.9676  tr_acc=0.7809  val_loss=1.0491  val_acc=0.7372
2026-04-28 05:16:06,705  INFO        ep  15/400  tr_loss=0.8445  tr_acc=0.8265  val_loss=1.0339  val_acc=0.7636
2026-04-28 05:16:09,525  INFO        ep  20/400  tr_loss=0.7617  tr_acc=0.8638  val_loss=1.1413  val_acc=0.7292
2026-04-28 05:16:12,346  INFO        ep  25/400  tr_loss=0.7237  tr_acc=0.8757  val_loss=0.9980  val_acc=0.7825
2026-04-28 05:16:15,167  INFO        ep  30/400  tr_loss=0.6843  tr_acc=0.8920  val_loss=0.9848  val_acc=0.7676
2026-04-28 05:16:17,993  INFO        ep  35/400  tr_loss=0.6400  tr_acc=0.9094  val_loss=0.9191  val_acc=0.8081
2026-04-28 05:16:20,815  INFO        ep  40/400  tr_loss=0.6357  tr_acc=0.9137  val_loss=1.0270  val_acc=0.7728
2026-04-28 05:16:23,630  INFO        ep  45/400  tr_loss=0.5957  tr_acc=0.9286  val_loss=0.9211  val_acc=0.8321
2026-04-28 05:16:26,445  INFO        ep  50/400  tr_loss=0.5804  tr_acc=0.9375  val_loss=1.0174  val_acc=0.7961
2026-04-28 05:16:29,272  INFO        ep  55/400  tr_loss=0.5696  tr_acc=0.9415  val_loss=0.9632  val_acc=0.8041
2026-04-28 05:16:32,087  INFO        ep  60/400  tr_loss=0.5490  tr_acc=0.9480  val_loss=0.9390  val_acc=0.8297
2026-04-28 05:16:34,907  INFO        ep  65/400  tr_loss=0.5507  tr_acc=0.9469  val_loss=0.9883  val_acc=0.8013
2026-04-28 05:16:37,731  INFO        ep  70/400  tr_loss=0.5338  tr_acc=0.9530  val_loss=0.9152  val_acc=0.8325
2026-04-28 05:16:40,558  INFO        ep  75/400  tr_loss=0.5089  tr_acc=0.9631  val_loss=0.9602  val_acc=0.8085
2026-04-28 05:16:43,397  INFO        ep  80/400  tr_loss=0.5008  tr_acc=0.9651  val_loss=0.9085  val_acc=0.8289
2026-04-28 05:16:46,249  INFO        ep  85/400  tr_loss=0.5044  tr_acc=0.9633  val_loss=0.8946  val_acc=0.8349
2026-04-28 05:16:49,094  INFO        ep  90/400  tr_loss=0.4888  tr_acc=0.9684  val_loss=0.8874  val_acc=0.8450
2026-04-28 05:16:51,942  INFO        ep  95/400  tr_loss=0.4871  tr_acc=0.9704  val_loss=0.8663  val_acc=0.8446
2026-04-28 05:16:54,794  INFO        ep 100/400  tr_loss=0.4851  tr_acc=0.9715  val_loss=0.8196  val_acc=0.8650
2026-04-28 05:16:57,649  INFO        ep 105/400  tr_loss=0.4712  tr_acc=0.9743  val_loss=0.8772  val_acc=0.8514
2026-04-28 05:17:00,497  INFO        ep 110/400  tr_loss=0.4763  tr_acc=0.9727  val_loss=0.9085  val_acc=0.8413
2026-04-28 05:17:03,350  INFO        ep 115/400  tr_loss=0.4577  tr_acc=0.9802  val_loss=0.8465  val_acc=0.8482
2026-04-28 05:17:06,199  INFO        ep 120/400  tr_loss=0.4598  tr_acc=0.9786  val_loss=0.8068  val_acc=0.8658
2026-04-28 05:17:09,049  INFO        ep 125/400  tr_loss=0.4575  tr_acc=0.9797  val_loss=0.8185  val_acc=0.8590
2026-04-28 05:17:11,899  INFO        ep 130/400  tr_loss=0.4462  tr_acc=0.9830  val_loss=0.8294  val_acc=0.8578
2026-04-28 05:17:14,749  INFO        ep 135/400  tr_loss=0.4394  tr_acc=0.9857  val_loss=0.8215  val_acc=0.8598
2026-04-28 05:17:17,600  INFO        ep 140/400  tr_loss=0.4560  tr_acc=0.9797  val_loss=0.8758  val_acc=0.8478
2026-04-28 05:17:20,450  INFO        ep 145/400  tr_loss=0.4389  tr_acc=0.9849  val_loss=0.8668  val_acc=0.8562
2026-04-28 05:17:23,303  INFO        ep 150/400  tr_loss=0.4404  tr_acc=0.9855  val_loss=0.8953  val_acc=0.8474
2026-04-28 05:17:26,154  INFO        ep 155/400  tr_loss=0.4332  tr_acc=0.9876  val_loss=0.8527  val_acc=0.8506
2026-04-28 05:17:29,010  INFO        ep 160/400  tr_loss=0.4321  tr_acc=0.9875  val_loss=0.8028  val_acc=0.8678
2026-04-28 05:17:31,862  INFO        ep 165/400  tr_loss=0.4275  tr_acc=0.9890  val_loss=0.8663  val_acc=0.8413
2026-04-28 05:17:34,714  INFO        ep 170/400  tr_loss=0.4255  tr_acc=0.9906  val_loss=0.8177  val_acc=0.8730
2026-04-28 05:17:37,570  INFO        ep 175/400  tr_loss=0.4298  tr_acc=0.9878  val_loss=0.8306  val_acc=0.8594
2026-04-28 05:17:40,420  INFO        ep 180/400  tr_loss=0.4218  tr_acc=0.9898  val_loss=0.8199  val_acc=0.8634
2026-04-28 05:17:43,271  INFO        ep 185/400  tr_loss=0.4193  tr_acc=0.9917  val_loss=0.8297  val_acc=0.8678
2026-04-28 05:17:46,121  INFO        ep 190/400  tr_loss=0.4104  tr_acc=0.9924  val_loss=0.8462  val_acc=0.8558
2026-04-28 05:17:48,978  INFO        ep 195/400  tr_loss=0.4136  tr_acc=0.9930  val_loss=0.7568  val_acc=0.8746
2026-04-28 05:17:51,836  INFO        ep 200/400  tr_loss=0.4109  tr_acc=0.9928  val_loss=0.8155  val_acc=0.8770
2026-04-28 05:17:54,685  INFO        ep 205/400  tr_loss=0.4162  tr_acc=0.9911  val_loss=0.8222  val_acc=0.8574
2026-04-28 05:17:57,538  INFO        ep 210/400  tr_loss=0.4073  tr_acc=0.9933  val_loss=0.8065  val_acc=0.8654
2026-04-28 05:18:00,389  INFO        ep 215/400  tr_loss=0.3987  tr_acc=0.9955  val_loss=0.8714  val_acc=0.8542
2026-04-28 05:18:03,236  INFO        ep 220/400  tr_loss=0.4021  tr_acc=0.9951  val_loss=0.8052  val_acc=0.8734
2026-04-28 05:18:06,084  INFO        ep 225/400  tr_loss=0.3975  tr_acc=0.9965  val_loss=0.7988  val_acc=0.8750
2026-04-28 05:18:08,933  INFO        ep 230/400  tr_loss=0.3968  tr_acc=0.9956  val_loss=0.8334  val_acc=0.8690
2026-04-28 05:18:11,781  INFO        ep 235/400  tr_loss=0.3958  tr_acc=0.9949  val_loss=0.7762  val_acc=0.8666
2026-04-28 05:18:14,630  INFO        ep 240/400  tr_loss=0.3984  tr_acc=0.9948  val_loss=0.7850  val_acc=0.8742
2026-04-28 05:18:17,478  INFO        ep 245/400  tr_loss=0.3890  tr_acc=0.9969  val_loss=0.8021  val_acc=0.8686
2026-04-28 05:18:20,328  INFO        ep 250/400  tr_loss=0.3890  tr_acc=0.9971  val_loss=0.7965  val_acc=0.8674
2026-04-28 05:18:23,177  INFO        ep 255/400  tr_loss=0.3857  tr_acc=0.9975  val_loss=0.7901  val_acc=0.8710
2026-04-28 05:18:26,024  INFO        ep 260/400  tr_loss=0.3845  tr_acc=0.9975  val_loss=0.8210  val_acc=0.8574
2026-04-28 05:18:28,873  INFO        ep 265/400  tr_loss=0.3854  tr_acc=0.9973  val_loss=0.8340  val_acc=0.8654
2026-04-28 05:18:31,722  INFO        ep 270/400  tr_loss=0.3773  tr_acc=0.9989  val_loss=0.7777  val_acc=0.8722
2026-04-28 05:18:33,432  INFO        Early stopping at epoch 273 (patience=60).
2026-04-28 05:18:33,432  INFO        Fold 6 done  |  best_val_acc=0.8798  |  155.2s
2026-04-28 05:18:33,432  INFO      
── Fold 8/10  (test subject = 8) ──
2026-04-28 05:18:33,596  INFO      Using SpatialNeighborLoss  (CE + L/R penalty lr_w=0.50 + neighbor penalty nb_w=0.30)
2026-04-28 05:18:34,194  INFO        ep   1/400  tr_loss=1.9997  tr_acc=0.4126  val_loss=1.7999  val_acc=0.4689
2026-04-28 05:18:36,466  INFO        ep   5/400  tr_loss=1.1527  tr_acc=0.6990  val_loss=1.4647  val_acc=0.6215
2026-04-28 05:18:39,287  INFO        ep  10/400  tr_loss=0.9334  tr_acc=0.7940  val_loss=1.2001  val_acc=0.7162
2026-04-28 05:18:42,115  INFO        ep  15/400  tr_loss=0.8186  tr_acc=0.8410  val_loss=1.2104  val_acc=0.7001
2026-04-28 05:18:44,936  INFO        ep  20/400  tr_loss=0.7454  tr_acc=0.8670  val_loss=1.0993  val_acc=0.7634
2026-04-28 05:18:47,764  INFO        ep  25/400  tr_loss=0.6973  tr_acc=0.8882  val_loss=0.9979  val_acc=0.7897
2026-04-28 05:18:50,578  INFO        ep  30/400  tr_loss=0.6609  tr_acc=0.9037  val_loss=1.0880  val_acc=0.7697
2026-04-28 05:18:53,392  INFO        ep  35/400  tr_loss=0.6299  tr_acc=0.9145  val_loss=1.1024  val_acc=0.7547
2026-04-28 05:18:56,213  INFO        ep  40/400  tr_loss=0.6023  tr_acc=0.9261  val_loss=0.9928  val_acc=0.7980
2026-04-28 05:18:59,040  INFO        ep  45/400  tr_loss=0.5820  tr_acc=0.9341  val_loss=0.9577  val_acc=0.8113
2026-04-28 05:19:01,861  INFO        ep  50/400  tr_loss=0.5650  tr_acc=0.9407  val_loss=0.9698  val_acc=0.7983
2026-04-28 05:19:04,688  INFO        ep  55/400  tr_loss=0.5468  tr_acc=0.9464  val_loss=0.9164  val_acc=0.8223
2026-04-28 05:19:07,503  INFO        ep  60/400  tr_loss=0.5219  tr_acc=0.9573  val_loss=0.9290  val_acc=0.8267
2026-04-28 05:19:10,325  INFO        ep  65/400  tr_loss=0.5125  tr_acc=0.9582  val_loss=1.0354  val_acc=0.7862
2026-04-28 05:19:13,152  INFO        ep  70/400  tr_loss=0.5055  tr_acc=0.9626  val_loss=0.9554  val_acc=0.8192
2026-04-28 05:19:15,992  INFO        ep  75/400  tr_loss=0.5005  tr_acc=0.9627  val_loss=0.8685  val_acc=0.8310
2026-04-28 05:19:18,833  INFO        ep  80/400  tr_loss=0.4926  tr_acc=0.9667  val_loss=0.8496  val_acc=0.8310
2026-04-28 05:19:21,673  INFO        ep  85/400  tr_loss=0.4735  tr_acc=0.9731  val_loss=0.9444  val_acc=0.8180
2026-04-28 05:19:24,518  INFO        ep  90/400  tr_loss=0.4714  tr_acc=0.9743  val_loss=0.9041  val_acc=0.8369
2026-04-28 05:19:27,362  INFO        ep  95/400  tr_loss=0.4615  tr_acc=0.9776  val_loss=0.8965  val_acc=0.8384
2026-04-28 05:19:30,209  INFO        ep 100/400  tr_loss=0.4650  tr_acc=0.9771  val_loss=0.8625  val_acc=0.8404
2026-04-28 05:19:33,064  INFO        ep 105/400  tr_loss=0.4582  tr_acc=0.9798  val_loss=0.9154  val_acc=0.8384
2026-04-28 05:19:35,913  INFO        ep 110/400  tr_loss=0.4664  tr_acc=0.9751  val_loss=0.9018  val_acc=0.8373
2026-04-28 05:19:38,764  INFO        ep 115/400  tr_loss=0.4514  tr_acc=0.9802  val_loss=0.8950  val_acc=0.8436
2026-04-28 05:19:41,618  INFO        ep 120/400  tr_loss=0.4375  tr_acc=0.9846  val_loss=0.8714  val_acc=0.8439
2026-04-28 05:19:44,468  INFO        ep 125/400  tr_loss=0.4423  tr_acc=0.9844  val_loss=0.8875  val_acc=0.8451
2026-04-28 05:19:47,318  INFO        ep 130/400  tr_loss=0.4458  tr_acc=0.9820  val_loss=0.8418  val_acc=0.8483
2026-04-28 05:19:50,169  INFO        ep 135/400  tr_loss=0.4384  tr_acc=0.9854  val_loss=0.8535  val_acc=0.8561
2026-04-28 05:19:53,020  INFO        ep 140/400  tr_loss=0.4297  tr_acc=0.9884  val_loss=0.8397  val_acc=0.8522
2026-04-28 05:19:55,988  INFO        ep 145/400  tr_loss=0.4239  tr_acc=0.9900  val_loss=0.8628  val_acc=0.8553
2026-04-28 05:19:58,841  INFO        ep 150/400  tr_loss=0.4276  tr_acc=0.9873  val_loss=0.8755  val_acc=0.8526
2026-04-28 05:20:01,695  INFO        ep 155/400  tr_loss=0.4290  tr_acc=0.9886  val_loss=0.8664  val_acc=0.8522
2026-04-28 05:20:04,547  INFO        ep 160/400  tr_loss=0.4216  tr_acc=0.9895  val_loss=0.8441  val_acc=0.8667
2026-04-28 05:20:07,398  INFO        ep 165/400  tr_loss=0.4114  tr_acc=0.9926  val_loss=0.8737  val_acc=0.8447
2026-04-28 05:20:10,252  INFO        ep 170/400  tr_loss=0.4146  tr_acc=0.9920  val_loss=0.8865  val_acc=0.8487
2026-04-28 05:20:13,104  INFO        ep 175/400  tr_loss=0.4212  tr_acc=0.9895  val_loss=0.8969  val_acc=0.8381
2026-04-28 05:20:15,960  INFO        ep 180/400  tr_loss=0.4146  tr_acc=0.9918  val_loss=0.8428  val_acc=0.8589
2026-04-28 05:20:18,810  INFO        ep 185/400  tr_loss=0.4169  tr_acc=0.9911  val_loss=0.8311  val_acc=0.8644
2026-04-28 05:20:21,661  INFO        ep 190/400  tr_loss=0.4083  tr_acc=0.9926  val_loss=0.8673  val_acc=0.8506
2026-04-28 05:20:24,517  INFO        ep 195/400  tr_loss=0.4133  tr_acc=0.9915  val_loss=0.7956  val_acc=0.8648
2026-04-28 05:20:27,367  INFO        ep 200/400  tr_loss=0.4069  tr_acc=0.9943  val_loss=0.8754  val_acc=0.8538
2026-04-28 05:20:30,216  INFO        ep 205/400  tr_loss=0.4053  tr_acc=0.9943  val_loss=0.8201  val_acc=0.8605
2026-04-28 05:20:33,067  INFO        ep 210/400  tr_loss=0.3988  tr_acc=0.9952  val_loss=0.8788  val_acc=0.8585
2026-04-28 05:20:35,916  INFO        ep 215/400  tr_loss=0.3989  tr_acc=0.9952  val_loss=0.8542  val_acc=0.8542
2026-04-28 05:20:38,765  INFO        ep 220/400  tr_loss=0.4024  tr_acc=0.9942  val_loss=0.8212  val_acc=0.8656
2026-04-28 05:20:41,614  INFO        ep 225/400  tr_loss=0.3870  tr_acc=0.9974  val_loss=0.8463  val_acc=0.8636
2026-04-28 05:20:44,463  INFO        ep 230/400  tr_loss=0.3958  tr_acc=0.9953  val_loss=0.8266  val_acc=0.8608
2026-04-28 05:20:47,311  INFO        ep 235/400  tr_loss=0.3979  tr_acc=0.9949  val_loss=0.8368  val_acc=0.8565
2026-04-28 05:20:50,161  INFO        ep 240/400  tr_loss=0.3903  tr_acc=0.9967  val_loss=0.8111  val_acc=0.8612
2026-04-28 05:20:53,010  INFO        ep 245/400  tr_loss=0.3839  tr_acc=0.9977  val_loss=0.8374  val_acc=0.8640
2026-04-28 05:20:55,859  INFO        ep 250/400  tr_loss=0.3823  tr_acc=0.9981  val_loss=0.8349  val_acc=0.8593
2026-04-28 05:20:58,710  INFO        ep 255/400  tr_loss=0.3796  tr_acc=0.9986  val_loss=0.8371  val_acc=0.8557
2026-04-28 05:20:58,710  INFO        Early stopping at epoch 255 (patience=60).
2026-04-28 05:20:58,710  INFO        Fold 7 done  |  best_val_acc=0.8648  |  145.1s
2026-04-28 05:20:58,710  INFO      
── Fold 9/10  (test subject = 9) ──
2026-04-28 05:20:58,885  INFO      Using SpatialNeighborLoss  (CE + L/R penalty lr_w=0.50 + neighbor penalty nb_w=0.30)
2026-04-28 05:20:59,499  INFO        ep   1/400  tr_loss=1.9895  tr_acc=0.4153  val_loss=1.9616  val_acc=0.4398
2026-04-28 05:21:01,936  INFO        ep   5/400  tr_loss=1.1612  tr_acc=0.6953  val_loss=1.3479  val_acc=0.6481
2026-04-28 05:21:04,971  INFO        ep  10/400  tr_loss=0.9407  tr_acc=0.7903  val_loss=1.3005  val_acc=0.7176
2026-04-28 05:21:08,009  INFO        ep  15/400  tr_loss=0.8260  tr_acc=0.8373  val_loss=1.1152  val_acc=0.7454
2026-04-28 05:21:11,020  INFO        ep  20/400  tr_loss=0.7572  tr_acc=0.8627  val_loss=1.1031  val_acc=0.7222
2026-04-28 05:21:14,031  INFO        ep  25/400  tr_loss=0.7124  tr_acc=0.8804  val_loss=1.2007  val_acc=0.7222
2026-04-28 05:21:17,041  INFO        ep  30/400  tr_loss=0.6804  tr_acc=0.8926  val_loss=1.1541  val_acc=0.7361
2026-04-28 05:21:20,053  INFO        ep  35/400  tr_loss=0.6386  tr_acc=0.9139  val_loss=1.1490  val_acc=0.7546
2026-04-28 05:21:23,063  INFO        ep  40/400  tr_loss=0.6134  tr_acc=0.9221  val_loss=1.1985  val_acc=0.7269
2026-04-28 05:21:26,074  INFO        ep  45/400  tr_loss=0.5869  tr_acc=0.9319  val_loss=1.1075  val_acc=0.7546
2026-04-28 05:21:29,085  INFO        ep  50/400  tr_loss=0.5797  tr_acc=0.9340  val_loss=1.1723  val_acc=0.7731
2026-04-28 05:21:32,102  INFO        ep  55/400  tr_loss=0.5611  tr_acc=0.9416  val_loss=1.2631  val_acc=0.6898
2026-04-28 05:21:35,117  INFO        ep  60/400  tr_loss=0.5444  tr_acc=0.9471  val_loss=1.1254  val_acc=0.7639
2026-04-28 05:21:38,140  INFO        ep  65/400  tr_loss=0.5340  tr_acc=0.9523  val_loss=1.2758  val_acc=0.7361
2026-04-28 05:21:41,168  INFO        ep  70/400  tr_loss=0.5268  tr_acc=0.9545  val_loss=1.1008  val_acc=0.7731
2026-04-28 05:21:44,215  INFO        ep  75/400  tr_loss=0.5140  tr_acc=0.9587  val_loss=1.1300  val_acc=0.7546
2026-04-28 05:21:47,261  INFO        ep  80/400  tr_loss=0.5076  tr_acc=0.9636  val_loss=1.1088  val_acc=0.7685
2026-04-28 05:21:50,306  INFO        ep  85/400  tr_loss=0.4943  tr_acc=0.9671  val_loss=1.1556  val_acc=0.7546
2026-04-28 05:21:53,356  INFO        ep  90/400  tr_loss=0.4910  tr_acc=0.9685  val_loss=1.0088  val_acc=0.7546
2026-04-28 05:21:56,403  INFO        ep  95/400  tr_loss=0.4812  tr_acc=0.9706  val_loss=1.1300  val_acc=0.7685
2026-04-28 05:21:59,451  INFO        ep 100/400  tr_loss=0.4850  tr_acc=0.9699  val_loss=1.0794  val_acc=0.7778
2026-04-28 05:22:02,501  INFO        ep 105/400  tr_loss=0.4825  tr_acc=0.9706  val_loss=1.1148  val_acc=0.7824
2026-04-28 05:22:05,550  INFO        ep 110/400  tr_loss=0.4722  tr_acc=0.9738  val_loss=1.0899  val_acc=0.8056
2026-04-28 05:22:08,600  INFO        ep 115/400  tr_loss=0.4679  tr_acc=0.9745  val_loss=1.0556  val_acc=0.7824
2026-04-28 05:22:11,656  INFO        ep 120/400  tr_loss=0.4648  tr_acc=0.9756  val_loss=1.0377  val_acc=0.7870
2026-04-28 05:22:14,705  INFO        ep 125/400  tr_loss=0.4700  tr_acc=0.9755  val_loss=1.0530  val_acc=0.8056
2026-04-28 05:22:17,756  INFO        ep 130/400  tr_loss=0.4500  tr_acc=0.9820  val_loss=1.0015  val_acc=0.8333
2026-04-28 05:22:20,818  INFO        ep 135/400  tr_loss=0.4487  tr_acc=0.9816  val_loss=0.9232  val_acc=0.8102
2026-04-28 05:22:23,868  INFO        ep 140/400  tr_loss=0.4477  tr_acc=0.9824  val_loss=0.9761  val_acc=0.8241
2026-04-28 05:22:26,917  INFO        ep 145/400  tr_loss=0.4496  tr_acc=0.9811  val_loss=1.0107  val_acc=0.7824
2026-04-28 05:22:29,971  INFO        ep 150/400  tr_loss=0.4454  tr_acc=0.9838  val_loss=0.9806  val_acc=0.8194
2026-04-28 05:22:33,034  INFO        ep 155/400  tr_loss=0.4302  tr_acc=0.9876  val_loss=0.8207  val_acc=0.8565
2026-04-28 05:22:36,084  INFO        ep 160/400  tr_loss=0.4377  tr_acc=0.9845  val_loss=0.8989  val_acc=0.8287
2026-04-28 05:22:39,132  INFO        ep 165/400  tr_loss=0.4486  tr_acc=0.9813  val_loss=0.8687  val_acc=0.8472
2026-04-28 05:22:42,182  INFO        ep 170/400  tr_loss=0.4198  tr_acc=0.9905  val_loss=0.9135  val_acc=0.8241
2026-04-28 05:22:45,231  INFO        ep 175/400  tr_loss=0.4294  tr_acc=0.9878  val_loss=0.8946  val_acc=0.8380
2026-04-28 05:22:48,277  INFO        ep 180/400  tr_loss=0.4255  tr_acc=0.9890  val_loss=0.8620  val_acc=0.8333
2026-04-28 05:22:51,322  INFO        ep 185/400  tr_loss=0.4198  tr_acc=0.9896  val_loss=0.9281  val_acc=0.8426
2026-04-28 05:22:54,367  INFO        ep 190/400  tr_loss=0.4137  tr_acc=0.9921  val_loss=0.8992  val_acc=0.8333
2026-04-28 05:22:57,414  INFO        ep 195/400  tr_loss=0.4101  tr_acc=0.9928  val_loss=0.9221  val_acc=0.8287
2026-04-28 05:23:00,467  INFO        ep 200/400  tr_loss=0.4040  tr_acc=0.9944  val_loss=0.8304  val_acc=0.8380
2026-04-28 05:23:03,516  INFO        ep 205/400  tr_loss=0.4044  tr_acc=0.9938  val_loss=0.9339  val_acc=0.8426
2026-04-28 05:23:06,567  INFO        ep 210/400  tr_loss=0.4015  tr_acc=0.9943  val_loss=0.8695  val_acc=0.8657
2026-04-28 05:23:09,615  INFO        ep 215/400  tr_loss=0.4090  tr_acc=0.9924  val_loss=0.9082  val_acc=0.8426
2026-04-28 05:23:12,663  INFO        ep 220/400  tr_loss=0.3995  tr_acc=0.9951  val_loss=0.8945  val_acc=0.8704
2026-04-28 05:23:15,711  INFO        ep 225/400  tr_loss=0.3968  tr_acc=0.9953  val_loss=0.8904  val_acc=0.8472
2026-04-28 05:23:18,760  INFO        ep 230/400  tr_loss=0.3943  tr_acc=0.9964  val_loss=0.8549  val_acc=0.8843
2026-04-28 05:23:21,808  INFO        ep 235/400  tr_loss=0.3955  tr_acc=0.9957  val_loss=0.8350  val_acc=0.8611
2026-04-28 05:23:24,857  INFO        ep 240/400  tr_loss=0.3956  tr_acc=0.9963  val_loss=0.8440  val_acc=0.8426
2026-04-28 05:23:27,965  INFO        ep 245/400  tr_loss=0.3905  tr_acc=0.9968  val_loss=0.8692  val_acc=0.8611
2026-04-28 05:23:31,011  INFO        ep 250/400  tr_loss=0.3920  tr_acc=0.9955  val_loss=0.8362  val_acc=0.8704
2026-04-28 05:23:34,058  INFO        ep 255/400  tr_loss=0.3873  tr_acc=0.9977  val_loss=0.8634  val_acc=0.8380
2026-04-28 05:23:37,106  INFO        ep 260/400  tr_loss=0.3846  tr_acc=0.9978  val_loss=0.9175  val_acc=0.8194
2026-04-28 05:23:40,153  INFO        ep 265/400  tr_loss=0.3854  tr_acc=0.9969  val_loss=0.8813  val_acc=0.8565
2026-04-28 05:23:43,200  INFO        ep 270/400  tr_loss=0.3822  tr_acc=0.9980  val_loss=0.8242  val_acc=0.8843
2026-04-28 05:23:46,246  INFO        ep 275/400  tr_loss=0.3822  tr_acc=0.9976  val_loss=0.8822  val_acc=0.8657
2026-04-28 05:23:49,293  INFO        ep 280/400  tr_loss=0.3790  tr_acc=0.9981  val_loss=0.8300  val_acc=0.8935
2026-04-28 05:23:52,340  INFO        ep 285/400  tr_loss=0.3750  tr_acc=0.9987  val_loss=0.8066  val_acc=0.8750
2026-04-28 05:23:55,388  INFO        ep 290/400  tr_loss=0.3793  tr_acc=0.9980  val_loss=0.8060  val_acc=0.8935
2026-04-28 05:23:58,440  INFO        ep 295/400  tr_loss=0.3733  tr_acc=0.9992  val_loss=0.8240  val_acc=0.8796
2026-04-28 05:24:01,488  INFO        ep 300/400  tr_loss=0.3707  tr_acc=0.9997  val_loss=0.8203  val_acc=0.8935
2026-04-28 05:24:04,541  INFO        ep 305/400  tr_loss=0.3716  tr_acc=0.9990  val_loss=0.8122  val_acc=0.8843
2026-04-28 05:24:07,590  INFO        ep 310/400  tr_loss=0.3717  tr_acc=0.9990  val_loss=0.8569  val_acc=0.8519
2026-04-28 05:24:10,637  INFO        ep 315/400  tr_loss=0.3674  tr_acc=0.9998  val_loss=0.8363  val_acc=0.8796
2026-04-28 05:24:13,684  INFO        ep 320/400  tr_loss=0.3668  tr_acc=0.9997  val_loss=0.8369  val_acc=0.8657
2026-04-28 05:24:16,730  INFO        ep 325/400  tr_loss=0.3663  tr_acc=0.9998  val_loss=0.8416  val_acc=0.8657
2026-04-28 05:24:19,777  INFO        ep 330/400  tr_loss=0.3662  tr_acc=0.9998  val_loss=0.8614  val_acc=0.8750
2026-04-28 05:24:22,830  INFO        ep 335/400  tr_loss=0.3667  tr_acc=0.9996  val_loss=0.8061  val_acc=0.8796
2026-04-28 05:24:25,878  INFO        ep 340/400  tr_loss=0.3648  tr_acc=0.9998  val_loss=0.8200  val_acc=0.8565
2026-04-28 05:24:28,925  INFO        ep 345/400  tr_loss=0.3642  tr_acc=0.9998  val_loss=0.8200  val_acc=0.8704
2026-04-28 05:24:31,975  INFO        ep 350/400  tr_loss=0.3629  tr_acc=0.9999  val_loss=0.8206  val_acc=0.8704
2026-04-28 05:24:35,028  INFO        ep 355/400  tr_loss=0.3628  tr_acc=0.9999  val_loss=0.8361  val_acc=0.8796
2026-04-28 05:24:38,082  INFO        ep 360/400  tr_loss=0.3626  tr_acc=0.9999  val_loss=0.8228  val_acc=0.8750
2026-04-28 05:24:41,133  INFO        ep 365/400  tr_loss=0.3619  tr_acc=0.9999  val_loss=0.8362  val_acc=0.8889
2026-04-28 05:24:44,186  INFO        ep 370/400  tr_loss=0.3616  tr_acc=1.0000  val_loss=0.8198  val_acc=0.8750
2026-04-28 05:24:47,241  INFO        ep 375/400  tr_loss=0.3610  tr_acc=0.9999  val_loss=0.8431  val_acc=0.8704
2026-04-28 05:24:50,296  INFO        ep 380/400  tr_loss=0.3609  tr_acc=1.0000  val_loss=0.8269  val_acc=0.8843
2026-04-28 05:24:53,352  INFO        ep 385/400  tr_loss=0.3608  tr_acc=0.9999  val_loss=0.8406  val_acc=0.8704
2026-04-28 05:24:56,408  INFO        ep 390/400  tr_loss=0.3603  tr_acc=1.0000  val_loss=0.8445  val_acc=0.8704
2026-04-28 05:24:58,853  INFO        Early stopping at epoch 394 (patience=60).
2026-04-28 05:24:58,853  INFO        Fold 8 done  |  best_val_acc=0.8843  |  240.0s
2026-04-28 05:24:58,853  INFO      
── Fold 10/10  (test subject = 10) ──
2026-04-28 05:24:59,028  INFO      Using SpatialNeighborLoss  (CE + L/R penalty lr_w=0.50 + neighbor penalty nb_w=0.30)
2026-04-28 05:24:59,642  INFO        ep   1/400  tr_loss=2.0047  tr_acc=0.4142  val_loss=1.8378  val_acc=0.4958
2026-04-28 05:25:02,083  INFO        ep   5/400  tr_loss=1.1628  tr_acc=0.6975  val_loss=1.4360  val_acc=0.6208
2026-04-28 05:25:05,115  INFO        ep  10/400  tr_loss=0.9209  tr_acc=0.7983  val_loss=1.2506  val_acc=0.7208
2026-04-28 05:25:08,135  INFO        ep  15/400  tr_loss=0.8111  tr_acc=0.8443  val_loss=1.3525  val_acc=0.7125
2026-04-28 05:25:11,150  INFO        ep  20/400  tr_loss=0.7363  tr_acc=0.8703  val_loss=1.2593  val_acc=0.7292
2026-04-28 05:25:14,172  INFO        ep  25/400  tr_loss=0.6728  tr_acc=0.8980  val_loss=1.2021  val_acc=0.7458
2026-04-28 05:25:17,193  INFO        ep  30/400  tr_loss=0.6358  tr_acc=0.9121  val_loss=1.1645  val_acc=0.7625
2026-04-28 05:25:20,216  INFO        ep  35/400  tr_loss=0.5924  tr_acc=0.9281  val_loss=1.1587  val_acc=0.8167
2026-04-28 05:25:23,231  INFO        ep  40/400  tr_loss=0.5663  tr_acc=0.9379  val_loss=1.0410  val_acc=0.8000
2026-04-28 05:25:26,246  INFO        ep  45/400  tr_loss=0.5536  tr_acc=0.9440  val_loss=1.0477  val_acc=0.7875
2026-04-28 05:25:29,262  INFO        ep  50/400  tr_loss=0.5249  tr_acc=0.9537  val_loss=1.0472  val_acc=0.8083
2026-04-28 05:25:32,276  INFO        ep  55/400  tr_loss=0.5252  tr_acc=0.9543  val_loss=0.9771  val_acc=0.8208
2026-04-28 05:25:35,297  INFO        ep  60/400  tr_loss=0.5018  tr_acc=0.9617  val_loss=0.9198  val_acc=0.8500
2026-04-28 05:25:38,317  INFO        ep  65/400  tr_loss=0.4901  tr_acc=0.9680  val_loss=1.1667  val_acc=0.8333
2026-04-28 05:25:41,349  INFO        ep  70/400  tr_loss=0.4826  tr_acc=0.9711  val_loss=0.9953  val_acc=0.8292
2026-04-28 05:25:44,396  INFO        ep  75/400  tr_loss=0.4807  tr_acc=0.9721  val_loss=1.0081  val_acc=0.8375
2026-04-28 05:25:47,443  INFO        ep  80/400  tr_loss=0.4680  tr_acc=0.9752  val_loss=1.1357  val_acc=0.8333
2026-04-28 05:25:50,491  INFO        ep  85/400  tr_loss=0.4750  tr_acc=0.9741  val_loss=1.1315  val_acc=0.8250
2026-04-28 05:25:53,536  INFO        ep  90/400  tr_loss=0.4604  tr_acc=0.9782  val_loss=1.0368  val_acc=0.8250
2026-04-28 05:25:56,585  INFO        ep  95/400  tr_loss=0.4462  tr_acc=0.9839  val_loss=1.1960  val_acc=0.8458
2026-04-28 05:25:59,642  INFO        ep 100/400  tr_loss=0.4516  tr_acc=0.9819  val_loss=0.9216  val_acc=0.8458
2026-04-28 05:26:02,691  INFO        ep 105/400  tr_loss=0.4526  tr_acc=0.9810  val_loss=0.9276  val_acc=0.8125
2026-04-28 05:26:05,746  INFO        ep 110/400  tr_loss=0.4505  tr_acc=0.9806  val_loss=0.9007  val_acc=0.8792
2026-04-28 05:26:08,797  INFO        ep 115/400  tr_loss=0.4451  tr_acc=0.9836  val_loss=1.0539  val_acc=0.8417
2026-04-28 05:26:11,846  INFO        ep 120/400  tr_loss=0.4330  tr_acc=0.9876  val_loss=1.0370  val_acc=0.8375
2026-04-28 05:26:14,897  INFO        ep 125/400  tr_loss=0.4336  tr_acc=0.9867  val_loss=0.9278  val_acc=0.8583
2026-04-28 05:26:17,949  INFO        ep 130/400  tr_loss=0.4248  tr_acc=0.9889  val_loss=0.9879  val_acc=0.8125
2026-04-28 05:26:21,001  INFO        ep 135/400  tr_loss=0.4412  tr_acc=0.9839  val_loss=0.9831  val_acc=0.8333
2026-04-28 05:26:24,055  INFO        ep 140/400  tr_loss=0.4334  tr_acc=0.9870  val_loss=0.9549  val_acc=0.8500
2026-04-28 05:26:27,113  INFO        ep 145/400  tr_loss=0.4194  tr_acc=0.9903  val_loss=0.9295  val_acc=0.8417
2026-04-28 05:26:30,176  INFO        ep 150/400  tr_loss=0.4185  tr_acc=0.9907  val_loss=0.8615  val_acc=0.8667
2026-04-28 05:26:33,228  INFO        ep 155/400  tr_loss=0.4204  tr_acc=0.9899  val_loss=0.9132  val_acc=0.8417
2026-04-28 05:26:36,279  INFO        ep 160/400  tr_loss=0.4220  tr_acc=0.9899  val_loss=0.9604  val_acc=0.8500
2026-04-28 05:26:39,328  INFO        ep 165/400  tr_loss=0.4154  tr_acc=0.9917  val_loss=1.0276  val_acc=0.8625
2026-04-28 05:26:42,382  INFO        ep 170/400  tr_loss=0.4071  tr_acc=0.9938  val_loss=1.0713  val_acc=0.8458
2026-04-28 05:26:45,434  INFO        ep 175/400  tr_loss=0.4091  tr_acc=0.9930  val_loss=0.9516  val_acc=0.8458
2026-04-28 05:26:48,487  INFO        ep 180/400  tr_loss=0.4157  tr_acc=0.9917  val_loss=0.9406  val_acc=0.8625
2026-04-28 05:26:51,540  INFO        ep 185/400  tr_loss=0.4054  tr_acc=0.9945  val_loss=0.9468  val_acc=0.8458
2026-04-28 05:26:54,591  INFO        ep 190/400  tr_loss=0.4091  tr_acc=0.9926  val_loss=1.0052  val_acc=0.8625
2026-04-28 05:26:57,639  INFO        ep 195/400  tr_loss=0.4019  tr_acc=0.9945  val_loss=0.9088  val_acc=0.8792
2026-04-28 05:27:00,693  INFO        ep 200/400  tr_loss=0.3976  tr_acc=0.9958  val_loss=0.8796  val_acc=0.8958
2026-04-28 05:27:03,741  INFO        ep 205/400  tr_loss=0.4090  tr_acc=0.9930  val_loss=1.0356  val_acc=0.8542
2026-04-28 05:27:06,787  INFO        ep 210/400  tr_loss=0.3913  tr_acc=0.9970  val_loss=0.9721  val_acc=0.8625
2026-04-28 05:27:09,834  INFO        ep 215/400  tr_loss=0.4093  tr_acc=0.9931  val_loss=0.9731  val_acc=0.8667
2026-04-28 05:27:12,881  INFO        ep 220/400  tr_loss=0.3924  tr_acc=0.9968  val_loss=0.9294  val_acc=0.8792
2026-04-28 05:27:15,930  INFO        ep 225/400  tr_loss=0.3950  tr_acc=0.9963  val_loss=0.8953  val_acc=0.8792
2026-04-28 05:27:18,978  INFO        ep 230/400  tr_loss=0.3898  tr_acc=0.9968  val_loss=0.9324  val_acc=0.8667
2026-04-28 05:27:22,026  INFO        ep 235/400  tr_loss=0.3931  tr_acc=0.9959  val_loss=0.9104  val_acc=0.8708
2026-04-28 05:27:25,075  INFO        ep 240/400  tr_loss=0.3909  tr_acc=0.9961  val_loss=0.9433  val_acc=0.8625
2026-04-28 05:27:28,123  INFO        ep 245/400  tr_loss=0.3880  tr_acc=0.9967  val_loss=0.9281  val_acc=0.8542
2026-04-28 05:27:31,178  INFO        ep 250/400  tr_loss=0.3866  tr_acc=0.9973  val_loss=0.9289  val_acc=0.8667
2026-04-28 05:27:34,227  INFO        ep 255/400  tr_loss=0.3845  tr_acc=0.9978  val_loss=0.9878  val_acc=0.8667
2026-04-28 05:27:37,276  INFO        ep 260/400  tr_loss=0.3801  tr_acc=0.9986  val_loss=0.8878  val_acc=0.8667
2026-04-28 05:27:40,323  INFO        ep 265/400  tr_loss=0.3788  tr_acc=0.9989  val_loss=0.8968  val_acc=0.8792
2026-04-28 05:27:43,372  INFO        ep 270/400  tr_loss=0.3818  tr_acc=0.9982  val_loss=1.0434  val_acc=0.8542
2026-04-28 05:27:46,420  INFO        ep 275/400  tr_loss=0.3765  tr_acc=0.9986  val_loss=0.8816  val_acc=0.8792
2026-04-28 05:27:49,474  INFO        ep 280/400  tr_loss=0.3736  tr_acc=0.9991  val_loss=0.9253  val_acc=0.8750
2026-04-28 05:27:52,542  INFO        ep 285/400  tr_loss=0.3727  tr_acc=0.9994  val_loss=0.8053  val_acc=0.8750
2026-04-28 05:27:55,591  INFO        ep 290/400  tr_loss=0.3708  tr_acc=0.9996  val_loss=0.8210  val_acc=0.8625
2026-04-28 05:27:58,645  INFO        ep 295/400  tr_loss=0.3715  tr_acc=0.9996  val_loss=0.8975  val_acc=0.8708
2026-04-28 05:28:01,700  INFO        ep 300/400  tr_loss=0.3706  tr_acc=0.9995  val_loss=0.7954  val_acc=0.8875
2026-04-28 05:28:04,748  INFO        ep 305/400  tr_loss=0.3694  tr_acc=0.9996  val_loss=0.8518  val_acc=0.8708
2026-04-28 05:28:07,798  INFO        ep 310/400  tr_loss=0.3683  tr_acc=0.9995  val_loss=0.8663  val_acc=0.8833
2026-04-28 05:28:10,842  INFO        ep 315/400  tr_loss=0.3669  tr_acc=0.9996  val_loss=0.8207  val_acc=0.8792
2026-04-28 05:28:13,890  INFO        ep 320/400  tr_loss=0.3680  tr_acc=0.9994  val_loss=0.8578  val_acc=0.8792
2026-04-28 05:28:16,938  INFO        ep 325/400  tr_loss=0.3655  tr_acc=0.9997  val_loss=0.8601  val_acc=0.8750
2026-04-28 05:28:19,986  INFO        ep 330/400  tr_loss=0.3643  tr_acc=0.9999  val_loss=0.8292  val_acc=0.8792
2026-04-28 05:28:23,035  INFO        ep 335/400  tr_loss=0.3629  tr_acc=0.9999  val_loss=0.8844  val_acc=0.8708
2026-04-28 05:28:26,083  INFO        ep 340/400  tr_loss=0.3634  tr_acc=0.9998  val_loss=0.8580  val_acc=0.8708
2026-04-28 05:28:29,131  INFO        ep 345/400  tr_loss=0.3624  tr_acc=0.9999  val_loss=0.8589  val_acc=0.8750
2026-04-28 05:28:32,183  INFO        ep 350/400  tr_loss=0.3618  tr_acc=1.0000  val_loss=0.8558  val_acc=0.8875
2026-04-28 05:28:35,237  INFO        ep 355/400  tr_loss=0.3618  tr_acc=0.9997  val_loss=0.8449  val_acc=0.8708
2026-04-28 05:28:38,292  INFO        ep 360/400  tr_loss=0.3613  tr_acc=1.0000  val_loss=0.8385  val_acc=0.8750
2026-04-28 05:28:38,292  INFO        Early stopping at epoch 360 (patience=60).
2026-04-28 05:28:38,292  INFO        Fold 9 done  |  best_val_acc=0.8875  |  219.3s
2026-04-28 05:28:38,300  INFO      
=== LOSO Complete ===
2026-04-28 05:28:38,300  INFO         Per-fold:  ['0.8315', '0.8303', '0.8933', '0.8476', '0.8736', '0.8180', '0.8798', '0.8648', '0.8843', '0.8875']
2026-04-28 05:28:38,300  INFO         Mean acc:  0.8611
2026-04-28 05:28:38,301  INFO         Results → checkpoints/epoch_sweep/best_final/loso_results.txt
