2026-04-28 04:33:01,390  INFO      Using device: cuda
2026-04-28 04:33:02,269  INFO      Loaded data/processed/epoch_sweep_dataset.npz  |  X=(21696, 9, 300)  classes=24  subjects=10
2026-04-28 04:33:02,270  INFO      
── Fold 1/5  (test subject = 1) ──
2026-04-28 04:33:02,599  INFO      Using SpatialNeighborLoss  (CE + L/R penalty lr_w=0.50 + neighbor penalty nb_w=0.30)
2026-04-28 04:33:04,386  INFO        ep   1/600  tr_loss=2.0329  tr_acc=0.4105  val_loss=2.0212  val_acc=0.4289
2026-04-28 04:33:07,914  INFO        ep   5/600  tr_loss=1.1991  tr_acc=0.6829  val_loss=1.3361  val_acc=0.6372
2026-04-28 04:33:12,268  INFO        ep  10/600  tr_loss=0.9636  tr_acc=0.7803  val_loss=1.3719  val_acc=0.6598
2026-04-28 04:33:16,636  INFO        ep  15/600  tr_loss=0.8301  tr_acc=0.8291  val_loss=1.3508  val_acc=0.6598
2026-04-28 04:33:20,999  INFO        ep  20/600  tr_loss=0.7629  tr_acc=0.8595  val_loss=1.1777  val_acc=0.7019
2026-04-28 04:33:25,336  INFO        ep  25/600  tr_loss=0.7117  tr_acc=0.8798  val_loss=1.4865  val_acc=0.6433
2026-04-28 04:33:29,672  INFO        ep  30/600  tr_loss=0.6760  tr_acc=0.8927  val_loss=1.1254  val_acc=0.7353
2026-04-28 04:33:34,034  INFO        ep  35/600  tr_loss=0.6466  tr_acc=0.9054  val_loss=1.0902  val_acc=0.7557
2026-04-28 04:33:38,373  INFO        ep  40/600  tr_loss=0.6065  tr_acc=0.9232  val_loss=1.2306  val_acc=0.7378
2026-04-28 04:33:42,721  INFO        ep  45/600  tr_loss=0.5969  tr_acc=0.9274  val_loss=1.3077  val_acc=0.7274
2026-04-28 04:33:47,086  INFO        ep  50/600  tr_loss=0.5717  tr_acc=0.9381  val_loss=1.2788  val_acc=0.7435
2026-04-28 04:33:51,455  INFO        ep  55/600  tr_loss=0.5560  tr_acc=0.9438  val_loss=1.0959  val_acc=0.7730
2026-04-28 04:33:55,828  INFO        ep  60/600  tr_loss=0.5319  tr_acc=0.9532  val_loss=1.1311  val_acc=0.7780
2026-04-28 04:34:00,201  INFO        ep  65/600  tr_loss=0.5322  tr_acc=0.9535  val_loss=1.1414  val_acc=0.7579
2026-04-28 04:34:04,569  INFO        ep  70/600  tr_loss=0.5236  tr_acc=0.9561  val_loss=1.3174  val_acc=0.7356
2026-04-28 04:34:08,939  INFO        ep  75/600  tr_loss=0.5100  tr_acc=0.9603  val_loss=1.1707  val_acc=0.7532
2026-04-28 04:34:13,308  INFO        ep  80/600  tr_loss=0.5089  tr_acc=0.9626  val_loss=1.1775  val_acc=0.7522
2026-04-28 04:34:17,677  INFO        ep  85/600  tr_loss=0.5037  tr_acc=0.9640  val_loss=1.1840  val_acc=0.7557
2026-04-28 04:34:22,043  INFO        ep  90/600  tr_loss=0.5190  tr_acc=0.9590  val_loss=1.1390  val_acc=0.7744
2026-04-28 04:34:26,410  INFO        ep  95/600  tr_loss=0.4774  tr_acc=0.9734  val_loss=1.2327  val_acc=0.7561
2026-04-28 04:34:26,410  INFO        Early stopping at epoch 95 (patience=60).
2026-04-28 04:34:26,410  INFO        Fold 0 done  |  best_val_acc=0.7557  |  83.2s
2026-04-28 04:34:26,410  INFO      
── Fold 2/5  (test subject = 2) ──
2026-04-28 04:34:26,589  INFO      Using SpatialNeighborLoss  (CE + L/R penalty lr_w=0.50 + neighbor penalty nb_w=0.30)
2026-04-28 04:34:27,493  INFO        ep   1/600  tr_loss=2.0559  tr_acc=0.4119  val_loss=1.7881  val_acc=0.4538
2026-04-28 04:34:31,019  INFO        ep   5/600  tr_loss=1.1692  tr_acc=0.6952  val_loss=1.3987  val_acc=0.6524
2026-04-28 04:34:35,414  INFO        ep  10/600  tr_loss=0.9254  tr_acc=0.7894  val_loss=1.3484  val_acc=0.6505
2026-04-28 04:34:39,822  INFO        ep  15/600  tr_loss=0.8310  tr_acc=0.8310  val_loss=1.1576  val_acc=0.7346
2026-04-28 04:34:44,191  INFO        ep  20/600  tr_loss=0.7503  tr_acc=0.8637  val_loss=1.2857  val_acc=0.6730
2026-04-28 04:34:48,562  INFO        ep  25/600  tr_loss=0.6892  tr_acc=0.8893  val_loss=1.2736  val_acc=0.7087
2026-04-28 04:34:52,930  INFO        ep  30/600  tr_loss=0.6614  tr_acc=0.9006  val_loss=1.1989  val_acc=0.7241
2026-04-28 04:34:57,311  INFO        ep  35/600  tr_loss=0.6349  tr_acc=0.9108  val_loss=1.3066  val_acc=0.6967
2026-04-28 04:35:01,676  INFO        ep  40/600  tr_loss=0.6026  tr_acc=0.9224  val_loss=1.1906  val_acc=0.7335
2026-04-28 04:35:06,048  INFO        ep  45/600  tr_loss=0.5703  tr_acc=0.9375  val_loss=1.2488  val_acc=0.7248
2026-04-28 04:35:10,455  INFO        ep  50/600  tr_loss=0.5594  tr_acc=0.9426  val_loss=1.1905  val_acc=0.7549
2026-04-28 04:35:14,858  INFO        ep  55/600  tr_loss=0.5490  tr_acc=0.9453  val_loss=1.1548  val_acc=0.7515
2026-04-28 04:35:19,261  INFO        ep  60/600  tr_loss=0.5376  tr_acc=0.9498  val_loss=1.1328  val_acc=0.7605
2026-04-28 04:35:23,663  INFO        ep  65/600  tr_loss=0.5160  tr_acc=0.9595  val_loss=1.2532  val_acc=0.7245
2026-04-28 04:35:28,059  INFO        ep  70/600  tr_loss=0.5115  tr_acc=0.9606  val_loss=1.3235  val_acc=0.7132
2026-04-28 04:35:32,456  INFO        ep  75/600  tr_loss=0.5043  tr_acc=0.9617  val_loss=1.1849  val_acc=0.7519
2026-04-28 04:35:36,851  INFO        ep  80/600  tr_loss=0.5070  tr_acc=0.9625  val_loss=1.1527  val_acc=0.7571
2026-04-28 04:35:41,249  INFO        ep  85/600  tr_loss=0.4981  tr_acc=0.9670  val_loss=1.2778  val_acc=0.7339
2026-04-28 04:35:45,647  INFO        ep  90/600  tr_loss=0.4852  tr_acc=0.9702  val_loss=1.1893  val_acc=0.7680
2026-04-28 04:35:50,042  INFO        ep  95/600  tr_loss=0.4865  tr_acc=0.9692  val_loss=1.3291  val_acc=0.7346
2026-04-28 04:35:54,438  INFO        ep 100/600  tr_loss=0.4888  tr_acc=0.9682  val_loss=1.1343  val_acc=0.7714
2026-04-28 04:35:58,836  INFO        ep 105/600  tr_loss=0.4723  tr_acc=0.9754  val_loss=1.2322  val_acc=0.7489
2026-04-28 04:35:59,715  INFO        Early stopping at epoch 106 (patience=60).
2026-04-28 04:35:59,715  INFO        Fold 1 done  |  best_val_acc=0.7669  |  93.1s
2026-04-28 04:35:59,715  INFO      
── Fold 3/5  (test subject = 3) ──
2026-04-28 04:35:59,892  INFO      Using SpatialNeighborLoss  (CE + L/R penalty lr_w=0.50 + neighbor penalty nb_w=0.30)
2026-04-28 04:36:00,801  INFO        ep   1/600  tr_loss=2.0461  tr_acc=0.4123  val_loss=1.6407  val_acc=0.4945
2026-04-28 04:36:04,343  INFO        ep   5/600  tr_loss=1.1938  tr_acc=0.6868  val_loss=1.3105  val_acc=0.6477
2026-04-28 04:36:08,730  INFO        ep  10/600  tr_loss=0.9602  tr_acc=0.7800  val_loss=1.3128  val_acc=0.6550
2026-04-28 04:36:13,116  INFO        ep  15/600  tr_loss=0.8396  tr_acc=0.8290  val_loss=1.0856  val_acc=0.7544
2026-04-28 04:36:17,503  INFO        ep  20/600  tr_loss=0.7710  tr_acc=0.8533  val_loss=1.0426  val_acc=0.7368
2026-04-28 04:36:21,877  INFO        ep  25/600  tr_loss=0.7223  tr_acc=0.8753  val_loss=1.1294  val_acc=0.7325
2026-04-28 04:36:26,236  INFO        ep  30/600  tr_loss=0.6834  tr_acc=0.8925  val_loss=1.0202  val_acc=0.7613
2026-04-28 04:36:30,594  INFO        ep  35/600  tr_loss=0.6665  tr_acc=0.8985  val_loss=1.0446  val_acc=0.7675
2026-04-28 04:36:34,968  INFO        ep  40/600  tr_loss=0.6295  tr_acc=0.9129  val_loss=1.0331  val_acc=0.7792
2026-04-28 04:36:39,358  INFO        ep  45/600  tr_loss=0.5898  tr_acc=0.9294  val_loss=0.9545  val_acc=0.7931
2026-04-28 04:36:43,776  INFO        ep  50/600  tr_loss=0.5594  tr_acc=0.9411  val_loss=0.9051  val_acc=0.8231
2026-04-28 04:36:48,211  INFO        ep  55/600  tr_loss=0.5536  tr_acc=0.9438  val_loss=0.8532  val_acc=0.8421
2026-04-28 04:36:52,609  INFO        ep  60/600  tr_loss=0.5292  tr_acc=0.9526  val_loss=0.9055  val_acc=0.8220
2026-04-28 04:36:57,017  INFO        ep  65/600  tr_loss=0.5110  tr_acc=0.9588  val_loss=0.7774  val_acc=0.8640
2026-04-28 04:37:01,412  INFO        ep  70/600  tr_loss=0.5074  tr_acc=0.9594  val_loss=0.8332  val_acc=0.8564
2026-04-28 04:37:05,803  INFO        ep  75/600  tr_loss=0.5038  tr_acc=0.9622  val_loss=0.8744  val_acc=0.8264
2026-04-28 04:37:10,205  INFO        ep  80/600  tr_loss=0.4928  tr_acc=0.9664  val_loss=0.7740  val_acc=0.8670
2026-04-28 04:37:14,611  INFO        ep  85/600  tr_loss=0.4744  tr_acc=0.9709  val_loss=0.7961  val_acc=0.8644
2026-04-28 04:37:19,005  INFO        ep  90/600  tr_loss=0.4736  tr_acc=0.9726  val_loss=0.7920  val_acc=0.8688
2026-04-28 04:37:23,395  INFO        ep  95/600  tr_loss=0.4865  tr_acc=0.9690  val_loss=0.8265  val_acc=0.8542
2026-04-28 04:37:27,813  INFO        ep 100/600  tr_loss=0.4763  tr_acc=0.9726  val_loss=0.7592  val_acc=0.8713
2026-04-28 04:37:32,206  INFO        ep 105/600  tr_loss=0.4703  tr_acc=0.9758  val_loss=0.8197  val_acc=0.8571
2026-04-28 04:37:36,598  INFO        ep 110/600  tr_loss=0.4690  tr_acc=0.9753  val_loss=0.7695  val_acc=0.8754
2026-04-28 04:37:41,012  INFO        ep 115/600  tr_loss=0.4465  tr_acc=0.9811  val_loss=0.7547  val_acc=0.8860
2026-04-28 04:37:45,405  INFO        ep 120/600  tr_loss=0.4644  tr_acc=0.9776  val_loss=0.8041  val_acc=0.8706
2026-04-28 04:37:49,822  INFO        ep 125/600  tr_loss=0.4618  tr_acc=0.9770  val_loss=0.7669  val_acc=0.8768
2026-04-28 04:37:54,215  INFO        ep 130/600  tr_loss=0.4565  tr_acc=0.9789  val_loss=0.7810  val_acc=0.8746
2026-04-28 04:37:58,638  INFO        ep 135/600  tr_loss=0.4452  tr_acc=0.9822  val_loss=0.7426  val_acc=0.8856
2026-04-28 04:38:03,032  INFO        ep 140/600  tr_loss=0.4497  tr_acc=0.9815  val_loss=0.7270  val_acc=0.8907
2026-04-28 04:38:07,424  INFO        ep 145/600  tr_loss=0.4434  tr_acc=0.9827  val_loss=0.7845  val_acc=0.8746
2026-04-28 04:38:11,814  INFO        ep 150/600  tr_loss=0.4513  tr_acc=0.9801  val_loss=0.8009  val_acc=0.8746
2026-04-28 04:38:16,204  INFO        ep 155/600  tr_loss=0.4420  tr_acc=0.9836  val_loss=0.7416  val_acc=0.8819
2026-04-28 04:38:20,593  INFO        ep 160/600  tr_loss=0.4299  tr_acc=0.9873  val_loss=0.7773  val_acc=0.8761
2026-04-28 04:38:24,979  INFO        ep 165/600  tr_loss=0.4217  tr_acc=0.9885  val_loss=0.7505  val_acc=0.8849
2026-04-28 04:38:29,364  INFO        ep 170/600  tr_loss=0.4243  tr_acc=0.9891  val_loss=0.8070  val_acc=0.8681
2026-04-28 04:38:33,748  INFO        ep 175/600  tr_loss=0.4424  tr_acc=0.9830  val_loss=0.7417  val_acc=0.8885
2026-04-28 04:38:38,134  INFO        ep 180/600  tr_loss=0.4338  tr_acc=0.9878  val_loss=0.8162  val_acc=0.8622
2026-04-28 04:38:42,541  INFO        ep 185/600  tr_loss=0.4534  tr_acc=0.9799  val_loss=0.7455  val_acc=0.8944
2026-04-28 04:38:46,929  INFO        ep 190/600  tr_loss=0.4222  tr_acc=0.9889  val_loss=0.7542  val_acc=0.8849
2026-04-28 04:38:51,316  INFO        ep 195/600  tr_loss=0.4279  tr_acc=0.9879  val_loss=0.7388  val_acc=0.8896
2026-04-28 04:38:55,702  INFO        ep 200/600  tr_loss=0.4075  tr_acc=0.9924  val_loss=0.7647  val_acc=0.8819
2026-04-28 04:39:00,092  INFO        ep 205/600  tr_loss=0.4296  tr_acc=0.9863  val_loss=0.7552  val_acc=0.8885
2026-04-28 04:39:04,504  INFO        ep 210/600  tr_loss=0.4130  tr_acc=0.9920  val_loss=0.7459  val_acc=0.8867
2026-04-28 04:39:08,891  INFO        ep 215/600  tr_loss=0.4266  tr_acc=0.9882  val_loss=0.7682  val_acc=0.8856
2026-04-28 04:39:13,279  INFO        ep 220/600  tr_loss=0.4109  tr_acc=0.9924  val_loss=0.7183  val_acc=0.9028
2026-04-28 04:39:17,690  INFO        ep 225/600  tr_loss=0.4305  tr_acc=0.9858  val_loss=0.7316  val_acc=0.8863
2026-04-28 04:39:22,080  INFO        ep 230/600  tr_loss=0.4365  tr_acc=0.9849  val_loss=0.7354  val_acc=0.8900
2026-04-28 04:39:26,467  INFO        ep 235/600  tr_loss=0.4043  tr_acc=0.9941  val_loss=0.7554  val_acc=0.8896
2026-04-28 04:39:30,855  INFO        ep 240/600  tr_loss=0.4139  tr_acc=0.9909  val_loss=0.7077  val_acc=0.9010
2026-04-28 04:39:35,243  INFO        ep 245/600  tr_loss=0.4224  tr_acc=0.9896  val_loss=0.7267  val_acc=0.8911
2026-04-28 04:39:39,630  INFO        ep 250/600  tr_loss=0.4058  tr_acc=0.9929  val_loss=0.7347  val_acc=0.8940
2026-04-28 04:39:44,016  INFO        ep 255/600  tr_loss=0.4034  tr_acc=0.9937  val_loss=0.7273  val_acc=0.8940
2026-04-28 04:39:48,402  INFO        ep 260/600  tr_loss=0.4090  tr_acc=0.9934  val_loss=0.7989  val_acc=0.8805
2026-04-28 04:39:52,786  INFO        ep 265/600  tr_loss=0.4301  tr_acc=0.9870  val_loss=0.7714  val_acc=0.8830
2026-04-28 04:39:57,448  INFO        ep 270/600  tr_loss=0.3958  tr_acc=0.9957  val_loss=0.7826  val_acc=0.8889
2026-04-28 04:40:01,830  INFO        ep 275/600  tr_loss=0.4158  tr_acc=0.9909  val_loss=0.7711  val_acc=0.8827
2026-04-28 04:40:06,212  INFO        ep 280/600  tr_loss=0.4067  tr_acc=0.9927  val_loss=0.7474  val_acc=0.8951
2026-04-28 04:40:10,595  INFO        ep 285/600  tr_loss=0.3976  tr_acc=0.9947  val_loss=0.7409  val_acc=0.8900
2026-04-28 04:40:14,979  INFO        ep 290/600  tr_loss=0.4003  tr_acc=0.9946  val_loss=0.7251  val_acc=0.8999
2026-04-28 04:40:19,365  INFO        ep 295/600  tr_loss=0.4076  tr_acc=0.9930  val_loss=0.7558  val_acc=0.8768
2026-04-28 04:40:23,750  INFO        ep 300/600  tr_loss=0.3993  tr_acc=0.9951  val_loss=0.7136  val_acc=0.8969
2026-04-28 04:40:28,135  INFO        ep 305/600  tr_loss=0.4107  tr_acc=0.9918  val_loss=0.7615  val_acc=0.8860
2026-04-28 04:40:32,520  INFO        ep 310/600  tr_loss=0.3964  tr_acc=0.9946  val_loss=0.6998  val_acc=0.9024
2026-04-28 04:40:36,906  INFO        ep 315/600  tr_loss=0.3941  tr_acc=0.9957  val_loss=0.7059  val_acc=0.9050
2026-04-28 04:40:41,291  INFO        ep 320/600  tr_loss=0.3991  tr_acc=0.9950  val_loss=0.7292  val_acc=0.8980
2026-04-28 04:40:45,677  INFO        ep 325/600  tr_loss=0.3931  tr_acc=0.9958  val_loss=0.7140  val_acc=0.9017
2026-04-28 04:40:46,554  INFO        Early stopping at epoch 326 (patience=60).
2026-04-28 04:40:46,554  INFO        Fold 2 done  |  best_val_acc=0.9028  |  286.7s
2026-04-28 04:40:46,554  INFO      
── Fold 4/5  (test subject = 4) ──
2026-04-28 04:40:46,727  INFO      Using SpatialNeighborLoss  (CE + L/R penalty lr_w=0.50 + neighbor penalty nb_w=0.30)
2026-04-28 04:40:47,631  INFO        ep   1/600  tr_loss=1.9830  tr_acc=0.4236  val_loss=1.8551  val_acc=0.4611
2026-04-28 04:40:51,178  INFO        ep   5/600  tr_loss=1.1886  tr_acc=0.6860  val_loss=1.5897  val_acc=0.5849
2026-04-28 04:40:55,621  INFO        ep  10/600  tr_loss=0.9375  tr_acc=0.7895  val_loss=1.2234  val_acc=0.7016
2026-04-28 04:41:00,044  INFO        ep  15/600  tr_loss=0.8323  tr_acc=0.8314  val_loss=1.1328  val_acc=0.7210
2026-04-28 04:41:04,422  INFO        ep  20/600  tr_loss=0.7643  tr_acc=0.8624  val_loss=1.1627  val_acc=0.7131
2026-04-28 04:41:08,840  INFO        ep  25/600  tr_loss=0.7068  tr_acc=0.8836  val_loss=1.1696  val_acc=0.7127
2026-04-28 04:41:13,216  INFO        ep  30/600  tr_loss=0.6655  tr_acc=0.9007  val_loss=1.1170  val_acc=0.7373
2026-04-28 04:41:17,592  INFO        ep  35/600  tr_loss=0.6457  tr_acc=0.9091  val_loss=1.1955  val_acc=0.7317
2026-04-28 04:41:21,997  INFO        ep  40/600  tr_loss=0.6038  tr_acc=0.9251  val_loss=1.1105  val_acc=0.7540
2026-04-28 04:41:26,420  INFO        ep  45/600  tr_loss=0.5858  tr_acc=0.9315  val_loss=1.0891  val_acc=0.7714
2026-04-28 04:41:30,832  INFO        ep  50/600  tr_loss=0.5604  tr_acc=0.9429  val_loss=1.1292  val_acc=0.7520
2026-04-28 04:41:35,244  INFO        ep  55/600  tr_loss=0.5475  tr_acc=0.9464  val_loss=1.0785  val_acc=0.7647
2026-04-28 04:41:39,657  INFO        ep  60/600  tr_loss=0.5299  tr_acc=0.9535  val_loss=1.1714  val_acc=0.7516
2026-04-28 04:41:44,067  INFO        ep  65/600  tr_loss=0.5163  tr_acc=0.9610  val_loss=1.0814  val_acc=0.7694
2026-04-28 04:41:48,478  INFO        ep  70/600  tr_loss=0.5250  tr_acc=0.9557  val_loss=1.1047  val_acc=0.7627
2026-04-28 04:41:52,887  INFO        ep  75/600  tr_loss=0.5093  tr_acc=0.9618  val_loss=1.0942  val_acc=0.7825
2026-04-28 04:41:57,293  INFO        ep  80/600  tr_loss=0.4986  tr_acc=0.9658  val_loss=1.1986  val_acc=0.7492
2026-04-28 04:42:01,701  INFO        ep  85/600  tr_loss=0.4908  tr_acc=0.9693  val_loss=1.1372  val_acc=0.7548
2026-04-28 04:42:06,109  INFO        ep  90/600  tr_loss=0.4946  tr_acc=0.9675  val_loss=1.0900  val_acc=0.7714
2026-04-28 04:42:10,517  INFO        ep  95/600  tr_loss=0.4872  tr_acc=0.9690  val_loss=1.1982  val_acc=0.7552
2026-04-28 04:42:14,925  INFO        ep 100/600  tr_loss=0.4792  tr_acc=0.9727  val_loss=1.1801  val_acc=0.7754
2026-04-28 04:42:15,807  INFO        Early stopping at epoch 101 (patience=60).
2026-04-28 04:42:15,807  INFO        Fold 3 done  |  best_val_acc=0.7738  |  89.1s
2026-04-28 04:42:15,807  INFO      
── Fold 5/5  (test subject = 5) ──
2026-04-28 04:42:15,985  INFO      Using SpatialNeighborLoss  (CE + L/R penalty lr_w=0.50 + neighbor penalty nb_w=0.30)
2026-04-28 04:42:16,897  INFO        ep   1/600  tr_loss=2.0275  tr_acc=0.4187  val_loss=1.6609  val_acc=0.4989
2026-04-28 04:42:20,451  INFO        ep   5/600  tr_loss=1.1941  tr_acc=0.6835  val_loss=1.2308  val_acc=0.6986
2026-04-28 04:42:24,875  INFO        ep  10/600  tr_loss=0.9615  tr_acc=0.7771  val_loss=1.0422  val_acc=0.7511
2026-04-28 04:42:29,225  INFO        ep  15/600  tr_loss=0.8547  tr_acc=0.8212  val_loss=1.0503  val_acc=0.7536
2026-04-28 04:42:33,613  INFO        ep  20/600  tr_loss=0.7698  tr_acc=0.8578  val_loss=1.0284  val_acc=0.7667
2026-04-28 04:42:38,001  INFO        ep  25/600  tr_loss=0.7097  tr_acc=0.8810  val_loss=0.9784  val_acc=0.7975
2026-04-28 04:42:42,346  INFO        ep  30/600  tr_loss=0.6670  tr_acc=0.8968  val_loss=1.0982  val_acc=0.7678
2026-04-28 04:42:46,692  INFO        ep  35/600  tr_loss=0.6452  tr_acc=0.9058  val_loss=0.9992  val_acc=0.7928
2026-04-28 04:42:51,061  INFO        ep  40/600  tr_loss=0.6069  tr_acc=0.9245  val_loss=1.0801  val_acc=0.7880
2026-04-28 04:42:55,416  INFO        ep  45/600  tr_loss=0.5834  tr_acc=0.9328  val_loss=1.0170  val_acc=0.7931
2026-04-28 04:42:59,787  INFO        ep  50/600  tr_loss=0.5617  tr_acc=0.9420  val_loss=0.9336  val_acc=0.8344
2026-04-28 04:43:04,167  INFO        ep  55/600  tr_loss=0.5392  tr_acc=0.9482  val_loss=0.9569  val_acc=0.8105
2026-04-28 04:43:08,550  INFO        ep  60/600  tr_loss=0.5330  tr_acc=0.9515  val_loss=0.9371  val_acc=0.8214
2026-04-28 04:43:12,931  INFO        ep  65/600  tr_loss=0.5105  tr_acc=0.9590  val_loss=1.0053  val_acc=0.8159
2026-04-28 04:43:17,311  INFO        ep  70/600  tr_loss=0.5098  tr_acc=0.9607  val_loss=0.9695  val_acc=0.8283
2026-04-28 04:43:21,724  INFO        ep  75/600  tr_loss=0.5014  tr_acc=0.9625  val_loss=0.9353  val_acc=0.8304
2026-04-28 04:43:26,102  INFO        ep  80/600  tr_loss=0.4869  tr_acc=0.9674  val_loss=0.8826  val_acc=0.8420
2026-04-28 04:43:30,479  INFO        ep  85/600  tr_loss=0.4903  tr_acc=0.9675  val_loss=0.9030  val_acc=0.8297
2026-04-28 04:43:34,856  INFO        ep  90/600  tr_loss=0.4813  tr_acc=0.9706  val_loss=0.9048  val_acc=0.8337
2026-04-28 04:43:39,232  INFO        ep  95/600  tr_loss=0.4794  tr_acc=0.9690  val_loss=0.9026  val_acc=0.8388
2026-04-28 04:43:43,608  INFO        ep 100/600  tr_loss=0.4706  tr_acc=0.9725  val_loss=0.8785  val_acc=0.8493
2026-04-28 04:43:47,987  INFO        ep 105/600  tr_loss=0.4635  tr_acc=0.9753  val_loss=0.9285  val_acc=0.8373
2026-04-28 04:43:52,382  INFO        ep 110/600  tr_loss=0.4610  tr_acc=0.9763  val_loss=0.8844  val_acc=0.8442
2026-04-28 04:43:56,762  INFO        ep 115/600  tr_loss=0.4549  tr_acc=0.9790  val_loss=0.8742  val_acc=0.8572
2026-04-28 04:44:01,142  INFO        ep 120/600  tr_loss=0.4621  tr_acc=0.9768  val_loss=0.8981  val_acc=0.8453
2026-04-28 04:44:05,521  INFO        ep 125/600  tr_loss=0.4525  tr_acc=0.9804  val_loss=0.9233  val_acc=0.8399
2026-04-28 04:44:09,900  INFO        ep 130/600  tr_loss=0.4539  tr_acc=0.9799  val_loss=0.9303  val_acc=0.8500
2026-04-28 04:44:14,279  INFO        ep 135/600  tr_loss=0.4555  tr_acc=0.9788  val_loss=0.8623  val_acc=0.8594
2026-04-28 04:44:18,658  INFO        ep 140/600  tr_loss=0.4420  tr_acc=0.9834  val_loss=0.8677  val_acc=0.8620
2026-04-28 04:44:23,036  INFO        ep 145/600  tr_loss=0.4350  tr_acc=0.9851  val_loss=0.8614  val_acc=0.8678
2026-04-28 04:44:27,412  INFO        ep 150/600  tr_loss=0.4445  tr_acc=0.9823  val_loss=0.8868  val_acc=0.8518
2026-04-28 04:44:31,788  INFO        ep 155/600  tr_loss=0.4374  tr_acc=0.9842  val_loss=0.8615  val_acc=0.8587
2026-04-28 04:44:36,203  INFO        ep 160/600  tr_loss=0.4303  tr_acc=0.9860  val_loss=0.8790  val_acc=0.8678
2026-04-28 04:44:40,600  INFO        ep 165/600  tr_loss=0.4298  tr_acc=0.9871  val_loss=0.8296  val_acc=0.8696
2026-04-28 04:44:44,974  INFO        ep 170/600  tr_loss=0.4356  tr_acc=0.9842  val_loss=0.8857  val_acc=0.8656
2026-04-28 04:44:49,348  INFO        ep 175/600  tr_loss=0.4356  tr_acc=0.9836  val_loss=0.8100  val_acc=0.8703
2026-04-28 04:44:53,721  INFO        ep 180/600  tr_loss=0.4208  tr_acc=0.9898  val_loss=0.8426  val_acc=0.8620
2026-04-28 04:44:58,096  INFO        ep 185/600  tr_loss=0.4246  tr_acc=0.9883  val_loss=0.8224  val_acc=0.8775
2026-04-28 04:45:02,470  INFO        ep 190/600  tr_loss=0.4303  tr_acc=0.9853  val_loss=0.8449  val_acc=0.8576
2026-04-28 04:45:06,945  INFO        ep 195/600  tr_loss=0.4293  tr_acc=0.9863  val_loss=0.7700  val_acc=0.8793
2026-04-28 04:45:11,317  INFO        ep 200/600  tr_loss=0.4232  tr_acc=0.9899  val_loss=0.8797  val_acc=0.8576
2026-04-28 04:45:15,692  INFO        ep 205/600  tr_loss=0.4167  tr_acc=0.9909  val_loss=0.9290  val_acc=0.8453
2026-04-28 04:45:20,067  INFO        ep 210/600  tr_loss=0.4106  tr_acc=0.9929  val_loss=0.8438  val_acc=0.8649
2026-04-28 04:45:24,441  INFO        ep 215/600  tr_loss=0.4214  tr_acc=0.9902  val_loss=0.8699  val_acc=0.8609
2026-04-28 04:45:28,816  INFO        ep 220/600  tr_loss=0.4129  tr_acc=0.9916  val_loss=0.8304  val_acc=0.8656
2026-04-28 04:45:33,191  INFO        ep 225/600  tr_loss=0.4244  tr_acc=0.9894  val_loss=0.8150  val_acc=0.8732
2026-04-28 04:45:37,566  INFO        ep 230/600  tr_loss=0.4169  tr_acc=0.9899  val_loss=0.9002  val_acc=0.8464
2026-04-28 04:45:41,940  INFO        ep 235/600  tr_loss=0.4183  tr_acc=0.9900  val_loss=0.8265  val_acc=0.8620
2026-04-28 04:45:46,314  INFO        ep 240/600  tr_loss=0.4118  tr_acc=0.9923  val_loss=0.8245  val_acc=0.8670
2026-04-28 04:45:50,687  INFO        ep 245/600  tr_loss=0.4067  tr_acc=0.9935  val_loss=0.8188  val_acc=0.8790
2026-04-28 04:45:55,061  INFO        ep 250/600  tr_loss=0.4136  tr_acc=0.9913  val_loss=0.8283  val_acc=0.8678
2026-04-28 04:45:59,433  INFO        ep 255/600  tr_loss=0.4024  tr_acc=0.9946  val_loss=0.7942  val_acc=0.8793
2026-04-28 04:45:59,433  INFO        Early stopping at epoch 255 (patience=60).
2026-04-28 04:45:59,433  INFO        Fold 4 done  |  best_val_acc=0.8793  |  223.4s
2026-04-28 04:45:59,444  INFO      
=== LOSO Complete ===
2026-04-28 04:45:59,444  INFO         Per-fold:  ['0.7557', '0.7669', '0.9028', '0.7738', '0.8793']
2026-04-28 04:45:59,444  INFO         Mean acc:  0.8157
2026-04-28 04:45:59,444  INFO         Results → checkpoints/epoch_sweep/ep600_custom/loso_results.txt
