2026-04-28 03:49:03,439  INFO      Using device: cuda
2026-04-28 03:49:04,318  INFO      Loaded data/processed/epoch_sweep_dataset.npz  |  X=(21696, 9, 300)  classes=24  subjects=10
2026-04-28 03:49:04,322  INFO      
── Fold 1/5  (test subject = 1) ──
2026-04-28 03:49:05,855  INFO      Using SpatialNeighborLoss  (CE + L/R penalty lr_w=0.50 + neighbor penalty nb_w=0.30)
2026-04-28 03:49:28,434  INFO        ep   1/300  tr_loss=2.0484  tr_acc=0.4087  val_loss=1.9552  val_acc=0.4486
2026-04-28 03:49:31,967  INFO        ep   5/300  tr_loss=1.2183  tr_acc=0.6793  val_loss=1.3547  val_acc=0.6135
2026-04-28 03:49:36,331  INFO        ep  10/300  tr_loss=0.9620  tr_acc=0.7801  val_loss=1.2564  val_acc=0.6685
2026-04-28 03:49:40,674  INFO        ep  15/300  tr_loss=0.8467  tr_acc=0.8234  val_loss=1.1747  val_acc=0.7155
2026-04-28 03:49:45,012  INFO        ep  20/300  tr_loss=0.7666  tr_acc=0.8579  val_loss=1.1617  val_acc=0.7302
2026-04-28 03:49:49,336  INFO        ep  25/300  tr_loss=0.7157  tr_acc=0.8786  val_loss=1.1741  val_acc=0.7331
2026-04-28 03:49:53,683  INFO        ep  30/300  tr_loss=0.6790  tr_acc=0.8936  val_loss=1.1005  val_acc=0.7583
2026-04-28 03:49:58,011  INFO        ep  35/300  tr_loss=0.6373  tr_acc=0.9079  val_loss=1.1480  val_acc=0.7428
2026-04-28 03:50:02,339  INFO        ep  40/300  tr_loss=0.6067  tr_acc=0.9224  val_loss=1.2667  val_acc=0.7223
2026-04-28 03:50:06,661  INFO        ep  45/300  tr_loss=0.5790  tr_acc=0.9337  val_loss=1.2122  val_acc=0.7338
2026-04-28 03:50:11,013  INFO        ep  50/300  tr_loss=0.5642  tr_acc=0.9387  val_loss=1.1358  val_acc=0.7590
2026-04-28 03:50:15,349  INFO        ep  55/300  tr_loss=0.5475  tr_acc=0.9467  val_loss=1.1970  val_acc=0.7302
2026-04-28 03:50:19,614  INFO        ep  60/300  tr_loss=0.5259  tr_acc=0.9543  val_loss=1.2213  val_acc=0.7468
2026-04-28 03:50:23,882  INFO        ep  65/300  tr_loss=0.5207  tr_acc=0.9566  val_loss=1.1379  val_acc=0.7705
2026-04-28 03:50:28,147  INFO        ep  70/300  tr_loss=0.5077  tr_acc=0.9630  val_loss=1.3061  val_acc=0.7511
2026-04-28 03:50:32,412  INFO        ep  75/300  tr_loss=0.4946  tr_acc=0.9671  val_loss=1.1914  val_acc=0.7586
2026-04-28 03:50:34,117  INFO        Early stopping at epoch 77 (patience=50).
2026-04-28 03:50:34,118  INFO        Fold 0 done  |  best_val_acc=0.7683  |  77.9s
2026-04-28 03:50:34,118  INFO      
── Fold 2/5  (test subject = 2) ──
2026-04-28 03:50:34,296  INFO      Using SpatialNeighborLoss  (CE + L/R penalty lr_w=0.50 + neighbor penalty nb_w=0.30)
2026-04-28 03:50:35,250  INFO        ep   1/300  tr_loss=2.0096  tr_acc=0.4152  val_loss=1.9509  val_acc=0.4035
2026-04-28 03:50:38,711  INFO        ep   5/300  tr_loss=1.1840  tr_acc=0.6877  val_loss=1.5610  val_acc=0.5893
2026-04-28 03:50:43,027  INFO        ep  10/300  tr_loss=0.9339  tr_acc=0.7916  val_loss=1.5157  val_acc=0.6179
2026-04-28 03:50:47,344  INFO        ep  15/300  tr_loss=0.8183  tr_acc=0.8359  val_loss=1.2155  val_acc=0.7065
2026-04-28 03:50:51,610  INFO        ep  20/300  tr_loss=0.7372  tr_acc=0.8665  val_loss=1.2873  val_acc=0.6986
2026-04-28 03:50:55,910  INFO        ep  25/300  tr_loss=0.6960  tr_acc=0.8830  val_loss=1.2115  val_acc=0.7151
2026-04-28 03:51:00,178  INFO        ep  30/300  tr_loss=0.6633  tr_acc=0.8975  val_loss=1.4889  val_acc=0.6505
2026-04-28 03:51:04,465  INFO        ep  35/300  tr_loss=0.6245  tr_acc=0.9185  val_loss=1.2774  val_acc=0.7128
2026-04-28 03:51:08,752  INFO        ep  40/300  tr_loss=0.5912  tr_acc=0.9286  val_loss=1.2649  val_acc=0.7331
2026-04-28 03:51:13,120  INFO        ep  45/300  tr_loss=0.5731  tr_acc=0.9346  val_loss=1.2052  val_acc=0.7376
2026-04-28 03:51:17,414  INFO        ep  50/300  tr_loss=0.5521  tr_acc=0.9448  val_loss=1.2224  val_acc=0.7440
2026-04-28 03:51:21,717  INFO        ep  55/300  tr_loss=0.5341  tr_acc=0.9502  val_loss=1.3483  val_acc=0.6907
2026-04-28 03:51:26,019  INFO        ep  60/300  tr_loss=0.5166  tr_acc=0.9586  val_loss=1.2387  val_acc=0.7387
2026-04-28 03:51:30,321  INFO        ep  65/300  tr_loss=0.5141  tr_acc=0.9590  val_loss=1.2602  val_acc=0.7410
2026-04-28 03:51:34,622  INFO        ep  70/300  tr_loss=0.5076  tr_acc=0.9624  val_loss=1.2453  val_acc=0.7361
2026-04-28 03:51:38,920  INFO        ep  75/300  tr_loss=0.4835  tr_acc=0.9712  val_loss=1.1787  val_acc=0.7530
2026-04-28 03:51:43,217  INFO        ep  80/300  tr_loss=0.4748  tr_acc=0.9741  val_loss=1.2256  val_acc=0.7399
2026-04-28 03:51:47,512  INFO        ep  85/300  tr_loss=0.4917  tr_acc=0.9676  val_loss=1.2338  val_acc=0.7320
2026-04-28 03:51:51,810  INFO        ep  90/300  tr_loss=0.4701  tr_acc=0.9761  val_loss=1.2139  val_acc=0.7526
2026-04-28 03:51:52,669  INFO        Early stopping at epoch 91 (patience=50).
2026-04-28 03:51:52,669  INFO        Fold 1 done  |  best_val_acc=0.7616  |  78.4s
2026-04-28 03:51:52,670  INFO      
── Fold 3/5  (test subject = 3) ──
2026-04-28 03:51:52,847  INFO      Using SpatialNeighborLoss  (CE + L/R penalty lr_w=0.50 + neighbor penalty nb_w=0.30)
2026-04-28 03:51:54,145  INFO        ep   1/300  tr_loss=2.0385  tr_acc=0.4017  val_loss=1.6725  val_acc=0.4883
2026-04-28 03:51:57,621  INFO        ep   5/300  tr_loss=1.1711  tr_acc=0.6943  val_loss=1.2994  val_acc=0.6685
2026-04-28 03:52:01,923  INFO        ep  10/300  tr_loss=0.9390  tr_acc=0.7866  val_loss=1.2001  val_acc=0.6963
2026-04-28 03:52:06,210  INFO        ep  15/300  tr_loss=0.8230  tr_acc=0.8354  val_loss=1.1883  val_acc=0.7072
2026-04-28 03:52:10,480  INFO        ep  20/300  tr_loss=0.7606  tr_acc=0.8559  val_loss=1.2209  val_acc=0.7138
2026-04-28 03:52:14,764  INFO        ep  25/300  tr_loss=0.7127  tr_acc=0.8795  val_loss=1.0666  val_acc=0.7540
2026-04-28 03:52:19,050  INFO        ep  30/300  tr_loss=0.6769  tr_acc=0.8919  val_loss=1.3579  val_acc=0.7160
2026-04-28 03:52:23,318  INFO        ep  35/300  tr_loss=0.6384  tr_acc=0.9108  val_loss=1.1322  val_acc=0.7533
2026-04-28 03:52:27,607  INFO        ep  40/300  tr_loss=0.6051  tr_acc=0.9229  val_loss=1.0865  val_acc=0.7643
2026-04-28 03:52:31,907  INFO        ep  45/300  tr_loss=0.5938  tr_acc=0.9270  val_loss=0.9583  val_acc=0.8037
2026-04-28 03:52:36,205  INFO        ep  50/300  tr_loss=0.5807  tr_acc=0.9336  val_loss=0.9996  val_acc=0.7950
2026-04-28 03:52:40,528  INFO        ep  55/300  tr_loss=0.5565  tr_acc=0.9410  val_loss=1.1034  val_acc=0.7551
2026-04-28 03:52:44,834  INFO        ep  60/300  tr_loss=0.5184  tr_acc=0.9591  val_loss=0.9418  val_acc=0.8096
2026-04-28 03:52:49,176  INFO        ep  65/300  tr_loss=0.4949  tr_acc=0.9641  val_loss=0.9709  val_acc=0.8085
2026-04-28 03:52:53,481  INFO        ep  70/300  tr_loss=0.4990  tr_acc=0.9630  val_loss=0.9320  val_acc=0.8118
2026-04-28 03:52:57,800  INFO        ep  75/300  tr_loss=0.4840  tr_acc=0.9693  val_loss=0.8425  val_acc=0.8355
2026-04-28 03:53:02,102  INFO        ep  80/300  tr_loss=0.4929  tr_acc=0.9659  val_loss=0.8899  val_acc=0.8246
2026-04-28 03:53:06,403  INFO        ep  85/300  tr_loss=0.4730  tr_acc=0.9719  val_loss=0.9593  val_acc=0.8067
2026-04-28 03:53:10,736  INFO        ep  90/300  tr_loss=0.4668  tr_acc=0.9741  val_loss=0.8224  val_acc=0.8564
2026-04-28 03:53:15,066  INFO        ep  95/300  tr_loss=0.5038  tr_acc=0.9628  val_loss=0.8255  val_acc=0.8461
2026-04-28 03:53:19,383  INFO        ep 100/300  tr_loss=0.4594  tr_acc=0.9783  val_loss=0.8360  val_acc=0.8516
2026-04-28 03:53:23,684  INFO        ep 105/300  tr_loss=0.4602  tr_acc=0.9781  val_loss=0.8201  val_acc=0.8618
2026-04-28 03:53:28,003  INFO        ep 110/300  tr_loss=0.4474  tr_acc=0.9795  val_loss=0.7739  val_acc=0.8702
2026-04-28 03:53:32,305  INFO        ep 115/300  tr_loss=0.4421  tr_acc=0.9841  val_loss=0.8096  val_acc=0.8666
2026-04-28 03:53:36,618  INFO        ep 120/300  tr_loss=0.4291  tr_acc=0.9876  val_loss=0.8202  val_acc=0.8673
2026-04-28 03:53:40,918  INFO        ep 125/300  tr_loss=0.4389  tr_acc=0.9850  val_loss=0.8702  val_acc=0.8498
2026-04-28 03:53:45,216  INFO        ep 130/300  tr_loss=0.4285  tr_acc=0.9875  val_loss=0.7966  val_acc=0.8651
2026-04-28 03:53:49,515  INFO        ep 135/300  tr_loss=0.4162  tr_acc=0.9901  val_loss=0.7803  val_acc=0.8852
2026-04-28 03:53:53,814  INFO        ep 140/300  tr_loss=0.4336  tr_acc=0.9844  val_loss=0.8134  val_acc=0.8626
2026-04-28 03:53:58,134  INFO        ep 145/300  tr_loss=0.4226  tr_acc=0.9888  val_loss=0.7843  val_acc=0.8750
2026-04-28 03:54:02,451  INFO        ep 150/300  tr_loss=0.4147  tr_acc=0.9907  val_loss=0.7931  val_acc=0.8739
2026-04-28 03:54:06,748  INFO        ep 155/300  tr_loss=0.4156  tr_acc=0.9906  val_loss=0.7768  val_acc=0.8779
2026-04-28 03:54:11,043  INFO        ep 160/300  tr_loss=0.4028  tr_acc=0.9944  val_loss=0.7894  val_acc=0.8776
2026-04-28 03:54:15,336  INFO        ep 165/300  tr_loss=0.3999  tr_acc=0.9938  val_loss=0.7486  val_acc=0.8878
2026-04-28 03:54:19,629  INFO        ep 170/300  tr_loss=0.4103  tr_acc=0.9930  val_loss=0.7453  val_acc=0.8871
2026-04-28 03:54:23,924  INFO        ep 175/300  tr_loss=0.3971  tr_acc=0.9944  val_loss=0.7769  val_acc=0.8852
2026-04-28 03:54:28,213  INFO        ep 180/300  tr_loss=0.4042  tr_acc=0.9918  val_loss=0.7622  val_acc=0.8885
2026-04-28 03:54:32,503  INFO        ep 185/300  tr_loss=0.4071  tr_acc=0.9927  val_loss=0.7765  val_acc=0.8863
2026-04-28 03:54:36,793  INFO        ep 190/300  tr_loss=0.3895  tr_acc=0.9962  val_loss=0.7648  val_acc=0.8823
2026-04-28 03:54:41,083  INFO        ep 195/300  tr_loss=0.3826  tr_acc=0.9976  val_loss=0.7408  val_acc=0.8889
2026-04-28 03:54:42,799  INFO        Early stopping at epoch 197 (patience=50).
2026-04-28 03:54:42,799  INFO        Fold 2 done  |  best_val_acc=0.8918  |  170.0s
2026-04-28 03:54:42,799  INFO      
── Fold 4/5  (test subject = 4) ──
2026-04-28 03:54:42,971  INFO      Using SpatialNeighborLoss  (CE + L/R penalty lr_w=0.50 + neighbor penalty nb_w=0.30)
2026-04-28 03:54:43,851  INFO        ep   1/300  tr_loss=2.0273  tr_acc=0.4118  val_loss=1.8197  val_acc=0.4647
2026-04-28 03:54:47,330  INFO        ep   5/300  tr_loss=1.2168  tr_acc=0.6803  val_loss=1.4839  val_acc=0.5996
2026-04-28 03:54:51,652  INFO        ep  10/300  tr_loss=0.9664  tr_acc=0.7801  val_loss=1.3023  val_acc=0.6567
2026-04-28 03:54:55,988  INFO        ep  15/300  tr_loss=0.8402  tr_acc=0.8287  val_loss=1.1778  val_acc=0.7194
2026-04-28 03:55:00,309  INFO        ep  20/300  tr_loss=0.7841  tr_acc=0.8488  val_loss=1.2313  val_acc=0.6929
2026-04-28 03:55:04,597  INFO        ep  25/300  tr_loss=0.7264  tr_acc=0.8771  val_loss=1.1655  val_acc=0.7111
2026-04-28 03:55:08,900  INFO        ep  30/300  tr_loss=0.6656  tr_acc=0.8981  val_loss=1.1326  val_acc=0.7357
2026-04-28 03:55:13,185  INFO        ep  35/300  tr_loss=0.6403  tr_acc=0.9087  val_loss=1.1435  val_acc=0.7317
2026-04-28 03:55:17,490  INFO        ep  40/300  tr_loss=0.6110  tr_acc=0.9205  val_loss=1.1223  val_acc=0.7480
2026-04-28 03:55:21,786  INFO        ep  45/300  tr_loss=0.5907  tr_acc=0.9308  val_loss=1.1044  val_acc=0.7679
2026-04-28 03:55:26,097  INFO        ep  50/300  tr_loss=0.5621  tr_acc=0.9418  val_loss=1.1304  val_acc=0.7397
2026-04-28 03:55:30,418  INFO        ep  55/300  tr_loss=0.5366  tr_acc=0.9497  val_loss=1.0666  val_acc=0.7738
2026-04-28 03:55:34,739  INFO        ep  60/300  tr_loss=0.5305  tr_acc=0.9552  val_loss=1.0557  val_acc=0.7845
2026-04-28 03:55:39,058  INFO        ep  65/300  tr_loss=0.5132  tr_acc=0.9596  val_loss=1.1045  val_acc=0.7595
2026-04-28 03:55:43,377  INFO        ep  70/300  tr_loss=0.4976  tr_acc=0.9656  val_loss=1.0668  val_acc=0.7806
2026-04-28 03:55:47,695  INFO        ep  75/300  tr_loss=0.4986  tr_acc=0.9635  val_loss=1.1940  val_acc=0.7671
2026-04-28 03:55:52,009  INFO        ep  80/300  tr_loss=0.4992  tr_acc=0.9642  val_loss=1.1261  val_acc=0.7579
2026-04-28 03:55:56,323  INFO        ep  85/300  tr_loss=0.4833  tr_acc=0.9706  val_loss=1.1435  val_acc=0.7631
2026-04-28 03:55:57,185  INFO        Early stopping at epoch 86 (patience=50).
2026-04-28 03:55:57,185  INFO        Fold 3 done  |  best_val_acc=0.7595  |  74.2s
2026-04-28 03:55:57,185  INFO      
── Fold 5/5  (test subject = 5) ──
2026-04-28 03:55:57,363  INFO      Using SpatialNeighborLoss  (CE + L/R penalty lr_w=0.50 + neighbor penalty nb_w=0.30)
2026-04-28 03:55:58,247  INFO        ep   1/300  tr_loss=2.0379  tr_acc=0.4120  val_loss=1.6316  val_acc=0.5203
2026-04-28 03:56:01,715  INFO        ep   5/300  tr_loss=1.2208  tr_acc=0.6716  val_loss=1.2459  val_acc=0.6783
2026-04-28 03:56:06,018  INFO        ep  10/300  tr_loss=0.9629  tr_acc=0.7796  val_loss=1.0822  val_acc=0.7384
2026-04-28 03:56:10,291  INFO        ep  15/300  tr_loss=0.8318  tr_acc=0.8306  val_loss=1.0086  val_acc=0.7732
2026-04-28 03:56:14,579  INFO        ep  20/300  tr_loss=0.7694  tr_acc=0.8554  val_loss=0.9886  val_acc=0.7783
2026-04-28 03:56:18,851  INFO        ep  25/300  tr_loss=0.7123  tr_acc=0.8797  val_loss=0.9660  val_acc=0.7971
2026-04-28 03:56:23,123  INFO        ep  30/300  tr_loss=0.6643  tr_acc=0.8980  val_loss=0.9873  val_acc=0.7779
2026-04-28 03:56:27,375  INFO        ep  35/300  tr_loss=0.6302  tr_acc=0.9109  val_loss=1.0591  val_acc=0.7793
2026-04-28 03:56:31,630  INFO        ep  40/300  tr_loss=0.5934  tr_acc=0.9253  val_loss=1.0331  val_acc=0.7935
2026-04-28 03:56:35,892  INFO        ep  45/300  tr_loss=0.5657  tr_acc=0.9367  val_loss=1.0180  val_acc=0.8076
2026-04-28 03:56:40,167  INFO        ep  50/300  tr_loss=0.5528  tr_acc=0.9459  val_loss=1.0001  val_acc=0.8025
2026-04-28 03:56:44,467  INFO        ep  55/300  tr_loss=0.5349  tr_acc=0.9513  val_loss=1.0210  val_acc=0.7964
2026-04-28 03:56:48,753  INFO        ep  60/300  tr_loss=0.5173  tr_acc=0.9572  val_loss=0.9968  val_acc=0.8149
2026-04-28 03:56:53,037  INFO        ep  65/300  tr_loss=0.5208  tr_acc=0.9566  val_loss=0.9906  val_acc=0.8239
2026-04-28 03:56:57,333  INFO        ep  70/300  tr_loss=0.4958  tr_acc=0.9670  val_loss=1.0226  val_acc=0.8141
2026-04-28 03:57:01,617  INFO        ep  75/300  tr_loss=0.5012  tr_acc=0.9629  val_loss=0.9824  val_acc=0.8018
2026-04-28 03:57:05,897  INFO        ep  80/300  tr_loss=0.5005  tr_acc=0.9646  val_loss=1.0506  val_acc=0.8199
2026-04-28 03:57:10,175  INFO        ep  85/300  tr_loss=0.4773  tr_acc=0.9710  val_loss=0.9678  val_acc=0.8192
2026-04-28 03:57:14,455  INFO        ep  90/300  tr_loss=0.4694  tr_acc=0.9740  val_loss=1.0518  val_acc=0.8004
2026-04-28 03:57:18,735  INFO        ep  95/300  tr_loss=0.4682  tr_acc=0.9766  val_loss=0.9242  val_acc=0.8431
2026-04-28 03:57:23,034  INFO        ep 100/300  tr_loss=0.4606  tr_acc=0.9776  val_loss=0.9609  val_acc=0.8417
2026-04-28 03:57:27,332  INFO        ep 105/300  tr_loss=0.4419  tr_acc=0.9848  val_loss=0.9670  val_acc=0.8351
2026-04-28 03:57:31,612  INFO        ep 110/300  tr_loss=0.4477  tr_acc=0.9823  val_loss=0.9727  val_acc=0.8308
2026-04-28 03:57:35,892  INFO        ep 115/300  tr_loss=0.4352  tr_acc=0.9865  val_loss=0.9136  val_acc=0.8504
2026-04-28 03:57:40,173  INFO        ep 120/300  tr_loss=0.4267  tr_acc=0.9885  val_loss=0.9129  val_acc=0.8496
2026-04-28 03:57:44,455  INFO        ep 125/300  tr_loss=0.4377  tr_acc=0.9849  val_loss=0.9237  val_acc=0.8449
2026-04-28 03:57:48,736  INFO        ep 130/300  tr_loss=0.4238  tr_acc=0.9885  val_loss=0.8734  val_acc=0.8522
2026-04-28 03:57:53,018  INFO        ep 135/300  tr_loss=0.4279  tr_acc=0.9877  val_loss=0.9884  val_acc=0.8344
2026-04-28 03:57:57,300  INFO        ep 140/300  tr_loss=0.4144  tr_acc=0.9920  val_loss=1.0281  val_acc=0.8268
2026-04-28 03:58:01,581  INFO        ep 145/300  tr_loss=0.4209  tr_acc=0.9895  val_loss=0.8837  val_acc=0.8551
2026-04-28 03:58:05,878  INFO        ep 150/300  tr_loss=0.4187  tr_acc=0.9902  val_loss=0.8890  val_acc=0.8551
2026-04-28 03:58:10,156  INFO        ep 155/300  tr_loss=0.4113  tr_acc=0.9915  val_loss=0.9176  val_acc=0.8543
2026-04-28 03:58:14,433  INFO        ep 160/300  tr_loss=0.4093  tr_acc=0.9921  val_loss=0.9043  val_acc=0.8402
2026-04-28 03:58:18,714  INFO        ep 165/300  tr_loss=0.4015  tr_acc=0.9945  val_loss=0.9033  val_acc=0.8587
2026-04-28 03:58:22,995  INFO        ep 170/300  tr_loss=0.3953  tr_acc=0.9957  val_loss=0.8677  val_acc=0.8645
2026-04-28 03:58:27,273  INFO        ep 175/300  tr_loss=0.3964  tr_acc=0.9956  val_loss=0.8642  val_acc=0.8605
2026-04-28 03:58:31,553  INFO        ep 180/300  tr_loss=0.3902  tr_acc=0.9960  val_loss=0.8990  val_acc=0.8493
2026-04-28 03:58:35,832  INFO        ep 185/300  tr_loss=0.3903  tr_acc=0.9966  val_loss=0.8706  val_acc=0.8667
2026-04-28 03:58:40,109  INFO        ep 190/300  tr_loss=0.3916  tr_acc=0.9964  val_loss=0.8566  val_acc=0.8678
2026-04-28 03:58:44,387  INFO        ep 195/300  tr_loss=0.3820  tr_acc=0.9977  val_loss=0.8969  val_acc=0.8634
2026-04-28 03:58:45,242  INFO        Early stopping at epoch 196 (patience=50).
2026-04-28 03:58:45,243  INFO        Fold 4 done  |  best_val_acc=0.8717  |  167.9s
2026-04-28 03:58:45,254  INFO      
=== LOSO Complete ===
2026-04-28 03:58:45,254  INFO         Per-fold:  ['0.7683', '0.7616', '0.8918', '0.7595', '0.8717']
2026-04-28 03:58:45,254  INFO         Mean acc:  0.8106
2026-04-28 03:58:45,254  INFO         Results → checkpoints/epoch_sweep/ep300_custom/loso_results.txt
