2026-04-28 03:58:48,785  INFO      Using device: cuda
2026-04-28 03:58:49,662  INFO      Loaded data/processed/epoch_sweep_dataset.npz  |  X=(21696, 9, 300)  classes=24  subjects=10
2026-04-28 03:58:49,666  INFO      
── Fold 1/5  (test subject = 1) ──
2026-04-28 03:58:49,994  INFO      Using SpatialNeighborLoss  (CE + L/R penalty lr_w=0.50 + neighbor penalty nb_w=0.30)
2026-04-28 03:58:52,039  INFO        ep   1/400  tr_loss=2.0174  tr_acc=0.4182  val_loss=1.7815  val_acc=0.4425
2026-04-28 03:58:55,577  INFO        ep   5/400  tr_loss=1.1797  tr_acc=0.6886  val_loss=1.3468  val_acc=0.6157
2026-04-28 03:58:59,950  INFO        ep  10/400  tr_loss=0.9397  tr_acc=0.7860  val_loss=1.2373  val_acc=0.6882
2026-04-28 03:59:04,303  INFO        ep  15/400  tr_loss=0.8374  tr_acc=0.8265  val_loss=1.2501  val_acc=0.7029
2026-04-28 03:59:08,641  INFO        ep  20/400  tr_loss=0.7464  tr_acc=0.8657  val_loss=1.2285  val_acc=0.7047
2026-04-28 03:59:12,995  INFO        ep  25/400  tr_loss=0.7081  tr_acc=0.8802  val_loss=1.1852  val_acc=0.7292
2026-04-28 03:59:17,351  INFO        ep  30/400  tr_loss=0.6727  tr_acc=0.8953  val_loss=1.3066  val_acc=0.6958
2026-04-28 03:59:21,705  INFO        ep  35/400  tr_loss=0.6446  tr_acc=0.9075  val_loss=1.1633  val_acc=0.7507
2026-04-28 03:59:26,043  INFO        ep  40/400  tr_loss=0.6088  tr_acc=0.9217  val_loss=1.1194  val_acc=0.7500
2026-04-28 03:59:30,388  INFO        ep  45/400  tr_loss=0.5779  tr_acc=0.9337  val_loss=1.1229  val_acc=0.7636
2026-04-28 03:59:34,751  INFO        ep  50/400  tr_loss=0.5657  tr_acc=0.9391  val_loss=1.2082  val_acc=0.7421
2026-04-28 03:59:39,123  INFO        ep  55/400  tr_loss=0.5411  tr_acc=0.9499  val_loss=1.1254  val_acc=0.7446
2026-04-28 03:59:43,495  INFO        ep  60/400  tr_loss=0.5243  tr_acc=0.9562  val_loss=1.2231  val_acc=0.7371
2026-04-28 03:59:47,866  INFO        ep  65/400  tr_loss=0.5229  tr_acc=0.9564  val_loss=1.2125  val_acc=0.7633
2026-04-28 03:59:52,235  INFO        ep  70/400  tr_loss=0.5189  tr_acc=0.9586  val_loss=1.2115  val_acc=0.7586
2026-04-28 03:59:56,604  INFO        ep  75/400  tr_loss=0.5151  tr_acc=0.9596  val_loss=1.3169  val_acc=0.7421
2026-04-28 04:00:00,970  INFO        ep  80/400  tr_loss=0.4880  tr_acc=0.9698  val_loss=1.1994  val_acc=0.7701
2026-04-28 04:00:05,336  INFO        ep  85/400  tr_loss=0.4786  tr_acc=0.9720  val_loss=1.1604  val_acc=0.7683
2026-04-28 04:00:09,718  INFO        ep  90/400  tr_loss=0.4812  tr_acc=0.9711  val_loss=1.1791  val_acc=0.7784
2026-04-28 04:00:14,083  INFO        ep  95/400  tr_loss=0.4740  tr_acc=0.9735  val_loss=1.2010  val_acc=0.7784
2026-04-28 04:00:18,447  INFO        ep 100/400  tr_loss=0.4686  tr_acc=0.9756  val_loss=1.0357  val_acc=0.7935
2026-04-28 04:00:22,814  INFO        ep 105/400  tr_loss=0.4677  tr_acc=0.9756  val_loss=1.1290  val_acc=0.7787
2026-04-28 04:00:27,184  INFO        ep 110/400  tr_loss=0.4665  tr_acc=0.9771  val_loss=1.1418  val_acc=0.7920
2026-04-28 04:00:31,553  INFO        ep 115/400  tr_loss=0.4538  tr_acc=0.9795  val_loss=1.1156  val_acc=0.7816
2026-04-28 04:00:35,921  INFO        ep 120/400  tr_loss=0.4560  tr_acc=0.9792  val_loss=1.0793  val_acc=0.7924
2026-04-28 04:00:40,331  INFO        ep 125/400  tr_loss=0.4430  tr_acc=0.9841  val_loss=0.9843  val_acc=0.8215
2026-04-28 04:00:44,701  INFO        ep 130/400  tr_loss=0.4489  tr_acc=0.9820  val_loss=1.0839  val_acc=0.7956
2026-04-28 04:00:49,071  INFO        ep 135/400  tr_loss=0.4362  tr_acc=0.9846  val_loss=1.1113  val_acc=0.7931
2026-04-28 04:00:53,441  INFO        ep 140/400  tr_loss=0.4411  tr_acc=0.9828  val_loss=0.9984  val_acc=0.8050
2026-04-28 04:00:57,809  INFO        ep 145/400  tr_loss=0.4363  tr_acc=0.9843  val_loss=1.1116  val_acc=0.7899
2026-04-28 04:01:02,195  INFO        ep 150/400  tr_loss=0.4264  tr_acc=0.9879  val_loss=1.1272  val_acc=0.7888
2026-04-28 04:01:06,559  INFO        ep 155/400  tr_loss=0.4296  tr_acc=0.9876  val_loss=0.9944  val_acc=0.8071
2026-04-28 04:01:10,923  INFO        ep 160/400  tr_loss=0.4303  tr_acc=0.9865  val_loss=0.9983  val_acc=0.8147
2026-04-28 04:01:15,288  INFO        ep 165/400  tr_loss=0.4256  tr_acc=0.9875  val_loss=1.0118  val_acc=0.8093
2026-04-28 04:01:19,652  INFO        ep 170/400  tr_loss=0.4196  tr_acc=0.9897  val_loss=0.9919  val_acc=0.8276
2026-04-28 04:01:24,013  INFO        ep 175/400  tr_loss=0.4181  tr_acc=0.9903  val_loss=1.0720  val_acc=0.7953
2026-04-28 04:01:28,392  INFO        ep 180/400  tr_loss=0.4081  tr_acc=0.9923  val_loss=1.0137  val_acc=0.8258
2026-04-28 04:01:32,754  INFO        ep 185/400  tr_loss=0.4131  tr_acc=0.9921  val_loss=1.0048  val_acc=0.8229
2026-04-28 04:01:37,116  INFO        ep 190/400  tr_loss=0.4149  tr_acc=0.9906  val_loss=1.0030  val_acc=0.8186
2026-04-28 04:01:41,478  INFO        ep 195/400  tr_loss=0.4041  tr_acc=0.9940  val_loss=1.0230  val_acc=0.8186
2026-04-28 04:01:45,839  INFO        ep 200/400  tr_loss=0.4097  tr_acc=0.9911  val_loss=0.9789  val_acc=0.8208
2026-04-28 04:01:50,201  INFO        ep 205/400  tr_loss=0.4043  tr_acc=0.9939  val_loss=1.0204  val_acc=0.8197
2026-04-28 04:01:54,565  INFO        ep 210/400  tr_loss=0.3971  tr_acc=0.9950  val_loss=1.0297  val_acc=0.8251
2026-04-28 04:01:58,930  INFO        ep 215/400  tr_loss=0.4005  tr_acc=0.9949  val_loss=0.9909  val_acc=0.8279
2026-04-28 04:02:03,225  INFO        ep 220/400  tr_loss=0.3995  tr_acc=0.9944  val_loss=1.0445  val_acc=0.8143
2026-04-28 04:02:07,495  INFO        ep 225/400  tr_loss=0.3932  tr_acc=0.9956  val_loss=1.0098  val_acc=0.8283
2026-04-28 04:02:11,765  INFO        ep 230/400  tr_loss=0.4009  tr_acc=0.9929  val_loss=1.0432  val_acc=0.8197
2026-04-28 04:02:16,037  INFO        ep 235/400  tr_loss=0.3903  tr_acc=0.9962  val_loss=0.9938  val_acc=0.8265
2026-04-28 04:02:17,746  INFO        Early stopping at epoch 237 (patience=60).
2026-04-28 04:02:17,746  INFO        Fold 0 done  |  best_val_acc=0.8179  |  207.1s
2026-04-28 04:02:17,746  INFO      
── Fold 2/5  (test subject = 2) ──
2026-04-28 04:02:17,924  INFO      Using SpatialNeighborLoss  (CE + L/R penalty lr_w=0.50 + neighbor penalty nb_w=0.30)
2026-04-28 04:02:18,872  INFO        ep   1/400  tr_loss=2.0248  tr_acc=0.4150  val_loss=1.8969  val_acc=0.3998
2026-04-28 04:02:22,359  INFO        ep   5/400  tr_loss=1.1875  tr_acc=0.6885  val_loss=1.4695  val_acc=0.6089
2026-04-28 04:02:26,683  INFO        ep  10/400  tr_loss=0.9281  tr_acc=0.7891  val_loss=1.3497  val_acc=0.6483
2026-04-28 04:02:30,975  INFO        ep  15/400  tr_loss=0.8017  tr_acc=0.8455  val_loss=1.3102  val_acc=0.6839
2026-04-28 04:02:35,263  INFO        ep  20/400  tr_loss=0.7421  tr_acc=0.8659  val_loss=1.3461  val_acc=0.6757
2026-04-28 04:02:39,553  INFO        ep  25/400  tr_loss=0.6978  tr_acc=0.8829  val_loss=1.3296  val_acc=0.6787
2026-04-28 04:02:43,821  INFO        ep  30/400  tr_loss=0.6655  tr_acc=0.8954  val_loss=1.1998  val_acc=0.7312
2026-04-28 04:02:48,089  INFO        ep  35/400  tr_loss=0.6252  tr_acc=0.9145  val_loss=1.1692  val_acc=0.7331
2026-04-28 04:02:52,362  INFO        ep  40/400  tr_loss=0.5932  tr_acc=0.9249  val_loss=1.1804  val_acc=0.7372
2026-04-28 04:02:56,649  INFO        ep  45/400  tr_loss=0.5641  tr_acc=0.9397  val_loss=1.1866  val_acc=0.7354
2026-04-28 04:03:00,949  INFO        ep  50/400  tr_loss=0.5653  tr_acc=0.9403  val_loss=1.2481  val_acc=0.7275
2026-04-28 04:03:05,258  INFO        ep  55/400  tr_loss=0.5348  tr_acc=0.9532  val_loss=1.3323  val_acc=0.7072
2026-04-28 04:03:09,563  INFO        ep  60/400  tr_loss=0.5101  tr_acc=0.9614  val_loss=1.2781  val_acc=0.7286
2026-04-28 04:03:13,872  INFO        ep  65/400  tr_loss=0.5248  tr_acc=0.9551  val_loss=1.2292  val_acc=0.7425
2026-04-28 04:03:18,203  INFO        ep  70/400  tr_loss=0.5044  tr_acc=0.9653  val_loss=1.2366  val_acc=0.7391
2026-04-28 04:03:22,508  INFO        ep  75/400  tr_loss=0.5017  tr_acc=0.9652  val_loss=1.1711  val_acc=0.7564
2026-04-28 04:03:26,812  INFO        ep  80/400  tr_loss=0.4871  tr_acc=0.9697  val_loss=1.2155  val_acc=0.7357
2026-04-28 04:03:31,115  INFO        ep  85/400  tr_loss=0.4797  tr_acc=0.9728  val_loss=1.1404  val_acc=0.7583
2026-04-28 04:03:35,438  INFO        ep  90/400  tr_loss=0.4691  tr_acc=0.9767  val_loss=1.2475  val_acc=0.7305
2026-04-28 04:03:39,760  INFO        ep  95/400  tr_loss=0.4689  tr_acc=0.9774  val_loss=1.1096  val_acc=0.7725
2026-04-28 04:03:44,058  INFO        ep 100/400  tr_loss=0.4666  tr_acc=0.9759  val_loss=1.1778  val_acc=0.7508
2026-04-28 04:03:48,356  INFO        ep 105/400  tr_loss=0.4627  tr_acc=0.9782  val_loss=1.0911  val_acc=0.7800
2026-04-28 04:03:52,674  INFO        ep 110/400  tr_loss=0.4551  tr_acc=0.9796  val_loss=1.0341  val_acc=0.7947
2026-04-28 04:03:56,976  INFO        ep 115/400  tr_loss=0.4505  tr_acc=0.9806  val_loss=1.1440  val_acc=0.7812
2026-04-28 04:04:01,277  INFO        ep 120/400  tr_loss=0.4501  tr_acc=0.9803  val_loss=1.0898  val_acc=0.7890
2026-04-28 04:04:05,579  INFO        ep 125/400  tr_loss=0.4443  tr_acc=0.9817  val_loss=1.1746  val_acc=0.7579
2026-04-28 04:04:09,881  INFO        ep 130/400  tr_loss=0.4449  tr_acc=0.9818  val_loss=1.1142  val_acc=0.7905
2026-04-28 04:04:14,205  INFO        ep 135/400  tr_loss=0.4438  tr_acc=0.9831  val_loss=1.1459  val_acc=0.7684
2026-04-28 04:04:18,506  INFO        ep 140/400  tr_loss=0.4351  tr_acc=0.9848  val_loss=1.1827  val_acc=0.7958
2026-04-28 04:04:22,807  INFO        ep 145/400  tr_loss=0.4307  tr_acc=0.9874  val_loss=1.0330  val_acc=0.8014
2026-04-28 04:04:27,104  INFO        ep 150/400  tr_loss=0.4232  tr_acc=0.9888  val_loss=1.0691  val_acc=0.8007
2026-04-28 04:04:31,401  INFO        ep 155/400  tr_loss=0.4231  tr_acc=0.9882  val_loss=1.0807  val_acc=0.7954
2026-04-28 04:04:35,698  INFO        ep 160/400  tr_loss=0.4282  tr_acc=0.9869  val_loss=1.0531  val_acc=0.7932
2026-04-28 04:04:39,994  INFO        ep 165/400  tr_loss=0.4216  tr_acc=0.9887  val_loss=1.1255  val_acc=0.7827
2026-04-28 04:04:44,289  INFO        ep 170/400  tr_loss=0.4238  tr_acc=0.9874  val_loss=1.0791  val_acc=0.7943
2026-04-28 04:04:48,585  INFO        ep 175/400  tr_loss=0.4093  tr_acc=0.9914  val_loss=1.0299  val_acc=0.8067
2026-04-28 04:04:52,902  INFO        ep 180/400  tr_loss=0.4171  tr_acc=0.9900  val_loss=1.0604  val_acc=0.8026
2026-04-28 04:04:57,195  INFO        ep 185/400  tr_loss=0.4164  tr_acc=0.9904  val_loss=1.0825  val_acc=0.8037
2026-04-28 04:05:01,490  INFO        ep 190/400  tr_loss=0.4062  tr_acc=0.9933  val_loss=1.0975  val_acc=0.7917
2026-04-28 04:05:05,806  INFO        ep 195/400  tr_loss=0.4083  tr_acc=0.9921  val_loss=1.0667  val_acc=0.7980
2026-04-28 04:05:10,100  INFO        ep 200/400  tr_loss=0.4014  tr_acc=0.9938  val_loss=1.0217  val_acc=0.8056
2026-04-28 04:05:14,396  INFO        ep 205/400  tr_loss=0.3973  tr_acc=0.9944  val_loss=1.0332  val_acc=0.8146
2026-04-28 04:05:18,715  INFO        ep 210/400  tr_loss=0.3993  tr_acc=0.9946  val_loss=1.0399  val_acc=0.8067
2026-04-28 04:05:23,012  INFO        ep 215/400  tr_loss=0.3939  tr_acc=0.9955  val_loss=1.0282  val_acc=0.8172
2026-04-28 04:05:27,308  INFO        ep 220/400  tr_loss=0.3976  tr_acc=0.9946  val_loss=1.0345  val_acc=0.8142
2026-04-28 04:05:31,606  INFO        ep 225/400  tr_loss=0.3939  tr_acc=0.9954  val_loss=1.0619  val_acc=0.8022
2026-04-28 04:05:35,925  INFO        ep 230/400  tr_loss=0.3914  tr_acc=0.9952  val_loss=1.0375  val_acc=0.8131
2026-04-28 04:05:40,222  INFO        ep 235/400  tr_loss=0.3874  tr_acc=0.9965  val_loss=1.0117  val_acc=0.8108
2026-04-28 04:05:44,518  INFO        ep 240/400  tr_loss=0.3840  tr_acc=0.9970  val_loss=1.0010  val_acc=0.8251
2026-04-28 04:05:48,815  INFO        ep 245/400  tr_loss=0.3869  tr_acc=0.9963  val_loss=1.0176  val_acc=0.8161
2026-04-28 04:05:53,146  INFO        ep 250/400  tr_loss=0.3790  tr_acc=0.9984  val_loss=1.0523  val_acc=0.8104
2026-04-28 04:05:57,467  INFO        ep 255/400  tr_loss=0.3805  tr_acc=0.9977  val_loss=1.0204  val_acc=0.8131
2026-04-28 04:06:01,767  INFO        ep 260/400  tr_loss=0.3756  tr_acc=0.9986  val_loss=1.0085  val_acc=0.8232
2026-04-28 04:06:06,088  INFO        ep 265/400  tr_loss=0.3769  tr_acc=0.9984  val_loss=1.0328  val_acc=0.8101
2026-04-28 04:06:10,406  INFO        ep 270/400  tr_loss=0.3727  tr_acc=0.9992  val_loss=0.9984  val_acc=0.8206
2026-04-28 04:06:14,702  INFO        ep 275/400  tr_loss=0.3771  tr_acc=0.9978  val_loss=0.9840  val_acc=0.8270
2026-04-28 04:06:19,035  INFO        ep 280/400  tr_loss=0.3781  tr_acc=0.9982  val_loss=1.0032  val_acc=0.8232
2026-04-28 04:06:23,334  INFO        ep 285/400  tr_loss=0.3700  tr_acc=0.9989  val_loss=0.9787  val_acc=0.8277
2026-04-28 04:06:27,632  INFO        ep 290/400  tr_loss=0.3689  tr_acc=0.9992  val_loss=0.9976  val_acc=0.8285
2026-04-28 04:06:31,930  INFO        ep 295/400  tr_loss=0.3694  tr_acc=0.9994  val_loss=1.0098  val_acc=0.8127
2026-04-28 04:06:36,227  INFO        ep 300/400  tr_loss=0.3659  tr_acc=0.9996  val_loss=0.9745  val_acc=0.8341
2026-04-28 04:06:40,524  INFO        ep 305/400  tr_loss=0.3661  tr_acc=0.9994  val_loss=0.9939  val_acc=0.8221
2026-04-28 04:06:44,823  INFO        ep 310/400  tr_loss=0.3642  tr_acc=0.9997  val_loss=0.9955  val_acc=0.8202
2026-04-28 04:06:49,120  INFO        ep 315/400  tr_loss=0.3637  tr_acc=0.9997  val_loss=0.9939  val_acc=0.8277
2026-04-28 04:06:53,418  INFO        ep 320/400  tr_loss=0.3639  tr_acc=0.9995  val_loss=0.9871  val_acc=0.8315
2026-04-28 04:06:57,716  INFO        ep 325/400  tr_loss=0.3643  tr_acc=0.9996  val_loss=0.9921  val_acc=0.8311
2026-04-28 04:07:02,015  INFO        ep 330/400  tr_loss=0.3630  tr_acc=0.9996  val_loss=0.9827  val_acc=0.8326
2026-04-28 04:07:06,313  INFO        ep 335/400  tr_loss=0.3616  tr_acc=0.9997  val_loss=0.9756  val_acc=0.8288
2026-04-28 04:07:09,752  INFO        Early stopping at epoch 339 (patience=60).
2026-04-28 04:07:09,752  INFO        Fold 1 done  |  best_val_acc=0.8318  |  291.8s
2026-04-28 04:07:09,752  INFO      
── Fold 3/5  (test subject = 3) ──
2026-04-28 04:07:09,930  INFO      Using SpatialNeighborLoss  (CE + L/R penalty lr_w=0.50 + neighbor penalty nb_w=0.30)
2026-04-28 04:07:10,831  INFO        ep   1/400  tr_loss=2.0533  tr_acc=0.4088  val_loss=1.7455  val_acc=0.4755
2026-04-28 04:07:14,310  INFO        ep   5/400  tr_loss=1.2010  tr_acc=0.6831  val_loss=1.2370  val_acc=0.6736
2026-04-28 04:07:18,638  INFO        ep  10/400  tr_loss=0.9640  tr_acc=0.7758  val_loss=1.1128  val_acc=0.7314
2026-04-28 04:07:22,908  INFO        ep  15/400  tr_loss=0.8290  tr_acc=0.8292  val_loss=1.2525  val_acc=0.6963
2026-04-28 04:07:27,200  INFO        ep  20/400  tr_loss=0.7967  tr_acc=0.8453  val_loss=1.0686  val_acc=0.7357
2026-04-28 04:07:31,466  INFO        ep  25/400  tr_loss=0.7364  tr_acc=0.8694  val_loss=1.0759  val_acc=0.7281
2026-04-28 04:07:35,766  INFO        ep  30/400  tr_loss=0.7063  tr_acc=0.8820  val_loss=1.0970  val_acc=0.7474
2026-04-28 04:07:40,031  INFO        ep  35/400  tr_loss=0.6586  tr_acc=0.9008  val_loss=1.0867  val_acc=0.7705
2026-04-28 04:07:44,346  INFO        ep  40/400  tr_loss=0.6173  tr_acc=0.9178  val_loss=1.0794  val_acc=0.7602
2026-04-28 04:07:48,640  INFO        ep  45/400  tr_loss=0.5996  tr_acc=0.9266  val_loss=1.0528  val_acc=0.7697
2026-04-28 04:07:52,952  INFO        ep  50/400  tr_loss=0.5796  tr_acc=0.9325  val_loss=1.0086  val_acc=0.7734
2026-04-28 04:07:57,252  INFO        ep  55/400  tr_loss=0.5675  tr_acc=0.9388  val_loss=1.0143  val_acc=0.7953
2026-04-28 04:08:01,555  INFO        ep  60/400  tr_loss=0.5402  tr_acc=0.9498  val_loss=0.9508  val_acc=0.8088
2026-04-28 04:08:05,856  INFO        ep  65/400  tr_loss=0.5448  tr_acc=0.9506  val_loss=0.9992  val_acc=0.7909
2026-04-28 04:08:10,155  INFO        ep  70/400  tr_loss=0.5162  tr_acc=0.9581  val_loss=1.0007  val_acc=0.7792
2026-04-28 04:08:14,476  INFO        ep  75/400  tr_loss=0.5642  tr_acc=0.9418  val_loss=0.9633  val_acc=0.8063
2026-04-28 04:08:18,774  INFO        ep  80/400  tr_loss=0.5014  tr_acc=0.9646  val_loss=0.9907  val_acc=0.7990
2026-04-28 04:08:23,071  INFO        ep  85/400  tr_loss=0.4862  tr_acc=0.9686  val_loss=0.9593  val_acc=0.8056
2026-04-28 04:08:27,416  INFO        ep  90/400  tr_loss=0.4915  tr_acc=0.9667  val_loss=0.9577  val_acc=0.7898
2026-04-28 04:08:31,715  INFO        ep  95/400  tr_loss=0.4852  tr_acc=0.9716  val_loss=0.9261  val_acc=0.8231
2026-04-28 04:08:36,057  INFO        ep 100/400  tr_loss=0.4786  tr_acc=0.9720  val_loss=0.8306  val_acc=0.8447
2026-04-28 04:08:40,354  INFO        ep 105/400  tr_loss=0.4571  tr_acc=0.9798  val_loss=0.8427  val_acc=0.8395
2026-04-28 04:08:44,651  INFO        ep 110/400  tr_loss=0.4753  tr_acc=0.9729  val_loss=0.9116  val_acc=0.8315
2026-04-28 04:08:48,948  INFO        ep 115/400  tr_loss=0.4731  tr_acc=0.9722  val_loss=0.8594  val_acc=0.8388
2026-04-28 04:08:53,267  INFO        ep 120/400  tr_loss=0.4559  tr_acc=0.9793  val_loss=0.8242  val_acc=0.8531
2026-04-28 04:08:57,565  INFO        ep 125/400  tr_loss=0.4572  tr_acc=0.9788  val_loss=0.8597  val_acc=0.8421
2026-04-28 04:09:01,862  INFO        ep 130/400  tr_loss=0.4490  tr_acc=0.9820  val_loss=0.8182  val_acc=0.8582
2026-04-28 04:09:06,198  INFO        ep 135/400  tr_loss=0.4295  tr_acc=0.9883  val_loss=0.8392  val_acc=0.8589
2026-04-28 04:09:10,518  INFO        ep 140/400  tr_loss=0.4323  tr_acc=0.9870  val_loss=0.8192  val_acc=0.8582
2026-04-28 04:09:14,839  INFO        ep 145/400  tr_loss=0.4394  tr_acc=0.9851  val_loss=0.7942  val_acc=0.8622
2026-04-28 04:09:19,134  INFO        ep 150/400  tr_loss=0.4299  tr_acc=0.9862  val_loss=0.7983  val_acc=0.8706
2026-04-28 04:09:23,430  INFO        ep 155/400  tr_loss=0.4404  tr_acc=0.9831  val_loss=0.8501  val_acc=0.8523
2026-04-28 04:09:27,723  INFO        ep 160/400  tr_loss=0.4270  tr_acc=0.9882  val_loss=0.8389  val_acc=0.8666
2026-04-28 04:09:32,015  INFO        ep 165/400  tr_loss=0.4198  tr_acc=0.9910  val_loss=0.8203  val_acc=0.8659
2026-04-28 04:09:36,307  INFO        ep 170/400  tr_loss=0.4158  tr_acc=0.9902  val_loss=0.7938  val_acc=0.8710
2026-04-28 04:09:40,622  INFO        ep 175/400  tr_loss=0.4103  tr_acc=0.9931  val_loss=0.7937  val_acc=0.8743
2026-04-28 04:09:44,936  INFO        ep 180/400  tr_loss=0.4114  tr_acc=0.9928  val_loss=0.8279  val_acc=0.8626
2026-04-28 04:09:49,250  INFO        ep 185/400  tr_loss=0.4255  tr_acc=0.9879  val_loss=0.8175  val_acc=0.8666
2026-04-28 04:09:53,565  INFO        ep 190/400  tr_loss=0.4233  tr_acc=0.9887  val_loss=0.8088  val_acc=0.8604
2026-04-28 04:09:57,882  INFO        ep 195/400  tr_loss=0.4184  tr_acc=0.9898  val_loss=0.8228  val_acc=0.8648
2026-04-28 04:10:02,176  INFO        ep 200/400  tr_loss=0.4137  tr_acc=0.9914  val_loss=0.7514  val_acc=0.8838
2026-04-28 04:10:06,469  INFO        ep 205/400  tr_loss=0.4011  tr_acc=0.9940  val_loss=0.8095  val_acc=0.8717
2026-04-28 04:10:10,764  INFO        ep 210/400  tr_loss=0.4122  tr_acc=0.9922  val_loss=0.7750  val_acc=0.8805
2026-04-28 04:10:15,076  INFO        ep 215/400  tr_loss=0.4100  tr_acc=0.9918  val_loss=0.7855  val_acc=0.8827
2026-04-28 04:10:19,371  INFO        ep 220/400  tr_loss=0.4005  tr_acc=0.9944  val_loss=0.7774  val_acc=0.8816
2026-04-28 04:10:23,665  INFO        ep 225/400  tr_loss=0.3922  tr_acc=0.9960  val_loss=0.7670  val_acc=0.8871
2026-04-28 04:10:27,960  INFO        ep 230/400  tr_loss=0.4020  tr_acc=0.9927  val_loss=0.7710  val_acc=0.8838
2026-04-28 04:10:32,276  INFO        ep 235/400  tr_loss=0.3915  tr_acc=0.9957  val_loss=0.7723  val_acc=0.8834
2026-04-28 04:10:36,598  INFO        ep 240/400  tr_loss=0.3912  tr_acc=0.9966  val_loss=0.7178  val_acc=0.8951
2026-04-28 04:10:40,892  INFO        ep 245/400  tr_loss=0.3836  tr_acc=0.9978  val_loss=0.7572  val_acc=0.8838
2026-04-28 04:10:45,186  INFO        ep 250/400  tr_loss=0.3869  tr_acc=0.9969  val_loss=0.7509  val_acc=0.8838
2026-04-28 04:10:49,478  INFO        ep 255/400  tr_loss=0.3791  tr_acc=0.9985  val_loss=0.7554  val_acc=0.8823
2026-04-28 04:10:53,772  INFO        ep 260/400  tr_loss=0.3826  tr_acc=0.9973  val_loss=0.7644  val_acc=0.8845
2026-04-28 04:10:58,064  INFO        ep 265/400  tr_loss=0.3917  tr_acc=0.9958  val_loss=0.7853  val_acc=0.8721
2026-04-28 04:11:02,353  INFO        ep 270/400  tr_loss=0.3772  tr_acc=0.9982  val_loss=0.7702  val_acc=0.8805
2026-04-28 04:11:06,640  INFO        ep 275/400  tr_loss=0.3791  tr_acc=0.9988  val_loss=0.7655  val_acc=0.8852
2026-04-28 04:11:10,928  INFO        ep 280/400  tr_loss=0.3733  tr_acc=0.9989  val_loss=0.7682  val_acc=0.8878
2026-04-28 04:11:15,217  INFO        ep 285/400  tr_loss=0.3793  tr_acc=0.9976  val_loss=0.7663  val_acc=0.8860
2026-04-28 04:11:19,504  INFO        ep 290/400  tr_loss=0.3730  tr_acc=0.9987  val_loss=0.7559  val_acc=0.8863
2026-04-28 04:11:23,794  INFO        ep 295/400  tr_loss=0.3755  tr_acc=0.9983  val_loss=0.7683  val_acc=0.8838
2026-04-28 04:11:28,081  INFO        ep 300/400  tr_loss=0.3691  tr_acc=0.9993  val_loss=0.7688  val_acc=0.8900
2026-04-28 04:11:28,081  INFO        Early stopping at epoch 300 (patience=60).
2026-04-28 04:11:28,081  INFO        Fold 2 done  |  best_val_acc=0.8951  |  258.1s
2026-04-28 04:11:28,081  INFO      
── Fold 4/5  (test subject = 4) ──
2026-04-28 04:11:28,254  INFO      Using SpatialNeighborLoss  (CE + L/R penalty lr_w=0.50 + neighbor penalty nb_w=0.30)
2026-04-28 04:11:29,140  INFO        ep   1/400  tr_loss=2.0065  tr_acc=0.4181  val_loss=1.7369  val_acc=0.4837
2026-04-28 04:11:32,632  INFO        ep   5/400  tr_loss=1.2046  tr_acc=0.6801  val_loss=1.4834  val_acc=0.6119
2026-04-28 04:11:36,996  INFO        ep  10/400  tr_loss=0.9473  tr_acc=0.7853  val_loss=1.2237  val_acc=0.7020
2026-04-28 04:11:41,323  INFO        ep  15/400  tr_loss=0.8260  tr_acc=0.8352  val_loss=1.1626  val_acc=0.7099
2026-04-28 04:11:45,631  INFO        ep  20/400  tr_loss=0.7762  tr_acc=0.8535  val_loss=1.1910  val_acc=0.7016
2026-04-28 04:11:49,938  INFO        ep  25/400  tr_loss=0.7039  tr_acc=0.8823  val_loss=1.1255  val_acc=0.7262
2026-04-28 04:11:54,222  INFO        ep  30/400  tr_loss=0.6702  tr_acc=0.8986  val_loss=1.1361  val_acc=0.7313
2026-04-28 04:11:58,521  INFO        ep  35/400  tr_loss=0.6302  tr_acc=0.9149  val_loss=1.1827  val_acc=0.7087
2026-04-28 04:12:02,807  INFO        ep  40/400  tr_loss=0.6030  tr_acc=0.9244  val_loss=1.0359  val_acc=0.7726
2026-04-28 04:12:07,106  INFO        ep  45/400  tr_loss=0.5771  tr_acc=0.9335  val_loss=1.1177  val_acc=0.7643
2026-04-28 04:12:11,437  INFO        ep  50/400  tr_loss=0.5653  tr_acc=0.9411  val_loss=1.1024  val_acc=0.7615
2026-04-28 04:12:15,780  INFO        ep  55/400  tr_loss=0.5376  tr_acc=0.9494  val_loss=1.1222  val_acc=0.7567
2026-04-28 04:12:20,122  INFO        ep  60/400  tr_loss=0.5265  tr_acc=0.9544  val_loss=0.9849  val_acc=0.7913
2026-04-28 04:12:24,463  INFO        ep  65/400  tr_loss=0.5184  tr_acc=0.9571  val_loss=1.0580  val_acc=0.7778
2026-04-28 04:12:28,800  INFO        ep  70/400  tr_loss=0.5068  tr_acc=0.9620  val_loss=1.0267  val_acc=0.8024
2026-04-28 04:12:33,114  INFO        ep  75/400  tr_loss=0.4877  tr_acc=0.9690  val_loss=1.0884  val_acc=0.7881
2026-04-28 04:12:37,426  INFO        ep  80/400  tr_loss=0.4789  tr_acc=0.9710  val_loss=1.0510  val_acc=0.8091
2026-04-28 04:12:41,736  INFO        ep  85/400  tr_loss=0.4863  tr_acc=0.9679  val_loss=1.0873  val_acc=0.7968
2026-04-28 04:12:46,046  INFO        ep  90/400  tr_loss=0.4665  tr_acc=0.9746  val_loss=0.9691  val_acc=0.8083
2026-04-28 04:12:50,354  INFO        ep  95/400  tr_loss=0.4687  tr_acc=0.9752  val_loss=1.0008  val_acc=0.8079
2026-04-28 04:12:54,689  INFO        ep 100/400  tr_loss=0.4560  tr_acc=0.9780  val_loss=0.9987  val_acc=0.8087
2026-04-28 04:12:59,001  INFO        ep 105/400  tr_loss=0.4503  tr_acc=0.9814  val_loss=1.0218  val_acc=0.8187
2026-04-28 04:13:03,313  INFO        ep 110/400  tr_loss=0.4375  tr_acc=0.9841  val_loss=1.0132  val_acc=0.7988
2026-04-28 04:13:07,624  INFO        ep 115/400  tr_loss=0.4442  tr_acc=0.9820  val_loss=0.9862  val_acc=0.8167
2026-04-28 04:13:11,935  INFO        ep 120/400  tr_loss=0.4563  tr_acc=0.9785  val_loss=0.9799  val_acc=0.8194
2026-04-28 04:13:16,269  INFO        ep 125/400  tr_loss=0.4381  tr_acc=0.9848  val_loss=0.9783  val_acc=0.8183
2026-04-28 04:13:20,581  INFO        ep 130/400  tr_loss=0.4372  tr_acc=0.9848  val_loss=0.9335  val_acc=0.8337
2026-04-28 04:13:24,893  INFO        ep 135/400  tr_loss=0.4408  tr_acc=0.9845  val_loss=0.9443  val_acc=0.8250
2026-04-28 04:13:29,203  INFO        ep 140/400  tr_loss=0.4330  tr_acc=0.9853  val_loss=1.0842  val_acc=0.8020
2026-04-28 04:13:33,511  INFO        ep 145/400  tr_loss=0.4283  tr_acc=0.9862  val_loss=0.9243  val_acc=0.8401
2026-04-28 04:13:37,842  INFO        ep 150/400  tr_loss=0.4356  tr_acc=0.9850  val_loss=0.9116  val_acc=0.8361
2026-04-28 04:13:42,172  INFO        ep 155/400  tr_loss=0.4268  tr_acc=0.9882  val_loss=0.9812  val_acc=0.8266
2026-04-28 04:13:46,480  INFO        ep 160/400  tr_loss=0.4287  tr_acc=0.9868  val_loss=0.9102  val_acc=0.8286
2026-04-28 04:13:50,786  INFO        ep 165/400  tr_loss=0.4167  tr_acc=0.9912  val_loss=0.9089  val_acc=0.8540
2026-04-28 04:13:55,113  INFO        ep 170/400  tr_loss=0.4156  tr_acc=0.9908  val_loss=0.8921  val_acc=0.8409
2026-04-28 04:13:59,417  INFO        ep 175/400  tr_loss=0.4081  tr_acc=0.9927  val_loss=0.9402  val_acc=0.8310
2026-04-28 04:14:03,722  INFO        ep 180/400  tr_loss=0.4060  tr_acc=0.9930  val_loss=0.9322  val_acc=0.8254
2026-04-28 04:14:08,027  INFO        ep 185/400  tr_loss=0.4115  tr_acc=0.9922  val_loss=0.8749  val_acc=0.8413
2026-04-28 04:14:12,334  INFO        ep 190/400  tr_loss=0.4063  tr_acc=0.9929  val_loss=0.9032  val_acc=0.8325
2026-04-28 04:14:16,643  INFO        ep 195/400  tr_loss=0.4000  tr_acc=0.9945  val_loss=0.9126  val_acc=0.8317
2026-04-28 04:14:20,956  INFO        ep 200/400  tr_loss=0.4050  tr_acc=0.9934  val_loss=0.9154  val_acc=0.8429
2026-04-28 04:14:25,271  INFO        ep 205/400  tr_loss=0.3944  tr_acc=0.9955  val_loss=0.9130  val_acc=0.8401
2026-04-28 04:14:29,586  INFO        ep 210/400  tr_loss=0.3955  tr_acc=0.9956  val_loss=0.8713  val_acc=0.8409
2026-04-28 04:14:33,898  INFO        ep 215/400  tr_loss=0.3962  tr_acc=0.9952  val_loss=0.9067  val_acc=0.8377
2026-04-28 04:14:38,229  INFO        ep 220/400  tr_loss=0.3994  tr_acc=0.9947  val_loss=0.9129  val_acc=0.8393
2026-04-28 04:14:42,538  INFO        ep 225/400  tr_loss=0.3895  tr_acc=0.9963  val_loss=0.8841  val_acc=0.8365
2026-04-28 04:14:46,848  INFO        ep 230/400  tr_loss=0.3917  tr_acc=0.9962  val_loss=0.9192  val_acc=0.8381
2026-04-28 04:14:51,161  INFO        ep 235/400  tr_loss=0.3886  tr_acc=0.9964  val_loss=0.9360  val_acc=0.8377
2026-04-28 04:14:55,476  INFO        ep 240/400  tr_loss=0.3791  tr_acc=0.9985  val_loss=0.8740  val_acc=0.8492
2026-04-28 04:14:59,791  INFO        ep 245/400  tr_loss=0.3796  tr_acc=0.9983  val_loss=0.8610  val_acc=0.8532
2026-04-28 04:15:04,104  INFO        ep 250/400  tr_loss=0.3819  tr_acc=0.9978  val_loss=0.8531  val_acc=0.8540
2026-04-28 04:15:08,418  INFO        ep 255/400  tr_loss=0.3764  tr_acc=0.9983  val_loss=0.8745  val_acc=0.8480
2026-04-28 04:15:12,733  INFO        ep 260/400  tr_loss=0.3781  tr_acc=0.9982  val_loss=0.8855  val_acc=0.8516
2026-04-28 04:15:17,058  INFO        ep 265/400  tr_loss=0.3794  tr_acc=0.9976  val_loss=0.8567  val_acc=0.8540
2026-04-28 04:15:21,371  INFO        ep 270/400  tr_loss=0.3728  tr_acc=0.9988  val_loss=0.8673  val_acc=0.8409
2026-04-28 04:15:25,680  INFO        ep 275/400  tr_loss=0.3733  tr_acc=0.9990  val_loss=0.8774  val_acc=0.8516
2026-04-28 04:15:29,988  INFO        ep 280/400  tr_loss=0.3727  tr_acc=0.9988  val_loss=0.8735  val_acc=0.8655
2026-04-28 04:15:34,293  INFO        ep 285/400  tr_loss=0.3699  tr_acc=0.9992  val_loss=0.8715  val_acc=0.8397
2026-04-28 04:15:38,599  INFO        ep 290/400  tr_loss=0.3702  tr_acc=0.9991  val_loss=0.8548  val_acc=0.8544
2026-04-28 04:15:42,907  INFO        ep 295/400  tr_loss=0.3682  tr_acc=0.9994  val_loss=0.8817  val_acc=0.8504
2026-04-28 04:15:47,217  INFO        ep 300/400  tr_loss=0.3659  tr_acc=0.9996  val_loss=0.8494  val_acc=0.8504
2026-04-28 04:15:51,527  INFO        ep 305/400  tr_loss=0.3672  tr_acc=0.9993  val_loss=0.8714  val_acc=0.8512
2026-04-28 04:15:55,839  INFO        ep 310/400  tr_loss=0.3647  tr_acc=0.9997  val_loss=0.8683  val_acc=0.8488
2026-04-28 04:16:00,151  INFO        ep 315/400  tr_loss=0.3646  tr_acc=0.9995  val_loss=0.8778  val_acc=0.8488
2026-04-28 04:16:04,475  INFO        ep 320/400  tr_loss=0.3625  tr_acc=0.9998  val_loss=0.8540  val_acc=0.8556
2026-04-28 04:16:08,787  INFO        ep 325/400  tr_loss=0.3626  tr_acc=0.9997  val_loss=0.8717  val_acc=0.8484
2026-04-28 04:16:13,112  INFO        ep 330/400  tr_loss=0.3617  tr_acc=0.9996  val_loss=0.8633  val_acc=0.8520
2026-04-28 04:16:17,425  INFO        ep 335/400  tr_loss=0.3614  tr_acc=0.9997  val_loss=0.8563  val_acc=0.8516
2026-04-28 04:16:21,737  INFO        ep 340/400  tr_loss=0.3595  tr_acc=1.0000  val_loss=0.8579  val_acc=0.8492
2026-04-28 04:16:26,059  INFO        ep 345/400  tr_loss=0.3597  tr_acc=1.0000  val_loss=0.8708  val_acc=0.8448
2026-04-28 04:16:30,371  INFO        ep 350/400  tr_loss=0.3607  tr_acc=0.9997  val_loss=0.8398  val_acc=0.8607
2026-04-28 04:16:34,687  INFO        ep 355/400  tr_loss=0.3592  tr_acc=0.9998  val_loss=0.8640  val_acc=0.8544
2026-04-28 04:16:39,004  INFO        ep 360/400  tr_loss=0.3576  tr_acc=1.0000  val_loss=0.8661  val_acc=0.8560
2026-04-28 04:16:43,320  INFO        ep 365/400  tr_loss=0.3577  tr_acc=0.9999  val_loss=0.8647  val_acc=0.8591
2026-04-28 04:16:47,641  INFO        ep 370/400  tr_loss=0.3576  tr_acc=1.0000  val_loss=0.8651  val_acc=0.8556
2026-04-28 04:16:51,958  INFO        ep 375/400  tr_loss=0.3572  tr_acc=0.9999  val_loss=0.8664  val_acc=0.8552
2026-04-28 04:16:56,273  INFO        ep 380/400  tr_loss=0.3568  tr_acc=0.9999  val_loss=0.8705  val_acc=0.8520
2026-04-28 04:17:00,587  INFO        ep 385/400  tr_loss=0.3572  tr_acc=1.0000  val_loss=0.8674  val_acc=0.8496
2026-04-28 04:17:04,902  INFO        ep 390/400  tr_loss=0.3565  tr_acc=1.0000  val_loss=0.8701  val_acc=0.8508
2026-04-28 04:17:09,217  INFO        ep 395/400  tr_loss=0.3562  tr_acc=0.9999  val_loss=0.8735  val_acc=0.8512
2026-04-28 04:17:13,528  INFO        ep 400/400  tr_loss=0.3566  tr_acc=0.9999  val_loss=0.8708  val_acc=0.8504
2026-04-28 04:17:13,529  INFO        Fold 3 done  |  best_val_acc=0.8595  |  345.3s
2026-04-28 04:17:13,529  INFO      
── Fold 5/5  (test subject = 5) ──
2026-04-28 04:17:13,706  INFO      Using SpatialNeighborLoss  (CE + L/R penalty lr_w=0.50 + neighbor penalty nb_w=0.30)
2026-04-28 04:17:14,589  INFO        ep   1/400  tr_loss=2.0209  tr_acc=0.4154  val_loss=1.6964  val_acc=0.5036
2026-04-28 04:17:18,049  INFO        ep   5/400  tr_loss=1.1824  tr_acc=0.6846  val_loss=1.3036  val_acc=0.6525
2026-04-28 04:17:22,342  INFO        ep  10/400  tr_loss=0.9318  tr_acc=0.7928  val_loss=1.0931  val_acc=0.7330
2026-04-28 04:17:26,650  INFO        ep  15/400  tr_loss=0.8152  tr_acc=0.8364  val_loss=0.9793  val_acc=0.7768
2026-04-28 04:17:30,930  INFO        ep  20/400  tr_loss=0.7601  tr_acc=0.8615  val_loss=0.9334  val_acc=0.7920
2026-04-28 04:17:35,183  INFO        ep  25/400  tr_loss=0.7081  tr_acc=0.8820  val_loss=1.0292  val_acc=0.7630
2026-04-28 04:17:39,449  INFO        ep  30/400  tr_loss=0.6538  tr_acc=0.9038  val_loss=0.9491  val_acc=0.8072
2026-04-28 04:17:43,701  INFO        ep  35/400  tr_loss=0.6385  tr_acc=0.9100  val_loss=0.9538  val_acc=0.7931
2026-04-28 04:17:47,965  INFO        ep  40/400  tr_loss=0.5984  tr_acc=0.9264  val_loss=0.8980  val_acc=0.8243
2026-04-28 04:17:52,239  INFO        ep  45/400  tr_loss=0.5758  tr_acc=0.9349  val_loss=0.8969  val_acc=0.8301
2026-04-28 04:17:56,518  INFO        ep  50/400  tr_loss=0.5528  tr_acc=0.9433  val_loss=0.9251  val_acc=0.8221
2026-04-28 04:18:00,803  INFO        ep  55/400  tr_loss=0.5353  tr_acc=0.9519  val_loss=0.9270  val_acc=0.8283
2026-04-28 04:18:05,090  INFO        ep  60/400  tr_loss=0.5367  tr_acc=0.9513  val_loss=0.9570  val_acc=0.8221
2026-04-28 04:18:09,388  INFO        ep  65/400  tr_loss=0.5186  tr_acc=0.9587  val_loss=0.9504  val_acc=0.8254
2026-04-28 04:18:13,672  INFO        ep  70/400  tr_loss=0.5082  tr_acc=0.9604  val_loss=0.9160  val_acc=0.8250
2026-04-28 04:18:17,954  INFO        ep  75/400  tr_loss=0.4997  tr_acc=0.9658  val_loss=0.8961  val_acc=0.8373
2026-04-28 04:18:22,236  INFO        ep  80/400  tr_loss=0.5033  tr_acc=0.9631  val_loss=0.8973  val_acc=0.8326
2026-04-28 04:18:26,515  INFO        ep  85/400  tr_loss=0.4847  tr_acc=0.9719  val_loss=0.9258  val_acc=0.8293
2026-04-28 04:18:30,795  INFO        ep  90/400  tr_loss=0.4986  tr_acc=0.9647  val_loss=1.0080  val_acc=0.8120
2026-04-28 04:18:35,077  INFO        ep  95/400  tr_loss=0.4803  tr_acc=0.9726  val_loss=0.9197  val_acc=0.8424
2026-04-28 04:18:39,358  INFO        ep 100/400  tr_loss=0.4800  tr_acc=0.9728  val_loss=0.9782  val_acc=0.8101
2026-04-28 04:18:43,640  INFO        ep 105/400  tr_loss=0.4689  tr_acc=0.9755  val_loss=0.9303  val_acc=0.8388
2026-04-28 04:18:47,927  INFO        ep 110/400  tr_loss=0.4751  tr_acc=0.9734  val_loss=0.9204  val_acc=0.8391
2026-04-28 04:18:52,215  INFO        ep 115/400  tr_loss=0.4628  tr_acc=0.9769  val_loss=0.9639  val_acc=0.8275
2026-04-28 04:18:56,502  INFO        ep 120/400  tr_loss=0.4553  tr_acc=0.9813  val_loss=0.9347  val_acc=0.8359
2026-04-28 04:18:58,215  INFO        Early stopping at epoch 122 (patience=60).
2026-04-28 04:18:58,216  INFO        Fold 4 done  |  best_val_acc=0.8359  |  104.5s
2026-04-28 04:18:58,216  INFO      
=== LOSO Complete ===
2026-04-28 04:18:58,216  INFO         Per-fold:  ['0.8179', '0.8318', '0.8951', '0.8595', '0.8359']
2026-04-28 04:18:58,216  INFO         Mean acc:  0.8480
2026-04-28 04:18:58,216  INFO         Results → checkpoints/epoch_sweep/ep400_custom/loso_results.txt
